== classifying IxI ==

## generating group
Elapsed time: 220.27905702590942 seconds
group order: 7200

## computing subgroups
Elapsed time: 182.89036893844604 seconds
19987 subgroups in total
14896 subgroups of them contain (-1,-1)
subgroup orders: [60, 120, 7200]
multiplicities:  [(60, 120), (120, 120), (7200, 1)]

## computing achiral extensions
Elapsed time: 1516.7975776195526 seconds
#catalog chiral:
IxI 60x  order  60
IxI 60x  order  60
IxI 60x  order 120
IxI 60x  order 120
IxI  1x  order 7200

#catalog achiral:
IxI 60x  order 120 *[1,1]
IxI 60x  order 120 *[1,1]
IxI 60x  order 120 *[1,1]
IxI 60x  order 120 *[1,-1]
IxI 60x  order 240 *[1,1]
IxI 60x  order 240 *[1,1]
IxI  1x  order 14400 *[1,1]

## check duplications chiral
# checking group fingerprint: 0|0:2 1|1/5:24 1|1/3:40 2|2/5:24 1|1/2:30
order: 120
number of groups: 60
identical test done
isomophism test done. 59 checks were performed
gr_in_cat_index1 -> gr_in_cat_index0 : conjugation by [1, 1/2*i + 0.3090169943749474?*j + 0.8090169943749474?*k]
gr_in_cat_index2 -> gr_in_cat_index0 : conjugation by [1, -0.8090169943749474?*i + 1/2*j + 0.3090169943749474?*k]
gr_in_cat_index3 -> gr_in_cat_index0 : conjugation by [1, 0.3090169943749474?*i + 0.8090169943749474?*j - 1/2*k]
gr_in_cat_index4 -> gr_in_cat_index0 : conjugation by [1 + i + j + k, 1]
gr_in_cat_index5 -> gr_in_cat_index0 : conjugation by [1, -0.8090169943749474? - 0.3090169943749474?*j - 1/2*k]
gr_in_cat_index6 -> gr_in_cat_index0 : conjugation by [1 - i - j - k, 1]
gr_in_cat_index7 -> gr_in_cat_index0 : conjugation by [1, -0.8090169943749474? + 1/2*i + 0.3090169943749474?*k]
gr_in_cat_index8 -> gr_in_cat_index0 : conjugation by [1, 0.3090169943749474?*i - 0.8090169943749474?*j + 1/2*k]
gr_in_cat_index9 -> gr_in_cat_index0 : conjugation by [1, -0.3090169943749474? - 0.8090169943749474?*i + 1/2*k]
gr_in_cat_index10 -> gr_in_cat_index0 : conjugation by [1, -1/2*i - 0.3090169943749474?*j + 0.8090169943749474?*k]
gr_in_cat_index11 -> gr_in_cat_index0 : conjugation by [1, -0.3090169943749474? - 1/2*i + 0.8090169943749474?*j]
gr_in_cat_index12 -> gr_in_cat_index0 : conjugation by [1, 0.3090169943749474? - 0.8090169943749474?*i + 1/2*k]
gr_in_cat_index13 -> gr_in_cat_index0 : conjugation by [j, 1]
gr_in_cat_index14 -> gr_in_cat_index0 : conjugation by [1, -0.3090169943749474? + 1/2*i - 0.8090169943749474?*j]
gr_in_cat_index15 -> gr_in_cat_index0 : conjugation by [1, 0.8090169943749474?*i + 1/2*j - 0.3090169943749474?*k]
gr_in_cat_index16 -> gr_in_cat_index0 : conjugation by [1, -0.8090169943749474? - 1/2*i - 0.3090169943749474?*k]
gr_in_cat_index17 -> gr_in_cat_index0 : conjugation by [1, -1/2 + 0.3090169943749474?*i + 0.8090169943749474?*k]
gr_in_cat_index18 -> gr_in_cat_index0 : conjugation by [1, -0.8090169943749474? + 0.3090169943749474?*j + 1/2*k]
gr_in_cat_index19 -> gr_in_cat_index0 : conjugation by [1, 1/2 + 0.3090169943749474?*i + 0.8090169943749474?*k]
gr_in_cat_index20 -> gr_in_cat_index0 : conjugation by [1, -1/2*i + 0.3090169943749474?*j + 0.8090169943749474?*k]
gr_in_cat_index21 -> gr_in_cat_index0 : conjugation by [1, 1/2 - 0.8090169943749474?*j + 0.3090169943749474?*k]
gr_in_cat_index22 -> gr_in_cat_index0 : conjugation by [1, -0.3090169943749474?*i + 0.8090169943749474?*j + 1/2*k]
gr_in_cat_index23 -> gr_in_cat_index0 : conjugation by [1 + i + j - k, 1]
gr_in_cat_index24 -> gr_in_cat_index0 : conjugation by [1, -1/2 - 0.8090169943749474?*j + 0.3090169943749474?*k]
gr_in_cat_index25 -> gr_in_cat_index0 : conjugation by [i, 1]
gr_in_cat_index26 -> gr_in_cat_index0 : conjugation by [1 - i - j + k, 1]
gr_in_cat_index27 -> gr_in_cat_index0 : conjugation by [1, 0.8090169943749474?*i - 1/2*j + 0.3090169943749474?*k]
gr_in_cat_index28 -> gr_in_cat_index0 : conjugation by [1, 0.3090169943749474? + 1/2*j - 0.8090169943749474?*k]
gr_in_cat_index29 -> gr_in_cat_index0 : conjugation by [1, -1/2 - 0.8090169943749474?*i + 0.3090169943749474?*j]
gr_in_cat_index30 -> gr_in_cat_index0 : conjugation by [1, -0.3090169943749474? + 1/2*j - 0.8090169943749474?*k]
gr_in_cat_index31 -> gr_in_cat_index0 : conjugation by [1 - i + j + k, 1]
gr_in_cat_index32 -> gr_in_cat_index0 : conjugation by [1, -0.8090169943749474? - 0.3090169943749474?*i - 1/2*j]
gr_in_cat_index33 -> gr_in_cat_index0 : conjugation by [1, 0.3090169943749474? - 0.8090169943749474?*i - 1/2*k]
gr_in_cat_index34 -> gr_in_cat_index0 : conjugation by [1, 0.3090169943749474? + 0.8090169943749474?*i + 1/2*k]
gr_in_cat_index35 -> gr_in_cat_index0 : conjugation by [1, -0.8090169943749474? - 0.3090169943749474?*j + 1/2*k]
gr_in_cat_index36 -> gr_in_cat_index0 : conjugation by [1, 0.3090169943749474? - 1/2*j - 0.8090169943749474?*k]
gr_in_cat_index37 -> gr_in_cat_index0 : conjugation by [1, -0.8090169943749474? + 0.3090169943749474?*j - 1/2*k]
gr_in_cat_index38 -> gr_in_cat_index0 : conjugation by [1, -0.8090169943749474? + 0.3090169943749474?*i + 1/2*j]
gr_in_cat_index39 -> gr_in_cat_index0 : conjugation by [1, 0.3090169943749474? + 1/2*j + 0.8090169943749474?*k]
gr_in_cat_index40 -> gr_in_cat_index0 : conjugation by [1, 0.3090169943749474?*i + 0.8090169943749474?*j + 1/2*k]
gr_in_cat_index41 -> gr_in_cat_index0 : conjugation by [1, -0.8090169943749474? + 1/2*i - 0.3090169943749474?*k]
gr_in_cat_index42 -> gr_in_cat_index0 : conjugation by [1, 0.8090169943749474?*i + 1/2*j + 0.3090169943749474?*k]
gr_in_cat_index43 -> gr_in_cat_index0 : conjugation by [1, -0.8090169943749474? + 0.3090169943749474?*i - 1/2*j]
gr_in_cat_index44 -> gr_in_cat_index0 : conjugation by [1, 0.8090169943749474? + 1/2*i - 0.3090169943749474?*k]
gr_in_cat_index45 -> gr_in_cat_index0 : conjugation by [1, 1/2*i - 0.3090169943749474?*j + 0.8090169943749474?*k]
gr_in_cat_index46 -> gr_in_cat_index0 : conjugation by [1, -0.8090169943749474? - 0.3090169943749474?*i + 1/2*j]
gr_in_cat_index47 -> gr_in_cat_index0 : conjugation by [k, 1]
gr_in_cat_index48 -> gr_in_cat_index0 : conjugation by [1, 1/2 + 0.8090169943749474?*j + 0.3090169943749474?*k]
gr_in_cat_index49 -> gr_in_cat_index0 : conjugation by [1, -1/2 + 0.8090169943749474?*i + 0.3090169943749474?*j]
gr_in_cat_index50 -> gr_in_cat_index0 : conjugation by [1, 1/2 - 0.8090169943749474?*j - 0.3090169943749474?*k]
gr_in_cat_index51 -> gr_in_cat_index0 : conjugation by [1, 1/2 - 0.3090169943749474?*i + 0.8090169943749474?*k]
gr_in_cat_index52 -> gr_in_cat_index0 : conjugation by [1, 0.3090169943749474? - 1/2*i - 0.8090169943749474?*j]
gr_in_cat_index53 -> gr_in_cat_index0 : conjugation by [1 + i - j - k, 1]
gr_in_cat_index54 -> gr_in_cat_index0 : conjugation by [1, 0.3090169943749474? + 1/2*i + 0.8090169943749474?*j]
gr_in_cat_index55 -> gr_in_cat_index0 : conjugation by [1, 1/2 - 0.8090169943749474?*i + 0.3090169943749474?*j]
gr_in_cat_index56 -> gr_in_cat_index0 : conjugation by [1, 1/2 + 0.8090169943749474?*i + 0.3090169943749474?*j]
gr_in_cat_index57 -> gr_in_cat_index0 : conjugation by [1 + i - j + k, 1]
gr_in_cat_index58 -> gr_in_cat_index0 : conjugation by [1, 1/2 + 0.3090169943749474?*i - 0.8090169943749474?*k]
gr_in_cat_index59 -> gr_in_cat_index0 : conjugation by [1 - i + j - k, 1]
conjugacy test done. 59 checks were performed
# checking group fingerprint: 0|0:2 1|3/5:24 1|1/3:40 2|4/5:24 1|1/2:30
order: 120
number of groups: 60
identical test done
isomophism test done. 59 checks were performed
gr_in_cat_index1 -> gr_in_cat_index0 : conjugation by [i, 1 + i + j - k]
gr_in_cat_index2 -> gr_in_cat_index0 : conjugation by [1, -0.8090169943749474?*i + 1/2*j + 0.3090169943749474?*k]
gr_in_cat_index3 -> gr_in_cat_index0 : conjugation by [j, 1 + i - j - k]
gr_in_cat_index4 -> gr_in_cat_index0 : conjugation by [1 + i - j - k, 1]
gr_in_cat_index5 -> gr_in_cat_index0 : conjugation by [i, 1 + i - j - k]
gr_in_cat_index6 -> gr_in_cat_index0 : conjugation by [i, j]
gr_in_cat_index7 -> gr_in_cat_index0 : conjugation by [1 - i + j + k, 1]
gr_in_cat_index8 -> gr_in_cat_index0 : conjugation by [j, j]
gr_in_cat_index9 -> gr_in_cat_index0 : conjugation by [1, -0.3090169943749474?*i + 0.8090169943749474?*j - 1/2*k]
gr_in_cat_index10 -> gr_in_cat_index0 : conjugation by [1, -1/2*i - 0.3090169943749474?*j + 0.8090169943749474?*k]
gr_in_cat_index11 -> gr_in_cat_index0 : conjugation by [j, 1 + i + j - k]
gr_in_cat_index12 -> gr_in_cat_index0 : conjugation by [1, j]
gr_in_cat_index13 -> gr_in_cat_index0 : conjugation by [i, 1 + i - j + k]
gr_in_cat_index14 -> gr_in_cat_index0 : conjugation by [k, k]
gr_in_cat_index15 -> gr_in_cat_index0 : conjugation by [k, 1]
gr_in_cat_index16 -> gr_in_cat_index0 : conjugation by [1, -1/2 + 0.3090169943749474?*i + 0.8090169943749474?*k]
gr_in_cat_index17 -> gr_in_cat_index0 : conjugation by [j, 1 - i + j - k]
gr_in_cat_index18 -> gr_in_cat_index0 : conjugation by [k, i]
gr_in_cat_index19 -> gr_in_cat_index0 : conjugation by [k, j]
gr_in_cat_index20 -> gr_in_cat_index0 : conjugation by [k, 1 - i + j - k]
gr_in_cat_index21 -> gr_in_cat_index0 : conjugation by [1 + i + j - k, 1]
gr_in_cat_index22 -> gr_in_cat_index0 : conjugation by [i, 1]
gr_in_cat_index23 -> gr_in_cat_index0 : conjugation by [1, 1 - i - j + k]
gr_in_cat_index24 -> gr_in_cat_index0 : conjugation by [1 - i - j + k, 1]
gr_in_cat_index25 -> gr_in_cat_index0 : conjugation by [1, i]
gr_in_cat_index26 -> gr_in_cat_index0 : conjugation by [1, 1 + i + j - k]
gr_in_cat_index27 -> gr_in_cat_index0 : conjugation by [i, 1 - i - j + k]
gr_in_cat_index28 -> gr_in_cat_index0 : conjugation by [k, 1 - i + j + k]
gr_in_cat_index29 -> gr_in_cat_index0 : conjugation by [1 + i + j + k, 1]
gr_in_cat_index30 -> gr_in_cat_index0 : conjugation by [1, 1 + i - j - k]
gr_in_cat_index31 -> gr_in_cat_index0 : conjugation by [i, i]
gr_in_cat_index32 -> gr_in_cat_index0 : conjugation by [k, 1 + i - j - k]
gr_in_cat_index33 -> gr_in_cat_index0 : conjugation by [k, 1 - i - j + k]
gr_in_cat_index34 -> gr_in_cat_index0 : conjugation by [1, 0.3090169943749474? + 0.8090169943749474?*i + 1/2*k]
gr_in_cat_index35 -> gr_in_cat_index0 : conjugation by [j, 1 + i - j + k]
gr_in_cat_index36 -> gr_in_cat_index0 : conjugation by [1, 0.8090169943749474? - 0.3090169943749474?*j + 1/2*k]
gr_in_cat_index37 -> gr_in_cat_index0 : conjugation by [j, 1 - i - j + k]
gr_in_cat_index38 -> gr_in_cat_index0 : conjugation by [j, k]
gr_in_cat_index39 -> gr_in_cat_index0 : conjugation by [1, 0.3090169943749474? + 1/2*j + 0.8090169943749474?*k]
gr_in_cat_index40 -> gr_in_cat_index0 : conjugation by [k, 1 + i - j + k]
gr_in_cat_index41 -> gr_in_cat_index0 : conjugation by [k, 1 + i + j - k]
gr_in_cat_index42 -> gr_in_cat_index0 : conjugation by [1, 0.8090169943749474? - 0.3090169943749474?*i + 1/2*j]
gr_in_cat_index43 -> gr_in_cat_index0 : conjugation by [j, 1 - i + j + k]
gr_in_cat_index44 -> gr_in_cat_index0 : conjugation by [1, -0.8090169943749474? - 1/2*i + 0.3090169943749474?*k]
gr_in_cat_index45 -> gr_in_cat_index0 : conjugation by [j, 1]
gr_in_cat_index46 -> gr_in_cat_index0 : conjugation by [1, k]
gr_in_cat_index47 -> gr_in_cat_index0 : conjugation by [i, 1 - i + j + k]
gr_in_cat_index48 -> gr_in_cat_index0 : conjugation by [1, 1/2 - 0.8090169943749474?*i - 0.3090169943749474?*j]
gr_in_cat_index49 -> gr_in_cat_index0 : conjugation by [j, i]
gr_in_cat_index50 -> gr_in_cat_index0 : conjugation by [1, -1/2 + 0.8090169943749474?*j + 0.3090169943749474?*k]
gr_in_cat_index51 -> gr_in_cat_index0 : conjugation by [1 - i + j - k, 1]
gr_in_cat_index52 -> gr_in_cat_index0 : conjugation by [1, 1 - i + j + k]
gr_in_cat_index53 -> gr_in_cat_index0 : conjugation by [i, 1 - i + j - k]
gr_in_cat_index54 -> gr_in_cat_index0 : conjugation by [1, -0.3090169943749474? - 1/2*i - 0.8090169943749474?*j]
gr_in_cat_index55 -> gr_in_cat_index0 : conjugation by [1 - i - j - k, 1]
gr_in_cat_index56 -> gr_in_cat_index0 : conjugation by [1, 1 - i + j - k]
gr_in_cat_index57 -> gr_in_cat_index0 : conjugation by [i, k]
gr_in_cat_index58 -> gr_in_cat_index0 : conjugation by [1 + i - j + k, 1]
gr_in_cat_index59 -> gr_in_cat_index0 : conjugation by [1, 1 + i - j + k]
conjugacy test done. 59 checks were performed
# checking group fingerprint: 0|0:2 0|1:2 1|2/5:24 1|3/5:24 1|1/3:40 1|2/3:40 2|4/5:24 1|1/2:60 3|4/5:24
order: 240
number of groups: 60
identical test done
isomophism test done. 59 checks were performed
gr_in_cat_index1 -> gr_in_cat_index0 : conjugation by [i, 1 + i + j - k]
gr_in_cat_index2 -> gr_in_cat_index0 : conjugation by [1, 0.8090169943749474?*i - 1/2*j - 0.3090169943749474?*k]
gr_in_cat_index3 -> gr_in_cat_index0 : conjugation by [j, 1 + i - j - k]
gr_in_cat_index4 -> gr_in_cat_index0 : conjugation by [1 + i - j - k, 1]
gr_in_cat_index5 -> gr_in_cat_index0 : conjugation by [j, j]
gr_in_cat_index6 -> gr_in_cat_index0 : conjugation by [1, 0.3090169943749474?*i - 0.8090169943749474?*j + 1/2*k]
gr_in_cat_index7 -> gr_in_cat_index0 : conjugation by [i, 1 + i - j - k]
gr_in_cat_index8 -> gr_in_cat_index0 : conjugation by [i, j]
gr_in_cat_index9 -> gr_in_cat_index0 : conjugation by [1, 1/2*i + 0.3090169943749474?*j - 0.8090169943749474?*k]
gr_in_cat_index10 -> gr_in_cat_index0 : conjugation by [j, 1 + i + j - k]
gr_in_cat_index11 -> gr_in_cat_index0 : conjugation by [1 - i + j + k, 1]
gr_in_cat_index12 -> gr_in_cat_index0 : conjugation by [1, j]
gr_in_cat_index13 -> gr_in_cat_index0 : conjugation by [j, 1 - i + j - k]
gr_in_cat_index14 -> gr_in_cat_index0 : conjugation by [1, -1/2 + 0.3090169943749474?*i + 0.8090169943749474?*k]
gr_in_cat_index15 -> gr_in_cat_index0 : conjugation by [i, 1 + i - j + k]
gr_in_cat_index16 -> gr_in_cat_index0 : conjugation by [k, k]
gr_in_cat_index17 -> gr_in_cat_index0 : conjugation by [k, j]
gr_in_cat_index18 -> gr_in_cat_index0 : conjugation by [k, i]
gr_in_cat_index19 -> gr_in_cat_index0 : conjugation by [k, 1]
gr_in_cat_index20 -> gr_in_cat_index0 : conjugation by [k, 1 - i + j - k]
gr_in_cat_index21 -> gr_in_cat_index0 : conjugation by [k, 1 + i - j - k]
gr_in_cat_index22 -> gr_in_cat_index0 : conjugation by [1 + i + j - k, 1]
gr_in_cat_index23 -> gr_in_cat_index0 : conjugation by [k, 1 - i - j + k]
gr_in_cat_index24 -> gr_in_cat_index0 : conjugation by [i, 1]
gr_in_cat_index25 -> gr_in_cat_index0 : conjugation by [1, 0.3090169943749474? + 0.8090169943749474?*i + 1/2*k]
gr_in_cat_index26 -> gr_in_cat_index0 : conjugation by [j, 1 + i - j + k]
gr_in_cat_index27 -> gr_in_cat_index0 : conjugation by [1, 1 - i - j + k]
gr_in_cat_index28 -> gr_in_cat_index0 : conjugation by [1 - i - j + k, 1]
gr_in_cat_index29 -> gr_in_cat_index0 : conjugation by [1, -0.8090169943749474? + 0.3090169943749474?*j - 1/2*k]
gr_in_cat_index30 -> gr_in_cat_index0 : conjugation by [j, 1 - i - j + k]
gr_in_cat_index31 -> gr_in_cat_index0 : conjugation by [1, i]
gr_in_cat_index32 -> gr_in_cat_index0 : conjugation by [1, 1 + i + j - k]
gr_in_cat_index33 -> gr_in_cat_index0 : conjugation by [j, k]
gr_in_cat_index34 -> gr_in_cat_index0 : conjugation by [i, 1 - i - j + k]
gr_in_cat_index35 -> gr_in_cat_index0 : conjugation by [1, 0.3090169943749474? + 1/2*j + 0.8090169943749474?*k]
gr_in_cat_index36 -> gr_in_cat_index0 : conjugation by [k, 1 - i + j + k]
gr_in_cat_index37 -> gr_in_cat_index0 : conjugation by [k, 1 + i + j - k]
gr_in_cat_index38 -> gr_in_cat_index0 : conjugation by [1 + i + j + k, 1]
gr_in_cat_index39 -> gr_in_cat_index0 : conjugation by [k, 1 + i - j + k]
gr_in_cat_index40 -> gr_in_cat_index0 : conjugation by [1, 1 + i - j - k]
gr_in_cat_index41 -> gr_in_cat_index0 : conjugation by [i, i]
gr_in_cat_index42 -> gr_in_cat_index0 : conjugation by [j, 1 - i + j + k]
gr_in_cat_index43 -> gr_in_cat_index0 : conjugation by [1, -0.8090169943749474? + 0.3090169943749474?*i - 1/2*j]
gr_in_cat_index44 -> gr_in_cat_index0 : conjugation by [j, 1]
gr_in_cat_index45 -> gr_in_cat_index0 : conjugation by [i, 1 - i + j - k]
gr_in_cat_index46 -> gr_in_cat_index0 : conjugation by [1, 1 - i + j + k]
gr_in_cat_index47 -> gr_in_cat_index0 : conjugation by [1, 0.8090169943749474? + 1/2*i - 0.3090169943749474?*k]
gr_in_cat_index48 -> gr_in_cat_index0 : conjugation by [1 - i - j - k, 1]
gr_in_cat_index49 -> gr_in_cat_index0 : conjugation by [i, 1 - i + j + k]
gr_in_cat_index50 -> gr_in_cat_index0 : conjugation by [1, -0.3090169943749474? - 1/2*i - 0.8090169943749474?*j]
gr_in_cat_index51 -> gr_in_cat_index0 : conjugation by [1, k]
gr_in_cat_index52 -> gr_in_cat_index0 : conjugation by [1 + i - j + k, 1]
gr_in_cat_index53 -> gr_in_cat_index0 : conjugation by [1, 1/2 - 0.8090169943749474?*i - 0.3090169943749474?*j]
gr_in_cat_index54 -> gr_in_cat_index0 : conjugation by [j, i]
gr_in_cat_index55 -> gr_in_cat_index0 : conjugation by [1, 1 + i - j + k]
gr_in_cat_index56 -> gr_in_cat_index0 : conjugation by [1, 1 - i + j - k]
gr_in_cat_index57 -> gr_in_cat_index0 : conjugation by [1, -1/2 + 0.8090169943749474?*j + 0.3090169943749474?*k]
gr_in_cat_index58 -> gr_in_cat_index0 : conjugation by [1 - i + j - k, 1]
gr_in_cat_index59 -> gr_in_cat_index0 : conjugation by [i, k]
conjugacy test done. 59 checks were performed
# checking group fingerprint: 0|0:2 0|1:2 1|1/5:24 1|4/5:24 1|1/3:40 1|2/3:40 2|2/5:24 2|3/5:24 1|1/2:60
order: 240
number of groups: 60
identical test done
isomophism test done. 59 checks were performed
gr_in_cat_index1 -> gr_in_cat_index0 : conjugation by [1, -0.8090169943749474?*i + 1/2*j + 0.3090169943749474?*k]
gr_in_cat_index2 -> gr_in_cat_index0 : conjugation by [1, 1/2*i + 0.3090169943749474?*j + 0.8090169943749474?*k]
gr_in_cat_index3 -> gr_in_cat_index0 : conjugation by [1, 0.3090169943749474?*i + 0.8090169943749474?*j - 1/2*k]
gr_in_cat_index4 -> gr_in_cat_index0 : conjugation by [1 + i + j + k, 1]
gr_in_cat_index5 -> gr_in_cat_index0 : conjugation by [1, 0.3090169943749474?*i - 0.8090169943749474?*j + 1/2*k]
gr_in_cat_index6 -> gr_in_cat_index0 : conjugation by [1, -0.8090169943749474? - 0.3090169943749474?*j - 1/2*k]
gr_in_cat_index7 -> gr_in_cat_index0 : conjugation by [1, -0.3090169943749474? - 0.8090169943749474?*i + 1/2*k]
gr_in_cat_index8 -> gr_in_cat_index0 : conjugation by [1 - i - j - k, 1]
gr_in_cat_index9 -> gr_in_cat_index0 : conjugation by [1, -1/2*i - 0.3090169943749474?*j + 0.8090169943749474?*k]
gr_in_cat_index10 -> gr_in_cat_index0 : conjugation by [1, -0.8090169943749474? + 1/2*i + 0.3090169943749474?*k]
gr_in_cat_index11 -> gr_in_cat_index0 : conjugation by [1, -0.3090169943749474? - 1/2*i + 0.8090169943749474?*j]
gr_in_cat_index12 -> gr_in_cat_index0 : conjugation by [1, -0.8090169943749474? - 1/2*i - 0.3090169943749474?*k]
gr_in_cat_index13 -> gr_in_cat_index0 : conjugation by [1, 0.3090169943749474? - 0.8090169943749474?*i + 1/2*k]
gr_in_cat_index14 -> gr_in_cat_index0 : conjugation by [j, 1]
gr_in_cat_index15 -> gr_in_cat_index0 : conjugation by [1, -1/2 + 0.3090169943749474?*i + 0.8090169943749474?*k]
gr_in_cat_index16 -> gr_in_cat_index0 : conjugation by [1, -0.8090169943749474? + 0.3090169943749474?*j + 1/2*k]
gr_in_cat_index17 -> gr_in_cat_index0 : conjugation by [1, -0.3090169943749474? + 1/2*i - 0.8090169943749474?*j]
gr_in_cat_index18 -> gr_in_cat_index0 : conjugation by [1, 0.8090169943749474?*i + 1/2*j - 0.3090169943749474?*k]
gr_in_cat_index19 -> gr_in_cat_index0 : conjugation by [1, 1/2 + 0.3090169943749474?*i + 0.8090169943749474?*k]
gr_in_cat_index20 -> gr_in_cat_index0 : conjugation by [1, -0.8090169943749474? - 0.3090169943749474?*i - 1/2*j]
gr_in_cat_index21 -> gr_in_cat_index0 : conjugation by [1, -1/2*i + 0.3090169943749474?*j + 0.8090169943749474?*k]
gr_in_cat_index22 -> gr_in_cat_index0 : conjugation by [1, 1/2 - 0.8090169943749474?*j + 0.3090169943749474?*k]
gr_in_cat_index23 -> gr_in_cat_index0 : conjugation by [1, 0.3090169943749474? - 0.8090169943749474?*i - 1/2*k]
gr_in_cat_index24 -> gr_in_cat_index0 : conjugation by [1, -0.3090169943749474?*i + 0.8090169943749474?*j + 1/2*k]
gr_in_cat_index25 -> gr_in_cat_index0 : conjugation by [1 + i + j - k, 1]
gr_in_cat_index26 -> gr_in_cat_index0 : conjugation by [1, 0.3090169943749474? + 0.8090169943749474?*i + 1/2*k]
gr_in_cat_index27 -> gr_in_cat_index0 : conjugation by [1, -0.8090169943749474? - 0.3090169943749474?*j + 1/2*k]
gr_in_cat_index28 -> gr_in_cat_index0 : conjugation by [1, -1/2 - 0.8090169943749474?*j + 0.3090169943749474?*k]
gr_in_cat_index29 -> gr_in_cat_index0 : conjugation by [i, 1]
gr_in_cat_index30 -> gr_in_cat_index0 : conjugation by [1, 0.3090169943749474? - 1/2*j - 0.8090169943749474?*k]
gr_in_cat_index31 -> gr_in_cat_index0 : conjugation by [1, -0.8090169943749474? + 0.3090169943749474?*j - 1/2*k]
gr_in_cat_index32 -> gr_in_cat_index0 : conjugation by [1, -0.8090169943749474? + 0.3090169943749474?*i + 1/2*j]
gr_in_cat_index33 -> gr_in_cat_index0 : conjugation by [1 - i - j + k, 1]
gr_in_cat_index34 -> gr_in_cat_index0 : conjugation by [1, 0.8090169943749474?*i - 1/2*j + 0.3090169943749474?*k]
gr_in_cat_index35 -> gr_in_cat_index0 : conjugation by [1, 0.3090169943749474? + 1/2*j + 0.8090169943749474?*k]
gr_in_cat_index36 -> gr_in_cat_index0 : conjugation by [1, 0.3090169943749474?*i + 0.8090169943749474?*j + 1/2*k]
gr_in_cat_index37 -> gr_in_cat_index0 : conjugation by [1, 0.3090169943749474? + 1/2*j - 0.8090169943749474?*k]
gr_in_cat_index38 -> gr_in_cat_index0 : conjugation by [1, -0.8090169943749474? + 1/2*i - 0.3090169943749474?*k]
gr_in_cat_index39 -> gr_in_cat_index0 : conjugation by [1, -1/2 - 0.8090169943749474?*i + 0.3090169943749474?*j]
gr_in_cat_index40 -> gr_in_cat_index0 : conjugation by [1, 0.8090169943749474?*i + 1/2*j + 0.3090169943749474?*k]
gr_in_cat_index41 -> gr_in_cat_index0 : conjugation by [1, -0.3090169943749474? + 1/2*j - 0.8090169943749474?*k]
gr_in_cat_index42 -> gr_in_cat_index0 : conjugation by [1, -0.8090169943749474? + 0.3090169943749474?*i - 1/2*j]
gr_in_cat_index43 -> gr_in_cat_index0 : conjugation by [1 - i + j + k, 1]
gr_in_cat_index44 -> gr_in_cat_index0 : conjugation by [1 + i - j - k, 1]
gr_in_cat_index45 -> gr_in_cat_index0 : conjugation by [1, 0.8090169943749474? + 1/2*i - 0.3090169943749474?*k]
gr_in_cat_index46 -> gr_in_cat_index0 : conjugation by [1, 0.3090169943749474? - 1/2*i - 0.8090169943749474?*j]
gr_in_cat_index47 -> gr_in_cat_index0 : conjugation by [1, 1/2*i - 0.3090169943749474?*j + 0.8090169943749474?*k]
gr_in_cat_index48 -> gr_in_cat_index0 : conjugation by [1, 1/2 - 0.8090169943749474?*i + 0.3090169943749474?*j]
gr_in_cat_index49 -> gr_in_cat_index0 : conjugation by [1, -0.8090169943749474? - 0.3090169943749474?*i + 1/2*j]
gr_in_cat_index50 -> gr_in_cat_index0 : conjugation by [1, 0.3090169943749474? + 1/2*i + 0.8090169943749474?*j]
gr_in_cat_index51 -> gr_in_cat_index0 : conjugation by [k, 1]
gr_in_cat_index52 -> gr_in_cat_index0 : conjugation by [1, 1/2 + 0.8090169943749474?*j + 0.3090169943749474?*k]
gr_in_cat_index53 -> gr_in_cat_index0 : conjugation by [1, -1/2 + 0.8090169943749474?*i + 0.3090169943749474?*j]
gr_in_cat_index54 -> gr_in_cat_index0 : conjugation by [1, 1/2 + 0.3090169943749474?*i - 0.8090169943749474?*k]
gr_in_cat_index55 -> gr_in_cat_index0 : conjugation by [1 - i + j - k, 1]
gr_in_cat_index56 -> gr_in_cat_index0 : conjugation by [1, 1/2 - 0.3090169943749474?*i + 0.8090169943749474?*k]
gr_in_cat_index57 -> gr_in_cat_index0 : conjugation by [1 + i - j + k, 1]
gr_in_cat_index58 -> gr_in_cat_index0 : conjugation by [1, 1/2 - 0.8090169943749474?*j - 0.3090169943749474?*k]
gr_in_cat_index59 -> gr_in_cat_index0 : conjugation by [1, 1/2 + 0.8090169943749474?*i + 0.3090169943749474?*j]
conjugacy test done. 59 checks were performed
duplication check finished. 240 checks were performed.
Elapsed time: 91067.14850735664 seconds

## conjugations found for all the chiral groups

## check duplications achiral
# checking group fingerprint: 0|0:2 1|1/5:24 1|1/3:40 2|2/5:24 1|1/2:30 *0:30 *1/5:24 *1/3:40 *3/5:24 *1:2
order: 240
number of groups: 60
identical test done
isomophism test done. 59 checks were performed
gr_in_cat_index1 -> gr_in_cat_index0 : conjugation by [1, 1/2*i + 0.3090169943749474?*j + 0.8090169943749474?*k]
gr_in_cat_index2 -> gr_in_cat_index0 : conjugation by [1, -0.8090169943749474?*i + 1/2*j + 0.3090169943749474?*k]
gr_in_cat_index3 -> gr_in_cat_index0 : conjugation by [1, -0.3090169943749474?*i - 0.8090169943749474?*j + 1/2*k]
gr_in_cat_index4 -> gr_in_cat_index0 : conjugation by [1 + i + j + k, 1]
gr_in_cat_index5 -> gr_in_cat_index0 : conjugation by [1, -0.8090169943749474? - 0.3090169943749474?*j - 1/2*k]
gr_in_cat_index6 -> gr_in_cat_index0 : conjugation by [1 - i - j - k, 1]
gr_in_cat_index7 -> gr_in_cat_index0 : conjugation by [1, -0.8090169943749474? + 1/2*i + 0.3090169943749474?*k]
gr_in_cat_index8 -> gr_in_cat_index0 : conjugation by [1, 0.3090169943749474?*i - 0.8090169943749474?*j + 1/2*k]
gr_in_cat_index9 -> gr_in_cat_index0 : conjugation by [1, -0.3090169943749474? - 0.8090169943749474?*i + 1/2*k]
gr_in_cat_index10 -> gr_in_cat_index0 : conjugation by [1, -1/2*i - 0.3090169943749474?*j + 0.8090169943749474?*k]
gr_in_cat_index11 -> gr_in_cat_index0 : conjugation by [1, -0.3090169943749474? - 1/2*i + 0.8090169943749474?*j]
gr_in_cat_index12 -> gr_in_cat_index0 : conjugation by [1, 0.3090169943749474? - 0.8090169943749474?*i + 1/2*k]
gr_in_cat_index13 -> gr_in_cat_index0 : conjugation by [j, 1]
gr_in_cat_index14 -> gr_in_cat_index0 : conjugation by [1, -0.3090169943749474? + 1/2*i - 0.8090169943749474?*j]
gr_in_cat_index15 -> gr_in_cat_index0 : conjugation by [1, 0.8090169943749474?*i + 1/2*j - 0.3090169943749474?*k]
gr_in_cat_index16 -> gr_in_cat_index0 : conjugation by [1, -0.8090169943749474? - 1/2*i - 0.3090169943749474?*k]
gr_in_cat_index17 -> gr_in_cat_index0 : conjugation by [1, 1/2 - 0.3090169943749474?*i - 0.8090169943749474?*k]
gr_in_cat_index18 -> gr_in_cat_index0 : conjugation by [1, -0.8090169943749474? + 0.3090169943749474?*j + 1/2*k]
gr_in_cat_index19 -> gr_in_cat_index0 : conjugation by [1, 1/2 + 0.3090169943749474?*i + 0.8090169943749474?*k]
gr_in_cat_index20 -> gr_in_cat_index0 : conjugation by [1, 1/2*i - 0.3090169943749474?*j - 0.8090169943749474?*k]
gr_in_cat_index21 -> gr_in_cat_index0 : conjugation by [1, 1/2 - 0.8090169943749474?*j + 0.3090169943749474?*k]
gr_in_cat_index22 -> gr_in_cat_index0 : conjugation by [1, 0.3090169943749474?*i - 0.8090169943749474?*j - 1/2*k]
gr_in_cat_index23 -> gr_in_cat_index0 : conjugation by [1 + i + j - k, 1]
gr_in_cat_index24 -> gr_in_cat_index0 : conjugation by [1, 1/2 + 0.8090169943749474?*j - 0.3090169943749474?*k]
gr_in_cat_index25 -> gr_in_cat_index0 : conjugation by [i, 1]
gr_in_cat_index26 -> gr_in_cat_index0 : conjugation by [1 - i - j + k, 1]
gr_in_cat_index27 -> gr_in_cat_index0 : conjugation by [1, -0.8090169943749474?*i + 1/2*j - 0.3090169943749474?*k]
gr_in_cat_index28 -> gr_in_cat_index0 : conjugation by [1, 0.3090169943749474? + 1/2*j - 0.8090169943749474?*k]
gr_in_cat_index29 -> gr_in_cat_index0 : conjugation by [1, 1/2 + 0.8090169943749474?*i - 0.3090169943749474?*j]
gr_in_cat_index30 -> gr_in_cat_index0 : conjugation by [1, -0.3090169943749474? + 1/2*j - 0.8090169943749474?*k]
gr_in_cat_index31 -> gr_in_cat_index0 : conjugation by [1 - i + j + k, 1]
gr_in_cat_index32 -> gr_in_cat_index0 : conjugation by [1, -0.8090169943749474? - 0.3090169943749474?*i - 1/2*j]
gr_in_cat_index33 -> gr_in_cat_index0 : conjugation by [1, 0.3090169943749474? - 0.8090169943749474?*i - 1/2*k]
gr_in_cat_index34 -> gr_in_cat_index0 : conjugation by [1, 0.3090169943749474? + 0.8090169943749474?*i + 1/2*k]
gr_in_cat_index35 -> gr_in_cat_index0 : conjugation by [1, -0.8090169943749474? - 0.3090169943749474?*j + 1/2*k]
gr_in_cat_index36 -> gr_in_cat_index0 : conjugation by [1, 0.3090169943749474? - 1/2*j - 0.8090169943749474?*k]
gr_in_cat_index37 -> gr_in_cat_index0 : conjugation by [1, -0.8090169943749474? + 0.3090169943749474?*j - 1/2*k]
gr_in_cat_index38 -> gr_in_cat_index0 : conjugation by [1, -0.8090169943749474? + 0.3090169943749474?*i + 1/2*j]
gr_in_cat_index39 -> gr_in_cat_index0 : conjugation by [1, 0.3090169943749474? + 1/2*j + 0.8090169943749474?*k]
gr_in_cat_index40 -> gr_in_cat_index0 : conjugation by [1, 0.3090169943749474?*i + 0.8090169943749474?*j + 1/2*k]
gr_in_cat_index41 -> gr_in_cat_index0 : conjugation by [1, -0.8090169943749474? + 1/2*i - 0.3090169943749474?*k]
gr_in_cat_index42 -> gr_in_cat_index0 : conjugation by [1, 0.8090169943749474?*i + 1/2*j + 0.3090169943749474?*k]
gr_in_cat_index43 -> gr_in_cat_index0 : conjugation by [1, -0.8090169943749474? + 0.3090169943749474?*i - 1/2*j]
gr_in_cat_index44 -> gr_in_cat_index0 : conjugation by [1, -0.8090169943749474? - 1/2*i + 0.3090169943749474?*k]
gr_in_cat_index45 -> gr_in_cat_index0 : conjugation by [1, 1/2*i - 0.3090169943749474?*j + 0.8090169943749474?*k]
gr_in_cat_index46 -> gr_in_cat_index0 : conjugation by [1, -0.8090169943749474? - 0.3090169943749474?*i + 1/2*j]
gr_in_cat_index47 -> gr_in_cat_index0 : conjugation by [k, 1]
gr_in_cat_index48 -> gr_in_cat_index0 : conjugation by [1, 1/2 + 0.8090169943749474?*j + 0.3090169943749474?*k]
gr_in_cat_index49 -> gr_in_cat_index0 : conjugation by [1, 1/2 - 0.8090169943749474?*i - 0.3090169943749474?*j]
gr_in_cat_index50 -> gr_in_cat_index0 : conjugation by [1, 1/2 - 0.8090169943749474?*j - 0.3090169943749474?*k]
gr_in_cat_index51 -> gr_in_cat_index0 : conjugation by [1, 1/2 - 0.3090169943749474?*i + 0.8090169943749474?*k]
gr_in_cat_index52 -> gr_in_cat_index0 : conjugation by [1, 0.3090169943749474? - 1/2*i - 0.8090169943749474?*j]
gr_in_cat_index53 -> gr_in_cat_index0 : conjugation by [1 + i - j - k, 1]
gr_in_cat_index54 -> gr_in_cat_index0 : conjugation by [1, 0.3090169943749474? + 1/2*i + 0.8090169943749474?*j]
gr_in_cat_index55 -> gr_in_cat_index0 : conjugation by [1, 1/2 - 0.8090169943749474?*i + 0.3090169943749474?*j]
gr_in_cat_index56 -> gr_in_cat_index0 : conjugation by [1, 1/2 + 0.8090169943749474?*i + 0.3090169943749474?*j]
gr_in_cat_index57 -> gr_in_cat_index0 : conjugation by [1 + i - j + k, 1]
gr_in_cat_index58 -> gr_in_cat_index0 : conjugation by [1, 1/2 + 0.3090169943749474?*i - 0.8090169943749474?*k]
gr_in_cat_index59 -> gr_in_cat_index0 : conjugation by [1 - i + j - k, 1]
conjugacy test done. 59 checks were performed
# checking group fingerprint: 0|0:2 1|1/5:24 1|1/3:40 2|2/5:24 1|1/2:30 *0:2 *2/5:24 *2/3:40 *4/5:24 *1:30
order: 240
number of groups: 60
identical test done
isomophism test done. 59 checks were performed
gr_in_cat_index1 -> gr_in_cat_index0 : conjugation by [1, 1/2*i + 0.3090169943749474?*j + 0.8090169943749474?*k]
gr_in_cat_index2 -> gr_in_cat_index0 : conjugation by [1, -0.8090169943749474?*i + 1/2*j + 0.3090169943749474?*k]
gr_in_cat_index3 -> gr_in_cat_index0 : conjugation by [1, -0.3090169943749474?*i - 0.8090169943749474?*j + 1/2*k]
gr_in_cat_index4 -> gr_in_cat_index0 : conjugation by [1 + i + j + k, 1]
gr_in_cat_index5 -> gr_in_cat_index0 : conjugation by [1, -0.8090169943749474? - 0.3090169943749474?*j - 1/2*k]
gr_in_cat_index6 -> gr_in_cat_index0 : conjugation by [1 - i - j - k, 1]
gr_in_cat_index7 -> gr_in_cat_index0 : conjugation by [1, -0.8090169943749474? + 1/2*i + 0.3090169943749474?*k]
gr_in_cat_index8 -> gr_in_cat_index0 : conjugation by [1, 0.3090169943749474?*i - 0.8090169943749474?*j + 1/2*k]
gr_in_cat_index9 -> gr_in_cat_index0 : conjugation by [1, -0.3090169943749474? - 0.8090169943749474?*i + 1/2*k]
gr_in_cat_index10 -> gr_in_cat_index0 : conjugation by [1, -1/2*i - 0.3090169943749474?*j + 0.8090169943749474?*k]
gr_in_cat_index11 -> gr_in_cat_index0 : conjugation by [1, -0.3090169943749474? - 1/2*i + 0.8090169943749474?*j]
gr_in_cat_index12 -> gr_in_cat_index0 : conjugation by [1, 0.3090169943749474? - 0.8090169943749474?*i + 1/2*k]
gr_in_cat_index13 -> gr_in_cat_index0 : conjugation by [j, 1]
gr_in_cat_index14 -> gr_in_cat_index0 : conjugation by [1, -0.3090169943749474? + 1/2*i - 0.8090169943749474?*j]
gr_in_cat_index15 -> gr_in_cat_index0 : conjugation by [1, 0.8090169943749474?*i + 1/2*j - 0.3090169943749474?*k]
gr_in_cat_index16 -> gr_in_cat_index0 : conjugation by [1, -0.8090169943749474? - 1/2*i - 0.3090169943749474?*k]
gr_in_cat_index17 -> gr_in_cat_index0 : conjugation by [1, -1/2 + 0.3090169943749474?*i + 0.8090169943749474?*k]
gr_in_cat_index18 -> gr_in_cat_index0 : conjugation by [1, -0.8090169943749474? + 0.3090169943749474?*j + 1/2*k]
gr_in_cat_index19 -> gr_in_cat_index0 : conjugation by [1, -1/2 - 0.3090169943749474?*i - 0.8090169943749474?*k]
gr_in_cat_index20 -> gr_in_cat_index0 : conjugation by [1, 1/2*i - 0.3090169943749474?*j - 0.8090169943749474?*k]
gr_in_cat_index21 -> gr_in_cat_index0 : conjugation by [1, -1/2 + 0.8090169943749474?*j - 0.3090169943749474?*k]
gr_in_cat_index22 -> gr_in_cat_index0 : conjugation by [1, 0.3090169943749474?*i - 0.8090169943749474?*j - 1/2*k]
gr_in_cat_index23 -> gr_in_cat_index0 : conjugation by [1 + i + j - k, 1]
gr_in_cat_index24 -> gr_in_cat_index0 : conjugation by [1, -1/2 - 0.8090169943749474?*j + 0.3090169943749474?*k]
gr_in_cat_index25 -> gr_in_cat_index0 : conjugation by [i, 1]
gr_in_cat_index26 -> gr_in_cat_index0 : conjugation by [1 - i - j + k, 1]
gr_in_cat_index27 -> gr_in_cat_index0 : conjugation by [1, -0.8090169943749474?*i + 1/2*j - 0.3090169943749474?*k]
gr_in_cat_index28 -> gr_in_cat_index0 : conjugation by [1, 0.3090169943749474? + 1/2*j - 0.8090169943749474?*k]
gr_in_cat_index29 -> gr_in_cat_index0 : conjugation by [1, -1/2 - 0.8090169943749474?*i + 0.3090169943749474?*j]
gr_in_cat_index30 -> gr_in_cat_index0 : conjugation by [1, -0.3090169943749474? + 1/2*j - 0.8090169943749474?*k]
gr_in_cat_index31 -> gr_in_cat_index0 : conjugation by [1 - i + j + k, 1]
gr_in_cat_index32 -> gr_in_cat_index0 : conjugation by [1, -0.8090169943749474? - 0.3090169943749474?*i - 1/2*j]
gr_in_cat_index33 -> gr_in_cat_index0 : conjugation by [1, 0.3090169943749474? - 0.8090169943749474?*i - 1/2*k]
gr_in_cat_index34 -> gr_in_cat_index0 : conjugation by [1, 0.3090169943749474? + 0.8090169943749474?*i + 1/2*k]
gr_in_cat_index35 -> gr_in_cat_index0 : conjugation by [1, -0.8090169943749474? - 0.3090169943749474?*j + 1/2*k]
gr_in_cat_index36 -> gr_in_cat_index0 : conjugation by [1, 0.3090169943749474? - 1/2*j - 0.8090169943749474?*k]
gr_in_cat_index37 -> gr_in_cat_index0 : conjugation by [1, -0.8090169943749474? + 0.3090169943749474?*j - 1/2*k]
gr_in_cat_index38 -> gr_in_cat_index0 : conjugation by [1, -0.8090169943749474? + 0.3090169943749474?*i + 1/2*j]
gr_in_cat_index39 -> gr_in_cat_index0 : conjugation by [1, 0.3090169943749474? + 1/2*j + 0.8090169943749474?*k]
gr_in_cat_index40 -> gr_in_cat_index0 : conjugation by [1, 0.3090169943749474?*i + 0.8090169943749474?*j + 1/2*k]
gr_in_cat_index41 -> gr_in_cat_index0 : conjugation by [1, -0.8090169943749474? + 1/2*i - 0.3090169943749474?*k]
gr_in_cat_index42 -> gr_in_cat_index0 : conjugation by [1, 0.8090169943749474?*i + 1/2*j + 0.3090169943749474?*k]
gr_in_cat_index43 -> gr_in_cat_index0 : conjugation by [1, -0.8090169943749474? + 0.3090169943749474?*i - 1/2*j]
gr_in_cat_index44 -> gr_in_cat_index0 : conjugation by [1, -0.8090169943749474? - 1/2*i + 0.3090169943749474?*k]
gr_in_cat_index45 -> gr_in_cat_index0 : conjugation by [1, 1/2*i - 0.3090169943749474?*j + 0.8090169943749474?*k]
gr_in_cat_index46 -> gr_in_cat_index0 : conjugation by [1, -0.8090169943749474? - 0.3090169943749474?*i + 1/2*j]
gr_in_cat_index47 -> gr_in_cat_index0 : conjugation by [k, 1]
gr_in_cat_index48 -> gr_in_cat_index0 : conjugation by [1, -1/2 - 0.8090169943749474?*j - 0.3090169943749474?*k]
gr_in_cat_index49 -> gr_in_cat_index0 : conjugation by [1, -1/2 + 0.8090169943749474?*i + 0.3090169943749474?*j]
gr_in_cat_index50 -> gr_in_cat_index0 : conjugation by [1, -1/2 + 0.8090169943749474?*j + 0.3090169943749474?*k]
gr_in_cat_index51 -> gr_in_cat_index0 : conjugation by [1, -1/2 + 0.3090169943749474?*i - 0.8090169943749474?*k]
gr_in_cat_index52 -> gr_in_cat_index0 : conjugation by [1, 0.3090169943749474? - 1/2*i - 0.8090169943749474?*j]
gr_in_cat_index53 -> gr_in_cat_index0 : conjugation by [1 + i - j - k, 1]
gr_in_cat_index54 -> gr_in_cat_index0 : conjugation by [1, 0.3090169943749474? + 1/2*i + 0.8090169943749474?*j]
gr_in_cat_index55 -> gr_in_cat_index0 : conjugation by [1, -1/2 + 0.8090169943749474?*i - 0.3090169943749474?*j]
gr_in_cat_index56 -> gr_in_cat_index0 : conjugation by [1, -1/2 - 0.8090169943749474?*i - 0.3090169943749474?*j]
gr_in_cat_index57 -> gr_in_cat_index0 : conjugation by [1 + i - j + k, 1]
gr_in_cat_index58 -> gr_in_cat_index0 : conjugation by [1, -1/2 - 0.3090169943749474?*i + 0.8090169943749474?*k]
gr_in_cat_index59 -> gr_in_cat_index0 : conjugation by [1 - i + j - k, 1]
conjugacy test done. 59 checks were performed
# checking group fingerprint: 0|0:2 1|3/5:24 1|1/3:40 2|4/5:24 1|1/2:30 *0:20 *1/2:60 *2/3:40
order: 240
number of groups: 60
identical test done
isomophism test done. 59 checks were performed
gr_in_cat_index1 -> gr_in_cat_index0 : conjugation by [i, 1 + i + j - k]
gr_in_cat_index2 -> gr_in_cat_index0 : conjugation by [1, -0.8090169943749474?*i + 1/2*j + 0.3090169943749474?*k]
gr_in_cat_index3 -> gr_in_cat_index0 : conjugation by [j, 1 + i - j - k]
gr_in_cat_index4 -> gr_in_cat_index0 : conjugation by [1 + i - j - k, 1]
gr_in_cat_index5 -> gr_in_cat_index0 : conjugation by [i, 1 + i - j - k]
gr_in_cat_index6 -> gr_in_cat_index0 : conjugation by [i, j]
gr_in_cat_index7 -> gr_in_cat_index0 : conjugation by [1 - i + j + k, 1]
gr_in_cat_index8 -> gr_in_cat_index0 : conjugation by [j, j]
gr_in_cat_index9 -> gr_in_cat_index0 : conjugation by [1, -0.3090169943749474?*i + 0.8090169943749474?*j - 1/2*k]
gr_in_cat_index10 -> gr_in_cat_index0 : conjugation by [1, 1/2*i + 0.3090169943749474?*j - 0.8090169943749474?*k]
gr_in_cat_index11 -> gr_in_cat_index0 : conjugation by [j, 1 + i + j - k]
gr_in_cat_index12 -> gr_in_cat_index0 : conjugation by [1, j]
gr_in_cat_index13 -> gr_in_cat_index0 : conjugation by [i, 1 + i - j + k]
gr_in_cat_index14 -> gr_in_cat_index0 : conjugation by [k, k]
gr_in_cat_index15 -> gr_in_cat_index0 : conjugation by [k, 1]
gr_in_cat_index16 -> gr_in_cat_index0 : conjugation by [1, 1/2 - 0.3090169943749474?*i - 0.8090169943749474?*k]
gr_in_cat_index17 -> gr_in_cat_index0 : conjugation by [j, 1 - i + j - k]
gr_in_cat_index18 -> gr_in_cat_index0 : conjugation by [k, i]
gr_in_cat_index19 -> gr_in_cat_index0 : conjugation by [k, j]
gr_in_cat_index20 -> gr_in_cat_index0 : conjugation by [k, 1 - i + j - k]
gr_in_cat_index21 -> gr_in_cat_index0 : conjugation by [1 + i + j - k, 1]
gr_in_cat_index22 -> gr_in_cat_index0 : conjugation by [i, 1]
gr_in_cat_index23 -> gr_in_cat_index0 : conjugation by [1, 1 - i - j + k]
gr_in_cat_index24 -> gr_in_cat_index0 : conjugation by [1 - i - j + k, 1]
gr_in_cat_index25 -> gr_in_cat_index0 : conjugation by [1, i]
gr_in_cat_index26 -> gr_in_cat_index0 : conjugation by [1, 1 + i + j - k]
gr_in_cat_index27 -> gr_in_cat_index0 : conjugation by [i, 1 - i - j + k]
gr_in_cat_index28 -> gr_in_cat_index0 : conjugation by [k, 1 - i + j + k]
gr_in_cat_index29 -> gr_in_cat_index0 : conjugation by [1 + i + j + k, 1]
gr_in_cat_index30 -> gr_in_cat_index0 : conjugation by [1, 1 + i - j - k]
gr_in_cat_index31 -> gr_in_cat_index0 : conjugation by [i, i]
gr_in_cat_index32 -> gr_in_cat_index0 : conjugation by [k, 1 + i - j - k]
gr_in_cat_index33 -> gr_in_cat_index0 : conjugation by [k, 1 - i - j + k]
gr_in_cat_index34 -> gr_in_cat_index0 : conjugation by [1, 0.3090169943749474? + 0.8090169943749474?*i + 1/2*k]
gr_in_cat_index35 -> gr_in_cat_index0 : conjugation by [j, 1 + i - j + k]
gr_in_cat_index36 -> gr_in_cat_index0 : conjugation by [1, -0.8090169943749474? + 0.3090169943749474?*j - 1/2*k]
gr_in_cat_index37 -> gr_in_cat_index0 : conjugation by [j, 1 - i - j + k]
gr_in_cat_index38 -> gr_in_cat_index0 : conjugation by [j, k]
gr_in_cat_index39 -> gr_in_cat_index0 : conjugation by [1, 0.3090169943749474? + 1/2*j + 0.8090169943749474?*k]
gr_in_cat_index40 -> gr_in_cat_index0 : conjugation by [k, 1 + i - j + k]
gr_in_cat_index41 -> gr_in_cat_index0 : conjugation by [k, 1 + i + j - k]
gr_in_cat_index42 -> gr_in_cat_index0 : conjugation by [1, -0.8090169943749474? + 0.3090169943749474?*i - 1/2*j]
gr_in_cat_index43 -> gr_in_cat_index0 : conjugation by [j, 1 - i + j + k]
gr_in_cat_index44 -> gr_in_cat_index0 : conjugation by [1, 0.8090169943749474? + 1/2*i - 0.3090169943749474?*k]
gr_in_cat_index45 -> gr_in_cat_index0 : conjugation by [j, 1]
gr_in_cat_index46 -> gr_in_cat_index0 : conjugation by [1, k]
gr_in_cat_index47 -> gr_in_cat_index0 : conjugation by [i, 1 - i + j + k]
gr_in_cat_index48 -> gr_in_cat_index0 : conjugation by [1, -1/2 + 0.8090169943749474?*i + 0.3090169943749474?*j]
gr_in_cat_index49 -> gr_in_cat_index0 : conjugation by [j, i]
gr_in_cat_index50 -> gr_in_cat_index0 : conjugation by [1, -1/2 + 0.8090169943749474?*j + 0.3090169943749474?*k]
gr_in_cat_index51 -> gr_in_cat_index0 : conjugation by [1 - i + j - k, 1]
gr_in_cat_index52 -> gr_in_cat_index0 : conjugation by [1, 1 - i + j + k]
gr_in_cat_index53 -> gr_in_cat_index0 : conjugation by [i, 1 - i + j - k]
gr_in_cat_index54 -> gr_in_cat_index0 : conjugation by [1, 0.3090169943749474? + 1/2*i + 0.8090169943749474?*j]
gr_in_cat_index55 -> gr_in_cat_index0 : conjugation by [1 - i - j - k, 1]
gr_in_cat_index56 -> gr_in_cat_index0 : conjugation by [1, 1 - i + j - k]
gr_in_cat_index57 -> gr_in_cat_index0 : conjugation by [i, k]
gr_in_cat_index58 -> gr_in_cat_index0 : conjugation by [1 + i - j + k, 1]
gr_in_cat_index59 -> gr_in_cat_index0 : conjugation by [1, 1 + i - j + k]
conjugacy test done. 59 checks were performed
# checking group fingerprint: 0|0:2 1|3/5:24 1|1/3:40 2|4/5:24 1|1/2:30 *1/3:40 *1/2:60 *1:20
order: 240
number of groups: 60
identical test done
isomophism test done. 59 checks were performed
gr_in_cat_index1 -> gr_in_cat_index0 : conjugation by [i, 1 + i + j - k]
gr_in_cat_index2 -> gr_in_cat_index0 : conjugation by [1, -0.8090169943749474?*i + 1/2*j + 0.3090169943749474?*k]
gr_in_cat_index3 -> gr_in_cat_index0 : conjugation by [j, 1 + i - j - k]
gr_in_cat_index4 -> gr_in_cat_index0 : conjugation by [1 + i - j - k, 1]
gr_in_cat_index5 -> gr_in_cat_index0 : conjugation by [i, 1 + i - j - k]
gr_in_cat_index6 -> gr_in_cat_index0 : conjugation by [i, j]
gr_in_cat_index7 -> gr_in_cat_index0 : conjugation by [1 - i + j + k, 1]
gr_in_cat_index8 -> gr_in_cat_index0 : conjugation by [j, j]
gr_in_cat_index9 -> gr_in_cat_index0 : conjugation by [1, 0.3090169943749474?*i - 0.8090169943749474?*j + 1/2*k]
gr_in_cat_index10 -> gr_in_cat_index0 : conjugation by [1, -1/2*i - 0.3090169943749474?*j + 0.8090169943749474?*k]
gr_in_cat_index11 -> gr_in_cat_index0 : conjugation by [j, 1 + i + j - k]
gr_in_cat_index12 -> gr_in_cat_index0 : conjugation by [1, j]
gr_in_cat_index13 -> gr_in_cat_index0 : conjugation by [i, 1 + i - j + k]
gr_in_cat_index14 -> gr_in_cat_index0 : conjugation by [k, k]
gr_in_cat_index15 -> gr_in_cat_index0 : conjugation by [k, 1]
gr_in_cat_index16 -> gr_in_cat_index0 : conjugation by [1, 1/2 - 0.3090169943749474?*i - 0.8090169943749474?*k]
gr_in_cat_index17 -> gr_in_cat_index0 : conjugation by [j, 1 - i + j - k]
gr_in_cat_index18 -> gr_in_cat_index0 : conjugation by [k, i]
gr_in_cat_index19 -> gr_in_cat_index0 : conjugation by [k, j]
gr_in_cat_index20 -> gr_in_cat_index0 : conjugation by [k, 1 - i + j - k]
gr_in_cat_index21 -> gr_in_cat_index0 : conjugation by [1 + i + j - k, 1]
gr_in_cat_index22 -> gr_in_cat_index0 : conjugation by [i, 1]
gr_in_cat_index23 -> gr_in_cat_index0 : conjugation by [1, 1 - i - j + k]
gr_in_cat_index24 -> gr_in_cat_index0 : conjugation by [1 - i - j + k, 1]
gr_in_cat_index25 -> gr_in_cat_index0 : conjugation by [1, i]
gr_in_cat_index26 -> gr_in_cat_index0 : conjugation by [1, 1 + i + j - k]
gr_in_cat_index27 -> gr_in_cat_index0 : conjugation by [i, 1 - i - j + k]
gr_in_cat_index28 -> gr_in_cat_index0 : conjugation by [k, 1 - i + j + k]
gr_in_cat_index29 -> gr_in_cat_index0 : conjugation by [1 + i + j + k, 1]
gr_in_cat_index30 -> gr_in_cat_index0 : conjugation by [1, 1 + i - j - k]
gr_in_cat_index31 -> gr_in_cat_index0 : conjugation by [i, i]
gr_in_cat_index32 -> gr_in_cat_index0 : conjugation by [k, 1 + i - j - k]
gr_in_cat_index33 -> gr_in_cat_index0 : conjugation by [k, 1 - i - j + k]
gr_in_cat_index34 -> gr_in_cat_index0 : conjugation by [1, 0.3090169943749474? + 0.8090169943749474?*i + 1/2*k]
gr_in_cat_index35 -> gr_in_cat_index0 : conjugation by [j, 1 + i - j + k]
gr_in_cat_index36 -> gr_in_cat_index0 : conjugation by [1, -0.8090169943749474? + 0.3090169943749474?*j - 1/2*k]
gr_in_cat_index37 -> gr_in_cat_index0 : conjugation by [j, 1 - i - j + k]
gr_in_cat_index38 -> gr_in_cat_index0 : conjugation by [j, k]
gr_in_cat_index39 -> gr_in_cat_index0 : conjugation by [1, 0.3090169943749474? + 1/2*j + 0.8090169943749474?*k]
gr_in_cat_index40 -> gr_in_cat_index0 : conjugation by [k, 1 + i - j + k]
gr_in_cat_index41 -> gr_in_cat_index0 : conjugation by [k, 1 + i + j - k]
gr_in_cat_index42 -> gr_in_cat_index0 : conjugation by [1, -0.8090169943749474? + 0.3090169943749474?*i - 1/2*j]
gr_in_cat_index43 -> gr_in_cat_index0 : conjugation by [j, 1 - i + j + k]
gr_in_cat_index44 -> gr_in_cat_index0 : conjugation by [1, -0.8090169943749474? - 1/2*i + 0.3090169943749474?*k]
gr_in_cat_index45 -> gr_in_cat_index0 : conjugation by [j, 1]
gr_in_cat_index46 -> gr_in_cat_index0 : conjugation by [1, k]
gr_in_cat_index47 -> gr_in_cat_index0 : conjugation by [i, 1 - i + j + k]
gr_in_cat_index48 -> gr_in_cat_index0 : conjugation by [1, -1/2 + 0.8090169943749474?*i + 0.3090169943749474?*j]
gr_in_cat_index49 -> gr_in_cat_index0 : conjugation by [j, i]
gr_in_cat_index50 -> gr_in_cat_index0 : conjugation by [1, -1/2 + 0.8090169943749474?*j + 0.3090169943749474?*k]
gr_in_cat_index51 -> gr_in_cat_index0 : conjugation by [1 - i + j - k, 1]
gr_in_cat_index52 -> gr_in_cat_index0 : conjugation by [1, 1 - i + j + k]
gr_in_cat_index53 -> gr_in_cat_index0 : conjugation by [i, 1 - i + j - k]
gr_in_cat_index54 -> gr_in_cat_index0 : conjugation by [1, -0.3090169943749474? - 1/2*i - 0.8090169943749474?*j]
gr_in_cat_index55 -> gr_in_cat_index0 : conjugation by [1 - i - j - k, 1]
gr_in_cat_index56 -> gr_in_cat_index0 : conjugation by [1, 1 - i + j - k]
gr_in_cat_index57 -> gr_in_cat_index0 : conjugation by [i, k]
gr_in_cat_index58 -> gr_in_cat_index0 : conjugation by [1 + i - j + k, 1]
gr_in_cat_index59 -> gr_in_cat_index0 : conjugation by [1, 1 + i - j + k]
conjugacy test done. 59 checks were performed
# checking group fingerprint: 0|0:2 0|1:2 1|2/5:24 1|3/5:24 1|1/3:40 1|2/3:40 2|4/5:24 1|1/2:60 3|4/5:24 *0:20 *1/3:40 *1/2:120 *2/3:40 *1:20
order: 480
number of groups: 60
identical test done
isomophism test done. 59 checks were performed
gr_in_cat_index1 -> gr_in_cat_index0 : conjugation by [i, 1 + i + j - k]
gr_in_cat_index2 -> gr_in_cat_index0 : conjugation by [1, 0.8090169943749474?*i - 1/2*j - 0.3090169943749474?*k]
gr_in_cat_index3 -> gr_in_cat_index0 : conjugation by [j, 1 + i - j - k]
gr_in_cat_index4 -> gr_in_cat_index0 : conjugation by [1 + i - j - k, 1]
gr_in_cat_index5 -> gr_in_cat_index0 : conjugation by [j, j]
gr_in_cat_index6 -> gr_in_cat_index0 : conjugation by [1, 0.3090169943749474?*i - 0.8090169943749474?*j + 1/2*k]
gr_in_cat_index7 -> gr_in_cat_index0 : conjugation by [i, 1 + i - j - k]
gr_in_cat_index8 -> gr_in_cat_index0 : conjugation by [i, j]
gr_in_cat_index9 -> gr_in_cat_index0 : conjugation by [1, 1/2*i + 0.3090169943749474?*j - 0.8090169943749474?*k]
gr_in_cat_index10 -> gr_in_cat_index0 : conjugation by [j, 1 + i + j - k]
gr_in_cat_index11 -> gr_in_cat_index0 : conjugation by [1 - i + j + k, 1]
gr_in_cat_index12 -> gr_in_cat_index0 : conjugation by [1, j]
gr_in_cat_index13 -> gr_in_cat_index0 : conjugation by [j, 1 - i + j - k]
gr_in_cat_index14 -> gr_in_cat_index0 : conjugation by [1, 1/2 - 0.3090169943749474?*i - 0.8090169943749474?*k]
gr_in_cat_index15 -> gr_in_cat_index0 : conjugation by [i, 1 + i - j + k]
gr_in_cat_index16 -> gr_in_cat_index0 : conjugation by [k, k]
gr_in_cat_index17 -> gr_in_cat_index0 : conjugation by [k, j]
gr_in_cat_index18 -> gr_in_cat_index0 : conjugation by [k, i]
gr_in_cat_index19 -> gr_in_cat_index0 : conjugation by [k, 1]
gr_in_cat_index20 -> gr_in_cat_index0 : conjugation by [k, 1 - i + j - k]
gr_in_cat_index21 -> gr_in_cat_index0 : conjugation by [k, 1 + i - j - k]
gr_in_cat_index22 -> gr_in_cat_index0 : conjugation by [1 + i + j - k, 1]
gr_in_cat_index23 -> gr_in_cat_index0 : conjugation by [k, 1 - i - j + k]
gr_in_cat_index24 -> gr_in_cat_index0 : conjugation by [i, 1]
gr_in_cat_index25 -> gr_in_cat_index0 : conjugation by [1, 0.3090169943749474? + 0.8090169943749474?*i + 1/2*k]
gr_in_cat_index26 -> gr_in_cat_index0 : conjugation by [j, 1 + i - j + k]
gr_in_cat_index27 -> gr_in_cat_index0 : conjugation by [1, 1 - i - j + k]
gr_in_cat_index28 -> gr_in_cat_index0 : conjugation by [1 - i - j + k, 1]
gr_in_cat_index29 -> gr_in_cat_index0 : conjugation by [1, -0.8090169943749474? + 0.3090169943749474?*j - 1/2*k]
gr_in_cat_index30 -> gr_in_cat_index0 : conjugation by [j, 1 - i - j + k]
gr_in_cat_index31 -> gr_in_cat_index0 : conjugation by [1, i]
gr_in_cat_index32 -> gr_in_cat_index0 : conjugation by [1, 1 + i + j - k]
gr_in_cat_index33 -> gr_in_cat_index0 : conjugation by [j, k]
gr_in_cat_index34 -> gr_in_cat_index0 : conjugation by [i, 1 - i - j + k]
gr_in_cat_index35 -> gr_in_cat_index0 : conjugation by [1, 0.3090169943749474? + 1/2*j + 0.8090169943749474?*k]
gr_in_cat_index36 -> gr_in_cat_index0 : conjugation by [k, 1 - i + j + k]
gr_in_cat_index37 -> gr_in_cat_index0 : conjugation by [k, 1 + i + j - k]
gr_in_cat_index38 -> gr_in_cat_index0 : conjugation by [1 + i + j + k, 1]
gr_in_cat_index39 -> gr_in_cat_index0 : conjugation by [k, 1 + i - j + k]
gr_in_cat_index40 -> gr_in_cat_index0 : conjugation by [1, 1 + i - j - k]
gr_in_cat_index41 -> gr_in_cat_index0 : conjugation by [i, i]
gr_in_cat_index42 -> gr_in_cat_index0 : conjugation by [j, 1 - i + j + k]
gr_in_cat_index43 -> gr_in_cat_index0 : conjugation by [1, 0.8090169943749474? - 0.3090169943749474?*i + 1/2*j]
gr_in_cat_index44 -> gr_in_cat_index0 : conjugation by [j, 1]
gr_in_cat_index45 -> gr_in_cat_index0 : conjugation by [i, 1 - i + j - k]
gr_in_cat_index46 -> gr_in_cat_index0 : conjugation by [1, 1 - i + j + k]
gr_in_cat_index47 -> gr_in_cat_index0 : conjugation by [1, 0.8090169943749474? + 1/2*i - 0.3090169943749474?*k]
gr_in_cat_index48 -> gr_in_cat_index0 : conjugation by [1 - i - j - k, 1]
gr_in_cat_index49 -> gr_in_cat_index0 : conjugation by [i, 1 - i + j + k]
gr_in_cat_index50 -> gr_in_cat_index0 : conjugation by [1, -0.3090169943749474? - 1/2*i - 0.8090169943749474?*j]
gr_in_cat_index51 -> gr_in_cat_index0 : conjugation by [1, k]
gr_in_cat_index52 -> gr_in_cat_index0 : conjugation by [1 + i - j + k, 1]
gr_in_cat_index53 -> gr_in_cat_index0 : conjugation by [1, 1/2 - 0.8090169943749474?*i - 0.3090169943749474?*j]
gr_in_cat_index54 -> gr_in_cat_index0 : conjugation by [j, i]
gr_in_cat_index55 -> gr_in_cat_index0 : conjugation by [1, 1 + i - j + k]
gr_in_cat_index56 -> gr_in_cat_index0 : conjugation by [1, 1 - i + j - k]
gr_in_cat_index57 -> gr_in_cat_index0 : conjugation by [1, 1/2 - 0.8090169943749474?*j - 0.3090169943749474?*k]
gr_in_cat_index58 -> gr_in_cat_index0 : conjugation by [1 - i + j - k, 1]
gr_in_cat_index59 -> gr_in_cat_index0 : conjugation by [i, k]
conjugacy test done. 59 checks were performed
# checking group fingerprint: 0|0:2 0|1:2 1|1/5:24 1|4/5:24 1|1/3:40 1|2/3:40 2|2/5:24 2|3/5:24 1|1/2:60 *0:32 *1/5:24 *1/3:40 *2/5:24 *3/5:24 *2/3:40 *4/5:24 *1:32
order: 480
number of groups: 60
identical test done
isomophism test done. 59 checks were performed
gr_in_cat_index1 -> gr_in_cat_index0 : conjugation by [1, -0.8090169943749474?*i + 1/2*j + 0.3090169943749474?*k]
gr_in_cat_index2 -> gr_in_cat_index0 : conjugation by [1, 1/2*i + 0.3090169943749474?*j + 0.8090169943749474?*k]
gr_in_cat_index3 -> gr_in_cat_index0 : conjugation by [1, -0.3090169943749474?*i - 0.8090169943749474?*j + 1/2*k]
gr_in_cat_index4 -> gr_in_cat_index0 : conjugation by [1 + i + j + k, 1]
gr_in_cat_index5 -> gr_in_cat_index0 : conjugation by [1, 0.3090169943749474?*i - 0.8090169943749474?*j + 1/2*k]
gr_in_cat_index6 -> gr_in_cat_index0 : conjugation by [1, -0.8090169943749474? - 0.3090169943749474?*j - 1/2*k]
gr_in_cat_index7 -> gr_in_cat_index0 : conjugation by [1, -0.3090169943749474? - 0.8090169943749474?*i + 1/2*k]
gr_in_cat_index8 -> gr_in_cat_index0 : conjugation by [1 - i - j - k, 1]
gr_in_cat_index9 -> gr_in_cat_index0 : conjugation by [1, -1/2*i - 0.3090169943749474?*j + 0.8090169943749474?*k]
gr_in_cat_index10 -> gr_in_cat_index0 : conjugation by [1, -0.8090169943749474? + 1/2*i + 0.3090169943749474?*k]
gr_in_cat_index11 -> gr_in_cat_index0 : conjugation by [1, -0.3090169943749474? - 1/2*i + 0.8090169943749474?*j]
gr_in_cat_index12 -> gr_in_cat_index0 : conjugation by [1, -0.8090169943749474? - 1/2*i - 0.3090169943749474?*k]
gr_in_cat_index13 -> gr_in_cat_index0 : conjugation by [1, 0.3090169943749474? - 0.8090169943749474?*i + 1/2*k]
gr_in_cat_index14 -> gr_in_cat_index0 : conjugation by [j, 1]
gr_in_cat_index15 -> gr_in_cat_index0 : conjugation by [1, 1/2 - 0.3090169943749474?*i - 0.8090169943749474?*k]
gr_in_cat_index16 -> gr_in_cat_index0 : conjugation by [1, -0.8090169943749474? + 0.3090169943749474?*j + 1/2*k]
gr_in_cat_index17 -> gr_in_cat_index0 : conjugation by [1, -0.3090169943749474? + 1/2*i - 0.8090169943749474?*j]
gr_in_cat_index18 -> gr_in_cat_index0 : conjugation by [1, 0.8090169943749474?*i + 1/2*j - 0.3090169943749474?*k]
gr_in_cat_index19 -> gr_in_cat_index0 : conjugation by [1, 1/2 + 0.3090169943749474?*i + 0.8090169943749474?*k]
gr_in_cat_index20 -> gr_in_cat_index0 : conjugation by [1, -0.8090169943749474? - 0.3090169943749474?*i - 1/2*j]
gr_in_cat_index21 -> gr_in_cat_index0 : conjugation by [1, 1/2*i - 0.3090169943749474?*j - 0.8090169943749474?*k]
gr_in_cat_index22 -> gr_in_cat_index0 : conjugation by [1, -1/2 + 0.8090169943749474?*j - 0.3090169943749474?*k]
gr_in_cat_index23 -> gr_in_cat_index0 : conjugation by [1, 0.3090169943749474? - 0.8090169943749474?*i - 1/2*k]
gr_in_cat_index24 -> gr_in_cat_index0 : conjugation by [1, 0.3090169943749474?*i - 0.8090169943749474?*j - 1/2*k]
gr_in_cat_index25 -> gr_in_cat_index0 : conjugation by [1 + i + j - k, 1]
gr_in_cat_index26 -> gr_in_cat_index0 : conjugation by [1, 0.3090169943749474? + 0.8090169943749474?*i + 1/2*k]
gr_in_cat_index27 -> gr_in_cat_index0 : conjugation by [1, -0.8090169943749474? - 0.3090169943749474?*j + 1/2*k]
gr_in_cat_index28 -> gr_in_cat_index0 : conjugation by [1, 1/2 + 0.8090169943749474?*j - 0.3090169943749474?*k]
gr_in_cat_index29 -> gr_in_cat_index0 : conjugation by [i, 1]
gr_in_cat_index30 -> gr_in_cat_index0 : conjugation by [1, 0.3090169943749474? - 1/2*j - 0.8090169943749474?*k]
gr_in_cat_index31 -> gr_in_cat_index0 : conjugation by [1, -0.8090169943749474? + 0.3090169943749474?*j - 1/2*k]
gr_in_cat_index32 -> gr_in_cat_index0 : conjugation by [1, -0.8090169943749474? + 0.3090169943749474?*i + 1/2*j]
gr_in_cat_index33 -> gr_in_cat_index0 : conjugation by [1 - i - j + k, 1]
gr_in_cat_index34 -> gr_in_cat_index0 : conjugation by [1, -0.8090169943749474?*i + 1/2*j - 0.3090169943749474?*k]
gr_in_cat_index35 -> gr_in_cat_index0 : conjugation by [1, 0.3090169943749474? + 1/2*j + 0.8090169943749474?*k]
gr_in_cat_index36 -> gr_in_cat_index0 : conjugation by [1, 0.3090169943749474?*i + 0.8090169943749474?*j + 1/2*k]
gr_in_cat_index37 -> gr_in_cat_index0 : conjugation by [1, 0.3090169943749474? + 1/2*j - 0.8090169943749474?*k]
gr_in_cat_index38 -> gr_in_cat_index0 : conjugation by [1, -0.8090169943749474? + 1/2*i - 0.3090169943749474?*k]
gr_in_cat_index39 -> gr_in_cat_index0 : conjugation by [1, 1/2 + 0.8090169943749474?*i - 0.3090169943749474?*j]
gr_in_cat_index40 -> gr_in_cat_index0 : conjugation by [1, 0.8090169943749474?*i + 1/2*j + 0.3090169943749474?*k]
gr_in_cat_index41 -> gr_in_cat_index0 : conjugation by [1, -0.3090169943749474? + 1/2*j - 0.8090169943749474?*k]
gr_in_cat_index42 -> gr_in_cat_index0 : conjugation by [1, -0.8090169943749474? + 0.3090169943749474?*i - 1/2*j]
gr_in_cat_index43 -> gr_in_cat_index0 : conjugation by [1 - i + j + k, 1]
gr_in_cat_index44 -> gr_in_cat_index0 : conjugation by [1 + i - j - k, 1]
gr_in_cat_index45 -> gr_in_cat_index0 : conjugation by [1, -0.8090169943749474? - 1/2*i + 0.3090169943749474?*k]
gr_in_cat_index46 -> gr_in_cat_index0 : conjugation by [1, 0.3090169943749474? - 1/2*i - 0.8090169943749474?*j]
gr_in_cat_index47 -> gr_in_cat_index0 : conjugation by [1, 1/2*i - 0.3090169943749474?*j + 0.8090169943749474?*k]
gr_in_cat_index48 -> gr_in_cat_index0 : conjugation by [1, -1/2 + 0.8090169943749474?*i - 0.3090169943749474?*j]
gr_in_cat_index49 -> gr_in_cat_index0 : conjugation by [1, -0.8090169943749474? - 0.3090169943749474?*i + 1/2*j]
gr_in_cat_index50 -> gr_in_cat_index0 : conjugation by [1, 0.3090169943749474? + 1/2*i + 0.8090169943749474?*j]
gr_in_cat_index51 -> gr_in_cat_index0 : conjugation by [k, 1]
gr_in_cat_index52 -> gr_in_cat_index0 : conjugation by [1, 1/2 + 0.8090169943749474?*j + 0.3090169943749474?*k]
gr_in_cat_index53 -> gr_in_cat_index0 : conjugation by [1, 1/2 - 0.8090169943749474?*i - 0.3090169943749474?*j]
gr_in_cat_index54 -> gr_in_cat_index0 : conjugation by [1, -1/2 - 0.3090169943749474?*i + 0.8090169943749474?*k]
gr_in_cat_index55 -> gr_in_cat_index0 : conjugation by [1 - i + j - k, 1]
gr_in_cat_index56 -> gr_in_cat_index0 : conjugation by [1, 1/2 - 0.3090169943749474?*i + 0.8090169943749474?*k]
gr_in_cat_index57 -> gr_in_cat_index0 : conjugation by [1 + i - j + k, 1]
gr_in_cat_index58 -> gr_in_cat_index0 : conjugation by [1, 1/2 - 0.8090169943749474?*j - 0.3090169943749474?*k]
gr_in_cat_index59 -> gr_in_cat_index0 : conjugation by [1, 1/2 + 0.8090169943749474?*i + 0.3090169943749474?*j]
conjugacy test done. 59 checks were performed
duplication check finished. 360 checks were performed.
Elapsed time: 320782.97378492355 seconds

## conjugations found for all the achiral groups

## TOTAL TIME 413770.121942s
