# groups up to order: 50
ord : our group       == CS group(s)
1   : G1^(0)_1,1      == +1/1[C1xC1^1]
2   : G1^(0)_1,2      == +1/2[C2xC2^1]
3   : G1^(0)_1,3      == +1/3[C3xC3^1]
3   : G1^(1)_1,3      == +1/1[C1xC3^1]
4   : G1^(0)_1,4      == +1/4[C4xC4^1]
4   : G1^(1)_1,4      == +1/4[C4xC4^3]
5   : G1^(0)_1,5      == +1/5[C5xC5^1]
5   : G1^(1)_1,5      == +1/5[C5xC5^3]
5   : G1^(2)_1,5      == +1/1[C1xC5^1]
6   : G1^(0)_1,6      == +1/6[C6xC6^1]
6   : G1^(1)_1,6      == +1/2[C2xC6^1]
6   : G1^(2)_1,6      == +1/6[C6xC6^5]
7   : G1^(0)_1,7      == +1/7[C7xC7^1]
7   : G1^(1)_1,7      == +1/7[C7xC7^5]
7   : G1^(2)_1,7      == +1/7[C7xC7^3]
7   : G1^(3)_1,7      == +1/1[C1xC7^1]
8   : G1^(0)_1,8      == +1/8[C8xC8^1]
8   : G1^(1)_1,8      == +1/8[C8xC8^5]
8   : G1^(2)_1,8      == +1/8[C8xC8^3]
8   : G1^(3)_1,8      == +1/8[C8xC8^7]
9   : G1^(0)_1,9      == +1/9[C9xC9^1]
9   : G1^(1)_1,9      == +1/3[C3xC9^1]
9   : G1^(2)_1,9      == +1/9[C9xC9^7]
9   : G1^(3)_1,9      == +1/9[C9xC9^5]
9   : G1^(4)_1,9      == +1/1[C1xC9^1]
10  : G1^(0)_1,10     == +1/10[C10xC10^1]
10  : G1^(1)_1,10     == +1/10[C10xC10^7]
10  : G1^(2)_1,10     == +1/2[C2xC10^1]
10  : G1^(3)_1,10     == +1/10[C10xC10^3]
10  : G1^(4)_1,10     == +1/10[C10xC10^9]
11  : G1^(0)_1,11     == +1/11[C11xC11^1]
11  : G1^(1)_1,11     == +1/11[C11xC11^7]
11  : G1^(2)_1,11     == +1/11[C11xC11^9]
11  : G1^(3)_1,11     == +1/11[C11xC11^3]
11  : G1^(4)_1,11     == +1/11[C11xC11^5]
11  : G1^(5)_1,11     == +1/1[C1xC11^1]
12  : G1^(0)_1,12     == +1/12[C12xC12^1]
12  : G1^(1)_1,12     == +1/4[C4xC12^1]
12  : G1^(2)_1,12     == +1/12[C12xC12^5]
12  : G1^(3)_1,12     == +1/12[C12xC12^7]
12  : G1^(4)_1,12     == +1/4[C4xC12^3]
12  : G1^(5)_1,12     == +1/12[C12xC12^11]
13  : G1^(0)_1,13     == +1/13[C13xC13^1]
13  : G1^(1)_1,13     == +1/13[C13xC13^9]
13  : G1^(2)_1,13     == +1/13[C13xC13^5]
13  : G1^(3)_1,13     == +1/13[C13xC13^11]
13  : G1^(4)_1,13     == +1/13[C13xC13^3]
13  : G1^(5)_1,13     == +1/13[C13xC13^7]
13  : G1^(6)_1,13     == +1/1[C1xC13^1]
14  : G1^(0)_1,14     == +1/14[C14xC14^1]
14  : G1^(1)_1,14     == +1/14[C14xC14^9]
14  : G1^(2)_1,14     == +1/14[C14xC14^11]
14  : G1^(3)_1,14     == +1/2[C2xC14^1]
14  : G1^(4)_1,14     == +1/14[C14xC14^3]
14  : G1^(5)_1,14     == +1/14[C14xC14^5]
14  : G1^(6)_1,14     == +1/14[C14xC14^13]
15  : G1^(0)_1,15     == +1/15[C15xC15^1]
15  : G1^(1)_1,15     == +1/5[C5xC15^1]
15  : G1^(2)_1,15     == +1/3[C3xC15^1]
15  : G1^(3)_1,15     == +1/15[C15xC15^13]
15  : G1^(4)_1,15     == +1/5[C5xC15^3]
15  : G1^(5)_1,15     == +1/15[C15xC15^11]
15  : G1^(6)_1,15     == +1/15[C15xC15^7]
15  : G1^(7)_1,15     == +1/1[C1xC15^1]
16  : G1^(0)_1,16     == +1/16[C16xC16^1]
16  : G1^(1)_1,16     == +1/16[C16xC16^11]
16  : G1^(2)_1,16     == +1/16[C16xC16^13]
16  : G1^(3)_1,16     == +1/16[C16xC16^9]
16  : G1^(4)_1,16     == +1/16[C16xC16^7]
16  : G1^(5)_1,16     == +1/16[C16xC16^3]
16  : G1^(6)_1,16     == +1/16[C16xC16^5]
16  : G1^(7)_1,16     == +1/16[C16xC16^15]
17  : G1^(0)_1,17     == +1/17[C17xC17^1]
17  : G1^(1)_1,17     == +1/17[C17xC17^11]
17  : G1^(2)_1,17     == +1/17[C17xC17^7]
17  : G1^(3)_1,17     == +1/17[C17xC17^5]
17  : G1^(4)_1,17     == +1/17[C17xC17^15]
17  : G1^(5)_1,17     == +1/17[C17xC17^3]
17  : G1^(6)_1,17     == +1/17[C17xC17^13]
17  : G1^(7)_1,17     == +1/17[C17xC17^9]
17  : G1^(8)_1,17     == +1/1[C1xC17^1]
18  : G1^(0)_1,18     == +1/18[C18xC18^1]
18  : G1^(1)_1,18     == +1/6[C6xC18^1]
18  : G1^(2)_1,18     == +1/18[C18xC18^7]
18  : G1^(3)_1,18     == +1/18[C18xC18^5]
18  : G1^(4)_1,18     == +1/2[C2xC18^1]
18  : G1^(5)_1,18     == +1/18[C18xC18^13]
18  : G1^(6)_1,18     == +1/18[C18xC18^11]
18  : G1^(7)_1,18     == +1/6[C6xC18^5]
18  : G1^(8)_1,18     == +1/18[C18xC18^17]
19  : G1^(0)_1,19     == +1/19[C19xC19^1]
19  : G1^(1)_1,19     == +1/19[C19xC19^13]
19  : G1^(2)_1,19     == +1/19[C19xC19^15]
19  : G1^(3)_1,19     == +1/19[C19xC19^11]
19  : G1^(4)_1,19     == +1/19[C19xC19^17]
19  : G1^(5)_1,19     == +1/19[C19xC19^7]
19  : G1^(6)_1,19     == +1/19[C19xC19^3]
19  : G1^(7)_1,19     == +1/19[C19xC19^5]
19  : G1^(8)_1,19     == +1/19[C19xC19^9]
19  : G1^(9)_1,19     == +1/1[C1xC19^1]
20  : G1^(0)_1,20     == +1/20[C20xC20^1]
20  : G1^(1)_1,20     == +1/20[C20xC20^13]
20  : G1^(2)_1,20     == +1/4[C4xC20^1]
20  : G1^(3)_1,20     == +1/20[C20xC20^17]
20  : G1^(4)_1,20     == +1/20[C20xC20^9]
20  : G1^(5)_1,20     == +1/20[C20xC20^11]
20  : G1^(6)_1,20     == +1/20[C20xC20^3]
20  : G1^(7)_1,20     == +1/4[C4xC20^3]
20  : G1^(8)_1,20     == +1/20[C20xC20^7]
20  : G1^(9)_1,20     == +1/20[C20xC20^19]
21  : G1^(0)_1,21     == +1/21[C21xC21^1]
21  : G1^(1)_1,21     == +1/7[C7xC21^1]
21  : G1^(2)_1,21     == +1/21[C21xC21^17]
21  : G1^(3)_1,21     == +1/3[C3xC21^1]
21  : G1^(4)_1,21     == +1/7[C7xC21^5]
21  : G1^(5)_1,21     == +1/21[C21xC21^19]
21  : G1^(6)_1,21     == +1/21[C21xC21^13]
21  : G1^(7)_1,21     == +1/7[C7xC21^3]
21  : G1^(8)_1,21     == +1/21[C21xC21^5]
21  : G1^(9)_1,21     == +1/21[C21xC21^11]
21  : G1^(10)_1,21    == +1/1[C1xC21^1]
22  : G1^(0)_1,22     == +1/22[C22xC22^1]
22  : G1^(1)_1,22     == +1/22[C22xC22^15]
22  : G1^(2)_1,22     == +1/22[C22xC22^9]
22  : G1^(3)_1,22     == +1/22[C22xC22^19]
22  : G1^(4)_1,22     == +1/22[C22xC22^5]
22  : G1^(5)_1,22     == +1/2[C2xC22^1]
22  : G1^(6)_1,22     == +1/22[C22xC22^17]
22  : G1^(7)_1,22     == +1/22[C22xC22^3]
22  : G1^(8)_1,22     == +1/22[C22xC22^13]
22  : G1^(9)_1,22     == +1/22[C22xC22^7]
22  : G1^(10)_1,22    == +1/22[C22xC22^21]
23  : G1^(0)_1,23     == +1/23[C23xC23^1]
23  : G1^(1)_1,23     == +1/23[C23xC23^15]
23  : G1^(2)_1,23     == +1/23[C23xC23^9]
23  : G1^(3)_1,23     == +1/23[C23xC23^13]
23  : G1^(4)_1,23     == +1/23[C23xC23^5]
23  : G1^(5)_1,23     == +1/23[C23xC23^21]
23  : G1^(6)_1,23     == +1/23[C23xC23^7]
23  : G1^(7)_1,23     == +1/23[C23xC23^3]
23  : G1^(8)_1,23     == +1/23[C23xC23^19]
23  : G1^(9)_1,23     == +1/23[C23xC23^17]
23  : G1^(10)_1,23    == +1/23[C23xC23^11]
23  : G1^(11)_1,23    == +1/1[C1xC23^1]
24  : G1^(0)_1,24     == +1/24[C24xC24^1]
24  : G1^(1)_1,24     == +1/8[C8xC24^1]
24  : G1^(2)_1,24     == +1/24[C24xC24^19]
24  : G1^(3)_1,24     == +1/24[C24xC24^7]
24  : G1^(4)_1,24     == +1/8[C8xC24^5]
24  : G1^(5)_1,24     == +1/24[C24xC24^13]
24  : G1^(6)_1,24     == +1/24[C24xC24^11]
24  : G1^(7)_1,24     == +1/8[C8xC24^3]
24  : G1^(8)_1,24     == +1/24[C24xC24^17]
24  : G1^(9)_1,24     == +1/24[C24xC24^5]
24  : G1^(10)_1,24    == +1/8[C8xC24^7]
24  : G1^(11)_1,24    == +1/24[C24xC24^23]
25  : G1^(0)_1,25     == +1/25[C25xC25^1]
25  : G1^(1)_1,25     == +1/25[C25xC25^17]
25  : G1^(2)_1,25     == +1/5[C5xC25^1]
25  : G1^(3)_1,25     == +1/25[C25xC25^7]
25  : G1^(4)_1,25     == +1/25[C25xC25^11]
25  : G1^(5)_1,25     == +1/25[C25xC25^9]
25  : G1^(6)_1,25     == +1/25[C25xC25^23]
25  : G1^(7)_1,25     == +1/5[C5xC25^3]
25  : G1^(8)_1,25     == +1/25[C25xC25^3]
25  : G1^(9)_1,25     == +1/25[C25xC25^21]
25  : G1^(10)_1,25    == +1/25[C25xC25^19]
25  : G1^(11)_1,25    == +1/25[C25xC25^13]
25  : G1^(12)_1,25    == +1/1[C1xC25^1]
26  : G1^(0)_1,26     == +1/26[C26xC26^1]
26  : G1^(1)_1,26     == +1/26[C26xC26^17]
26  : G1^(2)_1,26     == +1/26[C26xC26^21]
26  : G1^(3)_1,26     == +1/26[C26xC26^15]
26  : G1^(4)_1,26     == +1/26[C26xC26^23]
26  : G1^(5)_1,26     == +1/26[C26xC26^19]
26  : G1^(6)_1,26     == +1/2[C2xC26^1]
26  : G1^(7)_1,26     == +1/26[C26xC26^7]
26  : G1^(8)_1,26     == +1/26[C26xC26^3]
26  : G1^(9)_1,26     == +1/26[C26xC26^11]
26  : G1^(10)_1,26    == +1/26[C26xC26^5]
26  : G1^(11)_1,26    == +1/26[C26xC26^9]
26  : G1^(12)_1,26    == +1/26[C26xC26^25]
27  : G1^(0)_1,27     == +1/27[C27xC27^1]
27  : G1^(1)_1,27     == +1/9[C9xC27^1]
27  : G1^(2)_1,27     == +1/27[C27xC27^11]
27  : G1^(3)_1,27     == +1/27[C27xC27^23]
27  : G1^(4)_1,27     == +1/3[C3xC27^1]
27  : G1^(5)_1,27     == +1/27[C27xC27^5]
27  : G1^(6)_1,27     == +1/27[C27xC27^25]
27  : G1^(7)_1,27     == +1/9[C9xC27^7]
27  : G1^(8)_1,27     == +1/27[C27xC27^19]
27  : G1^(9)_1,27     == +1/27[C27xC27^17]
27  : G1^(10)_1,27    == +1/9[C9xC27^5]
27  : G1^(11)_1,27    == +1/27[C27xC27^7]
27  : G1^(12)_1,27    == +1/27[C27xC27^13]
27  : G1^(13)_1,27    == +1/1[C1xC27^1]
28  : G1^(0)_1,28     == +1/28[C28xC28^1]
28  : G1^(1)_1,28     == +1/28[C28xC28^19]
28  : G1^(2)_1,28     == +1/28[C28xC28^11]
28  : G1^(3)_1,28     == +1/4[C4xC28^1]
28  : G1^(4)_1,28     == +1/28[C28xC28^25]
28  : G1^(5)_1,28     == +1/28[C28xC28^5]
28  : G1^(6)_1,28     == +1/28[C28xC28^13]
28  : G1^(7)_1,28     == +1/28[C28xC28^15]
28  : G1^(8)_1,28     == +1/28[C28xC28^23]
28  : G1^(9)_1,28     == +1/28[C28xC28^3]
28  : G1^(10)_1,28    == +1/4[C4xC28^3]
28  : G1^(11)_1,28    == +1/28[C28xC28^17]
28  : G1^(12)_1,28    == +1/28[C28xC28^9]
28  : G1^(13)_1,28    == +1/28[C28xC28^27]
29  : G1^(0)_1,29     == +1/29[C29xC29^1]
29  : G1^(1)_1,29     == +1/29[C29xC29^19]
29  : G1^(2)_1,29     == +1/29[C29xC29^23]
29  : G1^(3)_1,29     == +1/29[C29xC29^25]
29  : G1^(4)_1,29     == +1/29[C29xC29^13]
29  : G1^(5)_1,29     == +1/29[C29xC29^21]
29  : G1^(6)_1,29     == +1/29[C29xC29^9]
29  : G1^(7)_1,29     == +1/29[C29xC29^27]
29  : G1^(8)_1,29     == +1/29[C29xC29^17]
29  : G1^(9)_1,29     == +1/29[C29xC29^3]
29  : G1^(10)_1,29    == +1/29[C29xC29^11]
29  : G1^(11)_1,29    == +1/29[C29xC29^5]
29  : G1^(12)_1,29    == +1/29[C29xC29^7]
29  : G1^(13)_1,29    == +1/29[C29xC29^15]
29  : G1^(14)_1,29    == +1/1[C1xC29^1]
30  : G1^(0)_1,30     == +1/30[C30xC30^1]
30  : G1^(1)_1,30     == +1/10[C10xC30^1]
30  : G1^(2)_1,30     == +1/6[C6xC30^1]
30  : G1^(3)_1,30     == +1/30[C30xC30^17]
30  : G1^(4)_1,30     == +1/10[C10xC30^7]
30  : G1^(5)_1,30     == +1/30[C30xC30^11]
30  : G1^(6)_1,30     == +1/30[C30xC30^23]
30  : G1^(7)_1,30     == +1/2[C2xC30^1]
30  : G1^(8)_1,30     == +1/30[C30xC30^7]
30  : G1^(9)_1,30     == +1/30[C30xC30^19]
30  : G1^(10)_1,30    == +1/10[C10xC30^3]
30  : G1^(11)_1,30    == +1/30[C30xC30^13]
30  : G1^(12)_1,30    == +1/6[C6xC30^5]
30  : G1^(13)_1,30    == +1/10[C10xC30^9]
30  : G1^(14)_1,30    == +1/30[C30xC30^29]
31  : G1^(0)_1,31     == +1/31[C31xC31^1]
31  : G1^(1)_1,31     == +1/31[C31xC31^21]
31  : G1^(2)_1,31     == +1/31[C31xC31^25]
31  : G1^(3)_1,31     == +1/31[C31xC31^9]
31  : G1^(4)_1,31     == +1/31[C31xC31^7]
31  : G1^(5)_1,31     == +1/31[C31xC31^17]
31  : G1^(6)_1,31     == +1/31[C31xC31^19]
31  : G1^(7)_1,31     == +1/31[C31xC31^29]
31  : G1^(8)_1,31     == +1/31[C31xC31^11]
31  : G1^(9)_1,31     == +1/31[C31xC31^13]
31  : G1^(10)_1,31    == +1/31[C31xC31^3]
31  : G1^(11)_1,31    == +1/31[C31xC31^27]
31  : G1^(12)_1,31    == +1/31[C31xC31^5]
31  : G1^(13)_1,31    == +1/31[C31xC31^23]
31  : G1^(14)_1,31    == +1/31[C31xC31^15]
31  : G1^(15)_1,31    == +1/1[C1xC31^1]
32  : G1^(0)_1,32     == +1/32[C32xC32^1]
32  : G1^(1)_1,32     == +1/32[C32xC32^21]
32  : G1^(2)_1,32     == +1/32[C32xC32^13]
32  : G1^(3)_1,32     == +1/32[C32xC32^9]
32  : G1^(4)_1,32     == +1/32[C32xC32^7]
32  : G1^(5)_1,32     == +1/32[C32xC32^29]
32  : G1^(6)_1,32     == +1/32[C32xC32^5]
32  : G1^(7)_1,32     == +1/32[C32xC32^17]
32  : G1^(8)_1,32     == +1/32[C32xC32^15]
32  : G1^(9)_1,32     == +1/32[C32xC32^27]
32  : G1^(10)_1,32    == +1/32[C32xC32^3]
32  : G1^(11)_1,32    == +1/32[C32xC32^25]
32  : G1^(12)_1,32    == +1/32[C32xC32^23]
32  : G1^(13)_1,32    == +1/32[C32xC32^19]
32  : G1^(14)_1,32    == +1/32[C32xC32^11]
32  : G1^(15)_1,32    == +1/32[C32xC32^31]
33  : G1^(0)_1,33     == +1/33[C33xC33^1]
33  : G1^(1)_1,33     == +1/11[C11xC33^1]
33  : G1^(2)_1,33     == +1/33[C33xC33^13]
33  : G1^(3)_1,33     == +1/33[C33xC33^19]
33  : G1^(4)_1,33     == +1/11[C11xC33^7]
33  : G1^(5)_1,33     == +1/3[C3xC33^1]
33  : G1^(6)_1,33     == +1/33[C33xC33^5]
33  : G1^(7)_1,33     == +1/11[C11xC33^9]
33  : G1^(8)_1,33     == +1/33[C33xC33^31]
33  : G1^(9)_1,33     == +1/33[C33xC33^7]
33  : G1^(10)_1,33    == +1/11[C11xC33^3]
33  : G1^(11)_1,33    == +1/33[C33xC33^23]
33  : G1^(12)_1,33    == +1/33[C33xC33^29]
33  : G1^(13)_1,33    == +1/11[C11xC33^5]
33  : G1^(14)_1,33    == +1/33[C33xC33^25]
33  : G1^(15)_1,33    == +1/33[C33xC33^17]
33  : G1^(16)_1,33    == +1/1[C1xC33^1]
34  : G1^(0)_1,34     == +1/34[C34xC34^1]
34  : G1^(1)_1,34     == +1/34[C34xC34^23]
34  : G1^(2)_1,34     == +1/34[C34xC34^27]
34  : G1^(3)_1,34     == +1/34[C34xC34^29]
34  : G1^(4)_1,34     == +1/34[C34xC34^15]
34  : G1^(5)_1,34     == +1/34[C34xC34^31]
34  : G1^(6)_1,34     == +1/34[C34xC34^21]
34  : G1^(7)_1,34     == +1/34[C34xC34^9]
34  : G1^(8)_1,34     == +1/2[C2xC34^1]
34  : G1^(9)_1,34     == +1/34[C34xC34^25]
34  : G1^(10)_1,34    == +1/34[C34xC34^13]
34  : G1^(11)_1,34    == +1/34[C34xC34^3]
34  : G1^(12)_1,34    == +1/34[C34xC34^19]
34  : G1^(13)_1,34    == +1/34[C34xC34^5]
34  : G1^(14)_1,34    == +1/34[C34xC34^7]
34  : G1^(15)_1,34    == +1/34[C34xC34^11]
34  : G1^(16)_1,34    == +1/34[C34xC34^33]
35  : G1^(0)_1,35     == +1/35[C35xC35^1]
35  : G1^(1)_1,35     == +1/35[C35xC35^23]
35  : G1^(2)_1,35     == +1/7[C7xC35^1]
35  : G1^(3)_1,35     == +1/5[C5xC35^1]
35  : G1^(4)_1,35     == +1/35[C35xC35^31]
35  : G1^(5)_1,35     == +1/35[C35xC35^19]
35  : G1^(6)_1,35     == +1/35[C35xC35^27]
35  : G1^(7)_1,35     == +1/7[C7xC35^5]
35  : G1^(8)_1,35     == +1/35[C35xC35^33]
35  : G1^(9)_1,35     == +1/35[C35xC35^11]
35  : G1^(10)_1,35    == +1/5[C5xC35^3]
35  : G1^(11)_1,35    == +1/35[C35xC35^3]
35  : G1^(12)_1,35    == +1/7[C7xC35^3]
35  : G1^(13)_1,35    == +1/35[C35xC35^13]
35  : G1^(14)_1,35    == +1/35[C35xC35^29]
35  : G1^(15)_1,35    == +1/35[C35xC35^9]
35  : G1^(16)_1,35    == +1/35[C35xC35^17]
35  : G1^(17)_1,35    == +1/1[C1xC35^1]
36  : G1^(0)_1,36     == +1/36[C36xC36^1]
36  : G1^(1)_1,36     == +1/12[C12xC36^1]
36  : G1^(2)_1,36     == +1/36[C36xC36^29]
36  : G1^(3)_1,36     == +1/36[C36xC36^31]
36  : G1^(4)_1,36     == +1/4[C4xC36^1]
36  : G1^(5)_1,36     == +1/36[C36xC36^13]
36  : G1^(6)_1,36     == +1/36[C36xC36^11]
36  : G1^(7)_1,36     == +1/12[C12xC36^5]
36  : G1^(8)_1,36     == +1/36[C36xC36^17]
36  : G1^(9)_1,36     == +1/36[C36xC36^19]
36  : G1^(10)_1,36    == +1/12[C12xC36^7]
36  : G1^(11)_1,36    == +1/36[C36xC36^25]
36  : G1^(12)_1,36    == +1/36[C36xC36^23]
36  : G1^(13)_1,36    == +1/4[C4xC36^3]
36  : G1^(14)_1,36    == +1/36[C36xC36^5]
36  : G1^(15)_1,36    == +1/36[C36xC36^7]
36  : G1^(16)_1,36    == +1/12[C12xC36^11]
36  : G1^(17)_1,36    == +1/36[C36xC36^35]
37  : G1^(0)_1,37     == +1/37[C37xC37^1]
37  : G1^(1)_1,37     == +1/37[C37xC37^25]
37  : G1^(2)_1,37     == +1/37[C37xC37^15]
37  : G1^(3)_1,37     == +1/37[C37xC37^21]
37  : G1^(4)_1,37     == +1/37[C37xC37^33]
37  : G1^(5)_1,37     == +1/37[C37xC37^27]
37  : G1^(6)_1,37     == +1/37[C37xC37^17]
37  : G1^(7)_1,37     == +1/37[C37xC37^5]
37  : G1^(8)_1,37     == +1/37[C37xC37^13]
37  : G1^(9)_1,37     == +1/37[C37xC37^35]
37  : G1^(10)_1,37    == +1/37[C37xC37^7]
37  : G1^(11)_1,37    == +1/37[C37xC37^29]
37  : G1^(12)_1,37    == +1/37[C37xC37^3]
37  : G1^(13)_1,37    == +1/37[C37xC37^11]
37  : G1^(14)_1,37    == +1/37[C37xC37^23]
37  : G1^(15)_1,37    == +1/37[C37xC37^31]
37  : G1^(16)_1,37    == +1/37[C37xC37^9]
37  : G1^(17)_1,37    == +1/37[C37xC37^19]
37  : G1^(18)_1,37    == +1/1[C1xC37^1]
38  : G1^(0)_1,38     == +1/38[C38xC38^1]
38  : G1^(1)_1,38     == +1/38[C38xC38^25]
38  : G1^(2)_1,38     == +1/38[C38xC38^15]
38  : G1^(3)_1,38     == +1/38[C38xC38^11]
38  : G1^(4)_1,38     == +1/38[C38xC38^17]
38  : G1^(5)_1,38     == +1/38[C38xC38^7]
38  : G1^(6)_1,38     == +1/38[C38xC38^35]
38  : G1^(7)_1,38     == +1/38[C38xC38^5]
38  : G1^(8)_1,38     == +1/38[C38xC38^9]
38  : G1^(9)_1,38     == +1/2[C2xC38^1]
38  : G1^(10)_1,38    == +1/38[C38xC38^29]
38  : G1^(11)_1,38    == +1/38[C38xC38^33]
38  : G1^(12)_1,38    == +1/38[C38xC38^3]
38  : G1^(13)_1,38    == +1/38[C38xC38^31]
38  : G1^(14)_1,38    == +1/38[C38xC38^21]
38  : G1^(15)_1,38    == +1/38[C38xC38^27]
38  : G1^(16)_1,38    == +1/38[C38xC38^23]
38  : G1^(17)_1,38    == +1/38[C38xC38^13]
38  : G1^(18)_1,38    == +1/38[C38xC38^37]
39  : G1^(0)_1,39     == +1/39[C39xC39^1]
39  : G1^(1)_1,39     == +1/13[C13xC39^1]
39  : G1^(2)_1,39     == +1/39[C39xC39^31]
39  : G1^(3)_1,39     == +1/39[C39xC39^11]
39  : G1^(4)_1,39     == +1/13[C13xC39^9]
39  : G1^(5)_1,39     == +1/39[C39xC39^7]
39  : G1^(6)_1,39     == +1/3[C3xC39^1]
39  : G1^(7)_1,39     == +1/13[C13xC39^5]
39  : G1^(8)_1,39     == +1/39[C39xC39^23]
39  : G1^(9)_1,39     == +1/39[C39xC39^37]
39  : G1^(10)_1,39    == +1/13[C13xC39^11]
39  : G1^(11)_1,39    == +1/39[C39xC39^17]
39  : G1^(12)_1,39    == +1/39[C39xC39^25]
39  : G1^(13)_1,39    == +1/13[C13xC39^3]
39  : G1^(14)_1,39    == +1/39[C39xC39^35]
39  : G1^(15)_1,39    == +1/39[C39xC39^5]
39  : G1^(16)_1,39    == +1/13[C13xC39^7]
39  : G1^(17)_1,39    == +1/39[C39xC39^29]
39  : G1^(18)_1,39    == +1/39[C39xC39^19]
39  : G1^(19)_1,39    == +1/1[C1xC39^1]
40  : G1^(0)_1,40     == +1/40[C40xC40^1]
40  : G1^(1)_1,40     == +1/40[C40xC40^27]
40  : G1^(2)_1,40     == +1/8[C8xC40^1]
40  : G1^(3)_1,40     == +1/40[C40xC40^23]
40  : G1^(4)_1,40     == +1/40[C40xC40^9]
40  : G1^(5)_1,40     == +1/40[C40xC40^29]
40  : G1^(6)_1,40     == +1/40[C40xC40^37]
40  : G1^(7)_1,40     == +1/8[C8xC40^5]
40  : G1^(8)_1,40     == +1/40[C40xC40^33]
40  : G1^(9)_1,40     == +1/40[C40xC40^21]
40  : G1^(10)_1,40    == +1/40[C40xC40^19]
40  : G1^(11)_1,40    == +1/40[C40xC40^7]
40  : G1^(12)_1,40    == +1/8[C8xC40^3]
40  : G1^(13)_1,40    == +1/40[C40xC40^3]
40  : G1^(14)_1,40    == +1/40[C40xC40^11]
40  : G1^(15)_1,40    == +1/40[C40xC40^31]
40  : G1^(16)_1,40    == +1/40[C40xC40^17]
40  : G1^(17)_1,40    == +1/8[C8xC40^7]
40  : G1^(18)_1,40    == +1/40[C40xC40^13]
40  : G1^(19)_1,40    == +1/40[C40xC40^39]
41  : G1^(0)_1,41     == +1/41[C41xC41^1]
41  : G1^(1)_1,41     == +1/41[C41xC41^27]
41  : G1^(2)_1,41     == +1/41[C41xC41^33]
41  : G1^(3)_1,41     == +1/41[C41xC41^35]
41  : G1^(4)_1,41     == +1/41[C41xC41^9]
41  : G1^(5)_1,41     == +1/41[C41xC41^15]
41  : G1^(6)_1,41     == +1/41[C41xC41^19]
41  : G1^(7)_1,41     == +1/41[C41xC41^11]
41  : G1^(8)_1,41     == +1/41[C41xC41^29]
41  : G1^(9)_1,41     == +1/41[C41xC41^13]
41  : G1^(10)_1,41    == +1/41[C41xC41^39]
41  : G1^(11)_1,41    == +1/41[C41xC41^25]
41  : G1^(12)_1,41    == +1/41[C41xC41^23]
41  : G1^(13)_1,41    == +1/41[C41xC41^3]
41  : G1^(14)_1,41    == +1/41[C41xC41^17]
41  : G1^(15)_1,41    == +1/41[C41xC41^37]
41  : G1^(16)_1,41    == +1/41[C41xC41^5]
41  : G1^(17)_1,41    == +1/41[C41xC41^7]
41  : G1^(18)_1,41    == +1/41[C41xC41^31]
41  : G1^(19)_1,41    == +1/41[C41xC41^21]
41  : G1^(20)_1,41    == +1/1[C1xC41^1]
42  : G1^(0)_1,42     == +1/42[C42xC42^1]
42  : G1^(1)_1,42     == +1/14[C14xC42^1]
42  : G1^(2)_1,42     == +1/42[C42xC42^17]
42  : G1^(3)_1,42     == +1/6[C6xC42^1]
42  : G1^(4)_1,42     == +1/14[C14xC42^9]
42  : G1^(5)_1,42     == +1/42[C42xC42^23]
42  : G1^(6)_1,42     == +1/42[C42xC42^13]
42  : G1^(7)_1,42     == +1/14[C14xC42^11]
42  : G1^(8)_1,42     == +1/42[C42xC42^5]
42  : G1^(9)_1,42     == +1/42[C42xC42^31]
42  : G1^(10)_1,42    == +1/2[C2xC42^1]
42  : G1^(11)_1,42    == +1/42[C42xC42^11]
42  : G1^(12)_1,42    == +1/42[C42xC42^37]
42  : G1^(13)_1,42    == +1/14[C14xC42^3]
42  : G1^(14)_1,42    == +1/42[C42xC42^29]
42  : G1^(15)_1,42    == +1/42[C42xC42^19]
42  : G1^(16)_1,42    == +1/14[C14xC42^5]
42  : G1^(17)_1,42    == +1/6[C6xC42^5]
42  : G1^(18)_1,42    == +1/42[C42xC42^25]
42  : G1^(19)_1,42    == +1/14[C14xC42^13]
42  : G1^(20)_1,42    == +1/42[C42xC42^41]
43  : G1^(0)_1,43     == +1/43[C43xC43^1]
43  : G1^(1)_1,43     == +1/43[C43xC43^29]
43  : G1^(2)_1,43     == +1/43[C43xC43^17]
43  : G1^(3)_1,43     == +1/43[C43xC43^37]
43  : G1^(4)_1,43     == +1/43[C43xC43^19]
43  : G1^(5)_1,43     == +1/43[C43xC43^39]
43  : G1^(6)_1,43     == +1/43[C43xC43^33]
43  : G1^(7)_1,43     == +1/43[C43xC43^23]
43  : G1^(8)_1,43     == +1/43[C43xC43^5]
43  : G1^(9)_1,43     == +1/43[C43xC43^9]
43  : G1^(10)_1,43    == +1/43[C43xC43^41]
43  : G1^(11)_1,43    == +1/43[C43xC43^15]
43  : G1^(12)_1,43    == +1/43[C43xC43^31]
43  : G1^(13)_1,43    == +1/43[C43xC43^35]
43  : G1^(14)_1,43    == +1/43[C43xC43^3]
43  : G1^(15)_1,43    == +1/43[C43xC43^25]
43  : G1^(16)_1,43    == +1/43[C43xC43^13]
43  : G1^(17)_1,43    == +1/43[C43xC43^27]
43  : G1^(18)_1,43    == +1/43[C43xC43^7]
43  : G1^(19)_1,43    == +1/43[C43xC43^11]
43  : G1^(20)_1,43    == +1/43[C43xC43^21]
43  : G1^(21)_1,43    == +1/1[C1xC43^1]
44  : G1^(0)_1,44     == +1/44[C44xC44^1]
44  : G1^(1)_1,44     == +1/44[C44xC44^29]
44  : G1^(2)_1,44     == +1/44[C44xC44^35]
44  : G1^(3)_1,44     == +1/44[C44xC44^25]
44  : G1^(4)_1,44     == +1/44[C44xC44^39]
44  : G1^(5)_1,44     == +1/4[C4xC44^1]
44  : G1^(6)_1,44     == +1/44[C44xC44^27]
44  : G1^(7)_1,44     == +1/44[C44xC44^41]
44  : G1^(8)_1,44     == +1/44[C44xC44^31]
44  : G1^(9)_1,44     == +1/44[C44xC44^37]
44  : G1^(10)_1,44    == +1/44[C44xC44^21]
44  : G1^(11)_1,44    == +1/44[C44xC44^23]
44  : G1^(12)_1,44    == +1/44[C44xC44^7]
44  : G1^(13)_1,44    == +1/44[C44xC44^13]
44  : G1^(14)_1,44    == +1/44[C44xC44^3]
44  : G1^(15)_1,44    == +1/44[C44xC44^17]
44  : G1^(16)_1,44    == +1/4[C4xC44^3]
44  : G1^(17)_1,44    == +1/44[C44xC44^5]
44  : G1^(18)_1,44    == +1/44[C44xC44^19]
44  : G1^(19)_1,44    == +1/44[C44xC44^9]
44  : G1^(20)_1,44    == +1/44[C44xC44^15]
44  : G1^(21)_1,44    == +1/44[C44xC44^43]
45  : G1^(0)_1,45     == +1/45[C45xC45^1]
45  : G1^(1)_1,45     == +1/15[C15xC45^1]
45  : G1^(2)_1,45     == +1/9[C9xC45^1]
45  : G1^(3)_1,45     == +1/45[C45xC45^13]
45  : G1^(4)_1,45     == +1/5[C5xC45^1]
45  : G1^(5)_1,45     == +1/45[C45xC45^41]
45  : G1^(6)_1,45     == +1/45[C45xC45^7]
45  : G1^(7)_1,45     == +1/3[C3xC45^1]
45  : G1^(8)_1,45     == +1/45[C45xC45^37]
45  : G1^(9)_1,45     == +1/45[C45xC45^19]
45  : G1^(10)_1,45    == +1/15[C15xC45^13]
45  : G1^(11)_1,45    == +1/45[C45xC45^43]
45  : G1^(12)_1,45    == +1/9[C9xC45^7]
45  : G1^(13)_1,45    == +1/5[C5xC45^3]
45  : G1^(14)_1,45    == +1/45[C45xC45^31]
45  : G1^(15)_1,45    == +1/45[C45xC45^29]
45  : G1^(16)_1,45    == +1/15[C15xC45^11]
45  : G1^(17)_1,45    == +1/9[C9xC45^5]
45  : G1^(18)_1,45    == +1/45[C45xC45^17]
45  : G1^(19)_1,45    == +1/15[C15xC45^7]
45  : G1^(20)_1,45    == +1/45[C45xC45^11]
45  : G1^(21)_1,45    == +1/45[C45xC45^23]
45  : G1^(22)_1,45    == +1/1[C1xC45^1]
46  : G1^(0)_1,46     == +1/46[C46xC46^1]
46  : G1^(1)_1,46     == +1/46[C46xC46^31]
46  : G1^(2)_1,46     == +1/46[C46xC46^37]
46  : G1^(3)_1,46     == +1/46[C46xC46^13]
46  : G1^(4)_1,46     == +1/46[C46xC46^41]
46  : G1^(5)_1,46     == +1/46[C46xC46^25]
46  : G1^(6)_1,46     == +1/46[C46xC46^7]
46  : G1^(7)_1,46     == +1/46[C46xC46^43]
46  : G1^(8)_1,46     == +1/46[C46xC46^27]
46  : G1^(9)_1,46     == +1/46[C46xC46^29]
46  : G1^(10)_1,46    == +1/46[C46xC46^35]
46  : G1^(11)_1,46    == +1/2[C2xC46^1]
46  : G1^(12)_1,46    == +1/46[C46xC46^11]
46  : G1^(13)_1,46    == +1/46[C46xC46^17]
46  : G1^(14)_1,46    == +1/46[C46xC46^19]
46  : G1^(15)_1,46    == +1/46[C46xC46^3]
46  : G1^(16)_1,46    == +1/46[C46xC46^39]
46  : G1^(17)_1,46    == +1/46[C46xC46^21]
46  : G1^(18)_1,46    == +1/46[C46xC46^5]
46  : G1^(19)_1,46    == +1/46[C46xC46^33]
46  : G1^(20)_1,46    == +1/46[C46xC46^9]
46  : G1^(21)_1,46    == +1/46[C46xC46^15]
46  : G1^(22)_1,46    == +1/46[C46xC46^45]
47  : G1^(0)_1,47     == +1/47[C47xC47^1]
47  : G1^(1)_1,47     == +1/47[C47xC47^31]
47  : G1^(2)_1,47     == +1/47[C47xC47^19]
47  : G1^(3)_1,47     == +1/47[C47xC47^27]
47  : G1^(4)_1,47     == +1/47[C47xC47^21]
47  : G1^(5)_1,47     == +1/47[C47xC47^17]
47  : G1^(6)_1,47     == +1/47[C47xC47^29]
47  : G1^(7)_1,47     == +1/47[C47xC47^25]
47  : G1^(8)_1,47     == +1/47[C47xC47^11]
47  : G1^(9)_1,47     == +1/47[C47xC47^5]
47  : G1^(10)_1,47    == +1/47[C47xC47^9]
47  : G1^(11)_1,47    == +1/47[C47xC47^45]
47  : G1^(12)_1,47    == +1/47[C47xC47^15]
47  : G1^(13)_1,47    == +1/47[C47xC47^7]
47  : G1^(14)_1,47    == +1/47[C47xC47^13]
47  : G1^(15)_1,47    == +1/47[C47xC47^3]
47  : G1^(16)_1,47    == +1/47[C47xC47^37]
47  : G1^(17)_1,47    == +1/47[C47xC47^43]
47  : G1^(18)_1,47    == +1/47[C47xC47^33]
47  : G1^(19)_1,47    == +1/47[C47xC47^41]
47  : G1^(20)_1,47    == +1/47[C47xC47^39]
47  : G1^(21)_1,47    == +1/47[C47xC47^35]
47  : G1^(22)_1,47    == +1/47[C47xC47^23]
47  : G1^(23)_1,47    == +1/1[C1xC47^1]
48  : G1^(0)_1,48     == +1/48[C48xC48^1]
48  : G1^(1)_1,48     == +1/16[C16xC48^1]
48  : G1^(2)_1,48     == +1/48[C48xC48^19]
48  : G1^(3)_1,48     == +1/48[C48xC48^41]
48  : G1^(4)_1,48     == +1/16[C16xC48^11]
48  : G1^(5)_1,48     == +1/48[C48xC48^35]
48  : G1^(6)_1,48     == +1/48[C48xC48^37]
48  : G1^(7)_1,48     == +1/16[C16xC48^13]
48  : G1^(8)_1,48     == +1/48[C48xC48^17]
48  : G1^(9)_1,48     == +1/48[C48xC48^5]
48  : G1^(10)_1,48    == +1/16[C16xC48^9]
48  : G1^(11)_1,48    == +1/48[C48xC48^25]
48  : G1^(12)_1,48    == +1/48[C48xC48^23]
48  : G1^(13)_1,48    == +1/16[C16xC48^7]
48  : G1^(14)_1,48    == +1/48[C48xC48^43]
48  : G1^(15)_1,48    == +1/48[C48xC48^31]
48  : G1^(16)_1,48    == +1/16[C16xC48^3]
48  : G1^(17)_1,48    == +1/48[C48xC48^11]
48  : G1^(18)_1,48    == +1/48[C48xC48^13]
48  : G1^(19)_1,48    == +1/16[C16xC48^5]
48  : G1^(20)_1,48    == +1/48[C48xC48^7]
48  : G1^(21)_1,48    == +1/48[C48xC48^29]
48  : G1^(22)_1,48    == +1/16[C16xC48^15]
48  : G1^(23)_1,48    == +1/48[C48xC48^47]
49  : G1^(0)_1,49     == +1/49[C49xC49^1]
49  : G1^(1)_1,49     == +1/49[C49xC49^33]
49  : G1^(2)_1,49     == +1/49[C49xC49^39]
49  : G1^(3)_1,49     == +1/7[C7xC49^1]
49  : G1^(4)_1,49     == +1/49[C49xC49^11]
49  : G1^(5)_1,49     == +1/49[C49xC49^9]
49  : G1^(6)_1,49     == +1/49[C49xC49^15]
49  : G1^(7)_1,49     == +1/49[C49xC49^13]
49  : G1^(8)_1,49     == +1/49[C49xC49^23]
49  : G1^(9)_1,49     == +1/49[C49xC49^31]
49  : G1^(10)_1,49    == +1/7[C7xC49^5]
49  : G1^(11)_1,49    == +1/49[C49xC49^17]
49  : G1^(12)_1,49    == +1/49[C49xC49^47]
49  : G1^(13)_1,49    == +1/49[C49xC49^29]
49  : G1^(14)_1,49    == +1/49[C49xC49^27]
49  : G1^(15)_1,49    == +1/49[C49xC49^19]
49  : G1^(16)_1,49    == +1/49[C49xC49^3]
49  : G1^(17)_1,49    == +1/7[C7xC49^3]
49  : G1^(18)_1,49    == +1/49[C49xC49^45]
49  : G1^(19)_1,49    == +1/49[C49xC49^5]
49  : G1^(20)_1,49    == +1/49[C49xC49^43]
49  : G1^(21)_1,49    == +1/49[C49xC49^41]
49  : G1^(22)_1,49    == +1/49[C49xC49^37]
49  : G1^(23)_1,49    == +1/49[C49xC49^25]
49  : G1^(24)_1,49    == +1/1[C1xC49^1]
50  : G1^(0)_1,50     == +1/50[C50xC50^1]
50  : G1^(1)_1,50     == +1/50[C50xC50^33]
50  : G1^(2)_1,50     == +1/10[C10xC50^1]
50  : G1^(3)_1,50     == +1/50[C50xC50^43]
50  : G1^(4)_1,50     == +1/50[C50xC50^11]
50  : G1^(5)_1,50     == +1/50[C50xC50^9]
50  : G1^(6)_1,50     == +1/50[C50xC50^23]
50  : G1^(7)_1,50     == +1/10[C10xC50^7]
50  : G1^(8)_1,50     == +1/50[C50xC50^47]
50  : G1^(9)_1,50     == +1/50[C50xC50^21]
50  : G1^(10)_1,50    == +1/50[C50xC50^19]
50  : G1^(11)_1,50    == +1/50[C50xC50^13]
50  : G1^(12)_1,50    == +1/2[C2xC50^1]
50  : G1^(13)_1,50    == +1/50[C50xC50^37]
50  : G1^(14)_1,50    == +1/50[C50xC50^31]
50  : G1^(15)_1,50    == +1/50[C50xC50^29]
50  : G1^(16)_1,50    == +1/50[C50xC50^3]
50  : G1^(17)_1,50    == +1/10[C10xC50^3]
50  : G1^(18)_1,50    == +1/50[C50xC50^27]
50  : G1^(19)_1,50    == +1/50[C50xC50^41]
50  : G1^(20)_1,50    == +1/50[C50xC50^39]
50  : G1^(21)_1,50    == +1/50[C50xC50^7]
50  : G1^(22)_1,50    == +1/10[C10xC50^9]
50  : G1^(23)_1,50    == +1/50[C50xC50^17]
50  : G1^(24)_1,50    == +1/50[C50xC50^49]
2   : G1^(-1)_2,1     == +-1/1[C1xC1^0]
4   : G1^(-1)_2,2     == +-1/1[C1xC2^0]
4   : G1^(0)_2,2      == +-1/2[C2xC2^1]
6   : G1^(-1)_2,3     == +-1/1[C1xC3^0]
6   : G1^(0)_2,3      == +-1/3[C3xC3^1]
8   : G1^(-1)_2,4     == +-1/1[C1xC4^0]
8   : G1^(0)_2,4      == +-1/4[C4xC4^1]
8   : G1^(1)_2,4      == +-1/2[C2xC4^1]
10  : G1^(-1)_2,5     == +-1/1[C1xC5^0]
10  : G1^(0)_2,5      == +-1/5[C5xC5^1]
10  : G1^(1)_2,5      == +-1/5[C5xC5^2]
12  : G1^(-1)_2,6     == +-1/1[C1xC6^0]
12  : G1^(0)_2,6      == +-1/6[C6xC6^1]
12  : G1^(1)_2,6      == +-1/3[C3xC6^1]
12  : G1^(2)_2,6      == +-1/2[C2xC6^1]
14  : G1^(-1)_2,7     == +-1/1[C1xC7^0]
14  : G1^(0)_2,7      == +-1/7[C7xC7^1]
14  : G1^(1)_2,7      == +-1/7[C7xC7^3]
14  : G1^(2)_2,7      == +-1/7[C7xC7^2]
16  : G1^(-1)_2,8     == +-1/1[C1xC8^0]
16  : G1^(0)_2,8      == +-1/8[C8xC8^1]
16  : G1^(1)_2,8      == +-1/4[C4xC8^1]
16  : G1^(2)_2,8      == +-1/8[C8xC8^3]
16  : G1^(3)_2,8      == +-1/2[C2xC8^1]
18  : G1^(-1)_2,9     == +-1/1[C1xC9^0]
18  : G1^(0)_2,9      == +-1/9[C9xC9^1]
18  : G1^(1)_2,9      == +-1/9[C9xC9^4]
18  : G1^(2)_2,9      == +-1/3[C3xC9^1]
18  : G1^(3)_2,9      == +-1/9[C9xC9^2]
20  : G1^(-1)_2,10    == +-1/1[C1xC10^0]
20  : G1^(0)_2,10     == +-1/10[C10xC10^1]
20  : G1^(1)_2,10     == +-1/5[C5xC10^1]
20  : G1^(2)_2,10     == +-1/10[C10xC10^3]
20  : G1^(3)_2,10     == +-1/5[C5xC10^2]
20  : G1^(4)_2,10     == +-1/2[C2xC10^1]
22  : G1^(-1)_2,11    == +-1/1[C1xC11^0]
22  : G1^(0)_2,11     == +-1/11[C11xC11^1]
22  : G1^(1)_2,11     == +-1/11[C11xC11^5]
22  : G1^(2)_2,11     == +-1/11[C11xC11^4]
22  : G1^(3)_2,11     == +-1/11[C11xC11^3]
22  : G1^(4)_2,11     == +-1/11[C11xC11^2]
24  : G1^(-1)_2,12    == +-1/1[C1xC12^0]
24  : G1^(0)_2,12     == +-1/12[C12xC12^1]
24  : G1^(1)_2,12     == +-1/6[C6xC12^1]
24  : G1^(2)_2,12     == +-1/4[C4xC12^1]
24  : G1^(3)_2,12     == +-1/3[C3xC12^1]
24  : G1^(4)_2,12     == +-1/12[C12xC12^5]
24  : G1^(5)_2,12     == +-1/2[C2xC12^1]
26  : G1^(-1)_2,13    == +-1/1[C1xC13^0]
26  : G1^(0)_2,13     == +-1/13[C13xC13^1]
26  : G1^(1)_2,13     == +-1/13[C13xC13^6]
26  : G1^(2)_2,13     == +-1/13[C13xC13^4]
26  : G1^(3)_2,13     == +-1/13[C13xC13^3]
26  : G1^(4)_2,13     == +-1/13[C13xC13^5]
26  : G1^(5)_2,13     == +-1/13[C13xC13^2]
28  : G1^(-1)_2,14    == +-1/1[C1xC14^0]
28  : G1^(0)_2,14     == +-1/14[C14xC14^1]
28  : G1^(1)_2,14     == +-1/7[C7xC14^1]
28  : G1^(2)_2,14     == +-1/14[C14xC14^5]
28  : G1^(3)_2,14     == +-1/7[C7xC14^3]
28  : G1^(4)_2,14     == +-1/14[C14xC14^3]
28  : G1^(5)_2,14     == +-1/7[C7xC14^2]
28  : G1^(6)_2,14     == +-1/2[C2xC14^1]
30  : G1^(-1)_2,15    == +-1/1[C1xC15^0]
30  : G1^(0)_2,15     == +-1/15[C15xC15^1]
30  : G1^(1)_2,15     == +-1/15[C15xC15^7]
30  : G1^(2)_2,15     == +-1/5[C5xC15^1]
30  : G1^(3)_2,15     == +-1/15[C15xC15^4]
30  : G1^(4)_2,15     == +-1/3[C3xC15^1]
30  : G1^(5)_2,15     == +-1/5[C5xC15^2]
30  : G1^(6)_2,15     == +-1/15[C15xC15^2]
32  : G1^(-1)_2,16    == +-1/1[C1xC16^0]
32  : G1^(0)_2,16     == +-1/16[C16xC16^1]
32  : G1^(1)_2,16     == +-1/8[C8xC16^1]
32  : G1^(2)_2,16     == +-1/16[C16xC16^5]
32  : G1^(3)_2,16     == +-1/4[C4xC16^1]
32  : G1^(4)_2,16     == +-1/16[C16xC16^3]
32  : G1^(5)_2,16     == +-1/8[C8xC16^3]
32  : G1^(6)_2,16     == +-1/16[C16xC16^7]
32  : G1^(7)_2,16     == +-1/2[C2xC16^1]
34  : G1^(-1)_2,17    == +-1/1[C1xC17^0]
34  : G1^(0)_2,17     == +-1/17[C17xC17^1]
34  : G1^(1)_2,17     == +-1/17[C17xC17^8]
34  : G1^(2)_2,17     == +-1/17[C17xC17^6]
34  : G1^(3)_2,17     == +-1/17[C17xC17^4]
34  : G1^(4)_2,17     == +-1/17[C17xC17^7]
34  : G1^(5)_2,17     == +-1/17[C17xC17^3]
34  : G1^(6)_2,17     == +-1/17[C17xC17^5]
34  : G1^(7)_2,17     == +-1/17[C17xC17^2]
36  : G1^(-1)_2,18    == +-1/1[C1xC18^0]
36  : G1^(0)_2,18     == +-1/18[C18xC18^1]
36  : G1^(1)_2,18     == +-1/9[C9xC18^1]
36  : G1^(2)_2,18     == +-1/6[C6xC18^1]
36  : G1^(3)_2,18     == +-1/9[C9xC18^4]
36  : G1^(4)_2,18     == +-1/18[C18xC18^7]
36  : G1^(5)_2,18     == +-1/3[C3xC18^1]
36  : G1^(6)_2,18     == +-1/18[C18xC18^5]
36  : G1^(7)_2,18     == +-1/9[C9xC18^2]
36  : G1^(8)_2,18     == +-1/2[C2xC18^1]
38  : G1^(-1)_2,19    == +-1/1[C1xC19^0]
38  : G1^(0)_2,19     == +-1/19[C19xC19^1]
38  : G1^(1)_2,19     == +-1/19[C19xC19^9]
38  : G1^(2)_2,19     == +-1/19[C19xC19^6]
38  : G1^(3)_2,19     == +-1/19[C19xC19^5]
38  : G1^(4)_2,19     == +-1/19[C19xC19^4]
38  : G1^(5)_2,19     == +-1/19[C19xC19^3]
38  : G1^(6)_2,19     == +-1/19[C19xC19^8]
38  : G1^(7)_2,19     == +-1/19[C19xC19^7]
38  : G1^(8)_2,19     == +-1/19[C19xC19^2]
40  : G1^(-1)_2,20    == +-1/1[C1xC20^0]
40  : G1^(0)_2,20     == +-1/20[C20xC20^1]
40  : G1^(1)_2,20     == +-1/10[C10xC20^1]
40  : G1^(2)_2,20     == +-1/20[C20xC20^7]
40  : G1^(3)_2,20     == +-1/5[C5xC20^1]
40  : G1^(4)_2,20     == +-1/4[C4xC20^1]
40  : G1^(5)_2,20     == +-1/10[C10xC20^3]
40  : G1^(6)_2,20     == +-1/20[C20xC20^3]
40  : G1^(7)_2,20     == +-1/5[C5xC20^2]
40  : G1^(8)_2,20     == +-1/20[C20xC20^9]
40  : G1^(9)_2,20     == +-1/2[C2xC20^1]
42  : G1^(-1)_2,21    == +-1/1[C1xC21^0]
42  : G1^(0)_2,21     == +-1/21[C21xC21^1]
42  : G1^(1)_2,21     == +-1/21[C21xC21^10]
42  : G1^(2)_2,21     == +-1/7[C7xC21^1]
42  : G1^(3)_2,21     == +-1/21[C21xC21^5]
42  : G1^(4)_2,21     == +-1/21[C21xC21^4]
42  : G1^(5)_2,21     == +-1/7[C7xC21^3]
42  : G1^(6)_2,21     == +-1/3[C3xC21^1]
42  : G1^(7)_2,21     == +-1/21[C21xC21^8]
42  : G1^(8)_2,21     == +-1/7[C7xC21^2]
42  : G1^(9)_2,21     == +-1/21[C21xC21^2]
44  : G1^(-1)_2,22    == +-1/1[C1xC22^0]
44  : G1^(0)_2,22     == +-1/22[C22xC22^1]
44  : G1^(1)_2,22     == +-1/11[C11xC22^1]
44  : G1^(2)_2,22     == +-1/22[C22xC22^7]
44  : G1^(3)_2,22     == +-1/11[C11xC22^5]
44  : G1^(4)_2,22     == +-1/22[C22xC22^9]
44  : G1^(5)_2,22     == +-1/11[C11xC22^4]
44  : G1^(6)_2,22     == +-1/22[C22xC22^3]
44  : G1^(7)_2,22     == +-1/11[C11xC22^3]
44  : G1^(8)_2,22     == +-1/22[C22xC22^5]
44  : G1^(9)_2,22     == +-1/11[C11xC22^2]
44  : G1^(10)_2,22    == +-1/2[C2xC22^1]
46  : G1^(-1)_2,23    == +-1/1[C1xC23^0]
46  : G1^(0)_2,23     == +-1/23[C23xC23^1]
46  : G1^(1)_2,23     == +-1/23[C23xC23^11]
46  : G1^(2)_2,23     == +-1/23[C23xC23^8]
46  : G1^(3)_2,23     == +-1/23[C23xC23^6]
46  : G1^(4)_2,23     == +-1/23[C23xC23^9]
46  : G1^(5)_2,23     == +-1/23[C23xC23^4]
46  : G1^(6)_2,23     == +-1/23[C23xC23^10]
46  : G1^(7)_2,23     == +-1/23[C23xC23^3]
46  : G1^(8)_2,23     == +-1/23[C23xC23^5]
46  : G1^(9)_2,23     == +-1/23[C23xC23^7]
46  : G1^(10)_2,23    == +-1/23[C23xC23^2]
48  : G1^(-1)_2,24    == +-1/1[C1xC24^0]
48  : G1^(0)_2,24     == +-1/24[C24xC24^1]
48  : G1^(1)_2,24     == +-1/12[C12xC24^1]
48  : G1^(2)_2,24     == +-1/8[C8xC24^1]
48  : G1^(3)_2,24     == +-1/6[C6xC24^1]
48  : G1^(4)_2,24     == +-1/24[C24xC24^5]
48  : G1^(5)_2,24     == +-1/4[C4xC24^1]
48  : G1^(6)_2,24     == +-1/24[C24xC24^7]
48  : G1^(7)_2,24     == +-1/3[C3xC24^1]
48  : G1^(8)_2,24     == +-1/8[C8xC24^3]
48  : G1^(9)_2,24     == +-1/12[C12xC24^5]
48  : G1^(10)_2,24    == +-1/24[C24xC24^11]
48  : G1^(11)_2,24    == +-1/2[C2xC24^1]
50  : G1^(-1)_2,25    == +-1/1[C1xC25^0]
50  : G1^(0)_2,25     == +-1/25[C25xC25^1]
50  : G1^(1)_2,25     == +-1/25[C25xC25^12]
50  : G1^(2)_2,25     == +-1/25[C25xC25^8]
50  : G1^(3)_2,25     == +-1/25[C25xC25^6]
50  : G1^(4)_2,25     == +-1/5[C5xC25^1]
50  : G1^(5)_2,25     == +-1/25[C25xC25^4]
50  : G1^(6)_2,25     == +-1/25[C25xC25^7]
50  : G1^(7)_2,25     == +-1/25[C25xC25^3]
50  : G1^(8)_2,25     == +-1/25[C25xC25^11]
50  : G1^(9)_2,25     == +-1/5[C5xC25^2]
50  : G1^(10)_2,25    == +-1/25[C25xC25^9]
50  : G1^(11)_2,25    == +-1/25[C25xC25^2]
3   : G1^(-1)_3,1     == +1/1[C3xC1^1]
6   : G1^(-1)_3,2     == +1/2[C6xC2^1]
9   : G1^(-1)_3,3     == +1/3[C9xC3^1]
9   : G1^(0)_3,3      == +1/1[C3xC3^1]
12  : G1^(-1)_3,4     == +1/4[C12xC4^1]
12  : G1^(0)_3,4      == +1/4[C12xC4^3]
15  : G1^(-1)_3,5     == +1/5[C15xC5^1]
15  : G1^(0)_3,5      == +1/5[C15xC5^3]
15  : G1^(1)_3,5      == +1/1[C3xC5^1]
18  : G1^(-1)_3,6     == +1/6[C18xC6^1]
18  : G1^(0)_3,6      == +1/2[C6xC6^1]
18  : G1^(1)_3,6      == +1/6[C18xC6^5]
21  : G1^(-1)_3,7     == +1/7[C21xC7^1]
21  : G1^(0)_3,7      == +1/7[C21xC7^5]
21  : G1^(1)_3,7      == +1/7[C21xC7^3]
21  : G1^(2)_3,7      == +1/1[C3xC7^1]
24  : G1^(-1)_3,8     == +1/8[C24xC8^1]
24  : G1^(0)_3,8      == +1/8[C24xC8^5]
24  : G1^(1)_3,8      == +1/8[C24xC8^3]
24  : G1^(2)_3,8      == +1/8[C24xC8^7]
27  : G1^(-1)_3,9     == +1/9[C27xC9^1]
27  : G1^(0)_3,9      == +1/3[C9xC9^1]
27  : G1^(1)_3,9      == +1/9[C27xC9^7]
27  : G1^(2)_3,9      == +1/9[C27xC9^5]
27  : G1^(3)_3,9      == +1/1[C3xC9^1]
30  : G1^(-1)_3,10    == +1/10[C30xC10^1]
30  : G1^(0)_3,10     == +1/10[C30xC10^7]
30  : G1^(1)_3,10     == +1/2[C6xC10^1]
30  : G1^(2)_3,10     == +1/10[C30xC10^3]
30  : G1^(3)_3,10     == +1/10[C30xC10^9]
33  : G1^(-1)_3,11    == +1/11[C33xC11^1]
33  : G1^(0)_3,11     == +1/11[C33xC11^7]
33  : G1^(1)_3,11     == +1/11[C33xC11^9]
33  : G1^(2)_3,11     == +1/11[C33xC11^3]
33  : G1^(3)_3,11     == +1/11[C33xC11^5]
33  : G1^(4)_3,11     == +1/1[C3xC11^1]
36  : G1^(-1)_3,12    == +1/12[C36xC12^1]
36  : G1^(0)_3,12     == +1/4[C12xC12^1]
36  : G1^(1)_3,12     == +1/12[C36xC12^5]
36  : G1^(2)_3,12     == +1/12[C36xC12^7]
36  : G1^(3)_3,12     == +1/4[C12xC12^3]
36  : G1^(4)_3,12     == +1/12[C36xC12^11]
39  : G1^(-1)_3,13    == +1/13[C39xC13^1]
39  : G1^(0)_3,13     == +1/13[C39xC13^9]
39  : G1^(1)_3,13     == +1/13[C39xC13^5]
39  : G1^(2)_3,13     == +1/13[C39xC13^11]
39  : G1^(3)_3,13     == +1/13[C39xC13^3]
39  : G1^(4)_3,13     == +1/13[C39xC13^7]
39  : G1^(5)_3,13     == +1/1[C3xC13^1]
42  : G1^(-1)_3,14    == +1/14[C42xC14^1]
42  : G1^(0)_3,14     == +1/14[C42xC14^9]
42  : G1^(1)_3,14     == +1/14[C42xC14^11]
42  : G1^(2)_3,14     == +1/2[C6xC14^1]
42  : G1^(3)_3,14     == +1/14[C42xC14^3]
42  : G1^(4)_3,14     == +1/14[C42xC14^5]
42  : G1^(5)_3,14     == +1/14[C42xC14^13]
45  : G1^(-1)_3,15    == +1/15[C45xC15^1]
45  : G1^(0)_3,15     == +1/5[C15xC15^1]
45  : G1^(1)_3,15     == +1/3[C9xC15^1]
45  : G1^(2)_3,15     == +1/15[C45xC15^13]
45  : G1^(3)_3,15     == +1/5[C15xC15^3]
45  : G1^(4)_3,15     == +1/15[C45xC15^11]
45  : G1^(5)_3,15     == +1/15[C45xC15^7]
45  : G1^(6)_3,15     == +1/1[C3xC15^1]
48  : G1^(-1)_3,16    == +1/16[C48xC16^1]
48  : G1^(0)_3,16     == +1/16[C48xC16^11]
48  : G1^(1)_3,16     == +1/16[C48xC16^13]
48  : G1^(2)_3,16     == +1/16[C48xC16^9]
48  : G1^(3)_3,16     == +1/16[C48xC16^7]
48  : G1^(4)_3,16     == +1/16[C48xC16^3]
48  : G1^(5)_3,16     == +1/16[C48xC16^5]
48  : G1^(6)_3,16     == +1/16[C48xC16^15]
4   : G1^(-2)_4,1     == +-1/1[C2xC1^0]
8   : G1^(-2)_4,2     == +-1/1[C2xC2^0]
8   : G1^(-1)_4,2     == +-1/2[C4xC2^1]
12  : G1^(-2)_4,3     == +-1/1[C2xC3^0]
12  : G1^(-1)_4,3     == +-1/3[C6xC3^1]
16  : G1^(-2)_4,4     == +-1/1[C2xC4^0]
16  : G1^(-1)_4,4     == +-1/4[C8xC4^1]
16  : G1^(0)_4,4      == +-1/2[C4xC4^1]
20  : G1^(-2)_4,5     == +-1/1[C2xC5^0]
20  : G1^(-1)_4,5     == +-1/5[C10xC5^1]
20  : G1^(0)_4,5      == +-1/5[C10xC5^2]
24  : G1^(-2)_4,6     == +-1/1[C2xC6^0]
24  : G1^(-1)_4,6     == +-1/6[C12xC6^1]
24  : G1^(0)_4,6      == +-1/3[C6xC6^1]
24  : G1^(1)_4,6      == +-1/2[C4xC6^1]
28  : G1^(-2)_4,7     == +-1/1[C2xC7^0]
28  : G1^(-1)_4,7     == +-1/7[C14xC7^1]
28  : G1^(0)_4,7      == +-1/7[C14xC7^3]
28  : G1^(1)_4,7      == +-1/7[C14xC7^2]
32  : G1^(-2)_4,8     == +-1/1[C2xC8^0]
32  : G1^(-1)_4,8     == +-1/8[C16xC8^1]
32  : G1^(0)_4,8      == +-1/4[C8xC8^1]
32  : G1^(1)_4,8      == +-1/8[C16xC8^3]
32  : G1^(2)_4,8      == +-1/2[C4xC8^1]
36  : G1^(-2)_4,9     == +-1/1[C2xC9^0]
36  : G1^(-1)_4,9     == +-1/9[C18xC9^1]
36  : G1^(0)_4,9      == +-1/9[C18xC9^4]
36  : G1^(1)_4,9      == +-1/3[C6xC9^1]
36  : G1^(2)_4,9      == +-1/9[C18xC9^2]
40  : G1^(-2)_4,10    == +-1/1[C2xC10^0]
40  : G1^(-1)_4,10    == +-1/10[C20xC10^1]
40  : G1^(0)_4,10     == +-1/5[C10xC10^1]
40  : G1^(1)_4,10     == +-1/10[C20xC10^3]
40  : G1^(2)_4,10     == +-1/5[C10xC10^2]
40  : G1^(3)_4,10     == +-1/2[C4xC10^1]
44  : G1^(-2)_4,11    == +-1/1[C2xC11^0]
44  : G1^(-1)_4,11    == +-1/11[C22xC11^1]
44  : G1^(0)_4,11     == +-1/11[C22xC11^5]
44  : G1^(1)_4,11     == +-1/11[C22xC11^4]
44  : G1^(2)_4,11     == +-1/11[C22xC11^3]
44  : G1^(3)_4,11     == +-1/11[C22xC11^2]
48  : G1^(-2)_4,12    == +-1/1[C2xC12^0]
48  : G1^(-1)_4,12    == +-1/12[C24xC12^1]
48  : G1^(0)_4,12     == +-1/6[C12xC12^1]
48  : G1^(1)_4,12     == +-1/4[C8xC12^1]
48  : G1^(2)_4,12     == +-1/3[C6xC12^1]
48  : G1^(3)_4,12     == +-1/12[C24xC12^5]
48  : G1^(4)_4,12     == +-1/2[C4xC12^1]
5   : G1^(-2)_5,1     == +1/1[C5xC1^1]
10  : G1^(-2)_5,2     == +1/2[C10xC2^1]
15  : G1^(-2)_5,3     == +1/3[C15xC3^1]
15  : G1^(-1)_5,3     == +1/1[C5xC3^1]
20  : G1^(-2)_5,4     == +1/4[C20xC4^1]
20  : G1^(-1)_5,4     == +1/4[C20xC4^3]
25  : G1^(-2)_5,5     == +1/5[C25xC5^1]
25  : G1^(-1)_5,5     == +1/5[C25xC5^3]
25  : G1^(0)_5,5      == +1/1[C5xC5^1]
30  : G1^(-2)_5,6     == +1/6[C30xC6^1]
30  : G1^(-1)_5,6     == +1/2[C10xC6^1]
30  : G1^(0)_5,6      == +1/6[C30xC6^5]
35  : G1^(-2)_5,7     == +1/7[C35xC7^1]
35  : G1^(-1)_5,7     == +1/7[C35xC7^5]
35  : G1^(0)_5,7      == +1/7[C35xC7^3]
35  : G1^(1)_5,7      == +1/1[C5xC7^1]
40  : G1^(-2)_5,8     == +1/8[C40xC8^1]
40  : G1^(-1)_5,8     == +1/8[C40xC8^5]
40  : G1^(0)_5,8      == +1/8[C40xC8^3]
40  : G1^(1)_5,8      == +1/8[C40xC8^7]
45  : G1^(-2)_5,9     == +1/9[C45xC9^1]
45  : G1^(-1)_5,9     == +1/3[C15xC9^1]
45  : G1^(0)_5,9      == +1/9[C45xC9^7]
45  : G1^(1)_5,9      == +1/9[C45xC9^5]
45  : G1^(2)_5,9      == +1/1[C5xC9^1]
50  : G1^(-2)_5,10    == +1/10[C50xC10^1]
50  : G1^(-1)_5,10    == +1/10[C50xC10^7]
50  : G1^(0)_5,10     == +1/2[C10xC10^1]
50  : G1^(1)_5,10     == +1/10[C50xC10^3]
50  : G1^(2)_5,10     == +1/10[C50xC10^9]
6   : G1^(-3)_6,1     == +-1/1[C3xC1^0]
12  : G1^(-3)_6,2     == +-1/1[C3xC2^0]
12  : G1^(-2)_6,2     == +-1/2[C6xC2^1]
18  : G1^(-3)_6,3     == +-1/1[C3xC3^0]
18  : G1^(-2)_6,3     == +-1/3[C9xC3^1]
24  : G1^(-3)_6,4     == +-1/1[C3xC4^0]
24  : G1^(-2)_6,4     == +-1/4[C12xC4^1]
24  : G1^(-1)_6,4     == +-1/2[C6xC4^1]
30  : G1^(-3)_6,5     == +-1/1[C3xC5^0]
30  : G1^(-2)_6,5     == +-1/5[C15xC5^1]
30  : G1^(-1)_6,5     == +-1/5[C15xC5^2]
36  : G1^(-3)_6,6     == +-1/1[C3xC6^0]
36  : G1^(-2)_6,6     == +-1/6[C18xC6^1]
36  : G1^(-1)_6,6     == +-1/3[C9xC6^1]
36  : G1^(0)_6,6      == +-1/2[C6xC6^1]
42  : G1^(-3)_6,7     == +-1/1[C3xC7^0]
42  : G1^(-2)_6,7     == +-1/7[C21xC7^1]
42  : G1^(-1)_6,7     == +-1/7[C21xC7^3]
42  : G1^(0)_6,7      == +-1/7[C21xC7^2]
48  : G1^(-3)_6,8     == +-1/1[C3xC8^0]
48  : G1^(-2)_6,8     == +-1/8[C24xC8^1]
48  : G1^(-1)_6,8     == +-1/4[C12xC8^1]
48  : G1^(0)_6,8      == +-1/8[C24xC8^3]
48  : G1^(1)_6,8      == +-1/2[C6xC8^1]
7   : G1^(-3)_7,1     == +1/1[C7xC1^1]
14  : G1^(-3)_7,2     == +1/2[C14xC2^1]
21  : G1^(-3)_7,3     == +1/3[C21xC3^1]
21  : G1^(-2)_7,3     == +1/1[C7xC3^1]
28  : G1^(-3)_7,4     == +1/4[C28xC4^1]
28  : G1^(-2)_7,4     == +1/4[C28xC4^3]
35  : G1^(-3)_7,5     == +1/5[C35xC5^1]
35  : G1^(-2)_7,5     == +1/5[C35xC5^3]
35  : G1^(-1)_7,5     == +1/1[C7xC5^1]
42  : G1^(-3)_7,6     == +1/6[C42xC6^1]
42  : G1^(-2)_7,6     == +1/2[C14xC6^1]
42  : G1^(-1)_7,6     == +1/6[C42xC6^5]
49  : G1^(-3)_7,7     == +1/7[C49xC7^1]
49  : G1^(-2)_7,7     == +1/7[C49xC7^5]
49  : G1^(-1)_7,7     == +1/7[C49xC7^3]
49  : G1^(0)_7,7      == +1/1[C7xC7^1]
8   : G1^(-4)_8,1     == +-1/1[C4xC1^0]
16  : G1^(-4)_8,2     == +-1/1[C4xC2^0]
16  : G1^(-3)_8,2     == +-1/2[C8xC2^1]
24  : G1^(-4)_8,3     == +-1/1[C4xC3^0]
24  : G1^(-3)_8,3     == +-1/3[C12xC3^1]
32  : G1^(-4)_8,4     == +-1/1[C4xC4^0]
32  : G1^(-3)_8,4     == +-1/4[C16xC4^1]
32  : G1^(-2)_8,4     == +-1/2[C8xC4^1]
40  : G1^(-4)_8,5     == +-1/1[C4xC5^0]
40  : G1^(-3)_8,5     == +-1/5[C20xC5^1]
40  : G1^(-2)_8,5     == +-1/5[C20xC5^2]
48  : G1^(-4)_8,6     == +-1/1[C4xC6^0]
48  : G1^(-3)_8,6     == +-1/6[C24xC6^1]
48  : G1^(-2)_8,6     == +-1/3[C12xC6^1]
48  : G1^(-1)_8,6     == +-1/2[C8xC6^1]
9   : G1^(-4)_9,1     == +1/1[C9xC1^1]
18  : G1^(-4)_9,2     == +1/2[C18xC2^1]
27  : G1^(-4)_9,3     == +1/3[C27xC3^1]
27  : G1^(-3)_9,3     == +1/1[C9xC3^1]
36  : G1^(-4)_9,4     == +1/4[C36xC4^1]
36  : G1^(-3)_9,4     == +1/4[C36xC4^3]
45  : G1^(-4)_9,5     == +1/5[C45xC5^1]
45  : G1^(-3)_9,5     == +1/5[C45xC5^3]
45  : G1^(-2)_9,5     == +1/1[C9xC5^1]
10  : G1^(-5)_10,1    == +-1/1[C5xC1^0]
20  : G1^(-5)_10,2    == +-1/1[C5xC2^0]
20  : G1^(-4)_10,2    == +-1/2[C10xC2^1]
30  : G1^(-5)_10,3    == +-1/1[C5xC3^0]
30  : G1^(-4)_10,3    == +-1/3[C15xC3^1]
40  : G1^(-5)_10,4    == +-1/1[C5xC4^0]
40  : G1^(-4)_10,4    == +-1/4[C20xC4^1]
40  : G1^(-3)_10,4    == +-1/2[C10xC4^1]
50  : G1^(-5)_10,5    == +-1/1[C5xC5^0]
50  : G1^(-4)_10,5    == +-1/5[C25xC5^1]
50  : G1^(-3)_10,5    == +-1/5[C25xC5^2]
11  : G1^(-5)_11,1    == +1/1[C11xC1^1]
22  : G1^(-5)_11,2    == +1/2[C22xC2^1]
33  : G1^(-5)_11,3    == +1/3[C33xC3^1]
33  : G1^(-4)_11,3    == +1/1[C11xC3^1]
44  : G1^(-5)_11,4    == +1/4[C44xC4^1]
44  : G1^(-4)_11,4    == +1/4[C44xC4^3]
12  : G1^(-6)_12,1    == +-1/1[C6xC1^0]
24  : G1^(-6)_12,2    == +-1/1[C6xC2^0]
24  : G1^(-5)_12,2    == +-1/2[C12xC2^1]
36  : G1^(-6)_12,3    == +-1/1[C6xC3^0]
36  : G1^(-5)_12,3    == +-1/3[C18xC3^1]
48  : G1^(-6)_12,4    == +-1/1[C6xC4^0]
48  : G1^(-5)_12,4    == +-1/4[C24xC4^1]
48  : G1^(-4)_12,4    == +-1/2[C12xC4^1]
13  : G1^(-6)_13,1    == +1/1[C13xC1^1]
26  : G1^(-6)_13,2    == +1/2[C26xC2^1]
39  : G1^(-6)_13,3    == +1/3[C39xC3^1]
39  : G1^(-5)_13,3    == +1/1[C13xC3^1]
14  : G1^(-7)_14,1    == +-1/1[C7xC1^0]
28  : G1^(-7)_14,2    == +-1/1[C7xC2^0]
28  : G1^(-6)_14,2    == +-1/2[C14xC2^1]
42  : G1^(-7)_14,3    == +-1/1[C7xC3^0]
42  : G1^(-6)_14,3    == +-1/3[C21xC3^1]
15  : G1^(-7)_15,1    == +1/1[C15xC1^1]
30  : G1^(-7)_15,2    == +1/2[C30xC2^1]
45  : G1^(-7)_15,3    == +1/3[C45xC3^1]
45  : G1^(-6)_15,3    == +1/1[C15xC3^1]
16  : G1^(-8)_16,1    == +-1/1[C8xC1^0]
32  : G1^(-8)_16,2    == +-1/1[C8xC2^0]
32  : G1^(-7)_16,2    == +-1/2[C16xC2^1]
48  : G1^(-8)_16,3    == +-1/1[C8xC3^0]
48  : G1^(-7)_16,3    == +-1/3[C24xC3^1]
17  : G1^(-8)_17,1    == +1/1[C17xC1^1]
34  : G1^(-8)_17,2    == +1/2[C34xC2^1]
18  : G1^(-9)_18,1    == +-1/1[C9xC1^0]
36  : G1^(-9)_18,2    == +-1/1[C9xC2^0]
36  : G1^(-8)_18,2    == +-1/2[C18xC2^1]
19  : G1^(-9)_19,1    == +1/1[C19xC1^1]
38  : G1^(-9)_19,2    == +1/2[C38xC2^1]
20  : G1^(-10)_20,1   == +-1/1[C10xC1^0]
40  : G1^(-10)_20,2   == +-1/1[C10xC2^0]
40  : G1^(-9)_20,2    == +-1/2[C20xC2^1]
21  : G1^(-10)_21,1   == +1/1[C21xC1^1]
42  : G1^(-10)_21,2   == +1/2[C42xC2^1]
22  : G1^(-11)_22,1   == +-1/1[C11xC1^0]
44  : G1^(-11)_22,2   == +-1/1[C11xC2^0]
44  : G1^(-10)_22,2   == +-1/2[C22xC2^1]
23  : G1^(-11)_23,1   == +1/1[C23xC1^1]
46  : G1^(-11)_23,2   == +1/2[C46xC2^1]
24  : G1^(-12)_24,1   == +-1/1[C12xC1^0]
48  : G1^(-12)_24,2   == +-1/1[C12xC2^0]
48  : G1^(-11)_24,2   == +-1/2[C24xC2^1]
25  : G1^(-12)_25,1   == +1/1[C25xC1^1]
50  : G1^(-12)_25,2   == +1/2[C50xC2^1]
26  : G1^(-13)_26,1   == +-1/1[C13xC1^0]
27  : G1^(-13)_27,1   == +1/1[C27xC1^1]
28  : G1^(-14)_28,1   == +-1/1[C14xC1^0]
29  : G1^(-14)_29,1   == +1/1[C29xC1^1]
30  : G1^(-15)_30,1   == +-1/1[C15xC1^0]
31  : G1^(-15)_31,1   == +1/1[C31xC1^1]
32  : G1^(-16)_32,1   == +-1/1[C16xC1^0]
33  : G1^(-16)_33,1   == +1/1[C33xC1^1]
34  : G1^(-17)_34,1   == +-1/1[C17xC1^0]
35  : G1^(-17)_35,1   == +1/1[C35xC1^1]
36  : G1^(-18)_36,1   == +-1/1[C18xC1^0]
37  : G1^(-18)_37,1   == +1/1[C37xC1^1]
38  : G1^(-19)_38,1   == +-1/1[C19xC1^0]
39  : G1^(-19)_39,1   == +1/1[C39xC1^1]
40  : G1^(-20)_40,1   == +-1/1[C20xC1^0]
41  : G1^(-20)_41,1   == +1/1[C41xC1^1]
42  : G1^(-21)_42,1   == +-1/1[C21xC1^0]
43  : G1^(-21)_43,1   == +1/1[C43xC1^1]
44  : G1^(-22)_44,1   == +-1/1[C22xC1^0]
45  : G1^(-22)_45,1   == +1/1[C45xC1^1]
46  : G1^(-23)_46,1   == +-1/1[C23xC1^0]
47  : G1^(-23)_47,1   == +1/1[C47xC1^1]
48  : G1^(-24)_48,1   == +-1/1[C24xC1^0]
49  : G1^(-24)_49,1   == +1/1[C49xC1^1]
50  : G1^(-25)_50,1   == +-1/1[C25xC1^0]
4   : G.^(0)_1,2      == +1/4[D4xD4^1]
6   : G.^(0)_1,3      == +1/6[D6xD6^1]
6   : G.^(1)_1,3      == +1/2[D2xD6^1]
8   : G.^(0)_1,4      == +1/8[D8xD8^1]
8   : G.^(1)_1,4      == +1/8[D8xD8^3]
10  : G.^(0)_1,5      == +1/10[D10xD10^1]
10  : G.^(1)_1,5      == +1/10[D10xD10^3]
10  : G.^(2)_1,5      == +1/2[D2xD10^1]
12  : G.^(0)_1,6      == +1/12[D12xD12^1]
12  : G.^(1)_1,6      == +1/4[D4xD12^1]
12  : G.^(2)_1,6      == +1/12[D12xD12^5]
14  : G.^(0)_1,7      == +1/14[D14xD14^1]
14  : G.^(1)_1,7      == +1/14[D14xD14^5]
14  : G.^(2)_1,7      == +1/14[D14xD14^3]
14  : G.^(3)_1,7      == +1/2[D2xD14^1]
16  : G.^(0)_1,8      == +1/16[D16xD16^1]
16  : G.^(1)_1,8      == +1/16[D16xD16^5]
16  : G.^(2)_1,8      == +1/16[D16xD16^3]
16  : G.^(3)_1,8      == +1/16[D16xD16^7]
18  : G.^(0)_1,9      == +1/18[D18xD18^1]
18  : G.^(1)_1,9      == +1/6[D6xD18^1]
18  : G.^(2)_1,9      == +1/18[D18xD18^7]
18  : G.^(3)_1,9      == +1/18[D18xD18^5]
18  : G.^(4)_1,9      == +1/2[D2xD18^1]
20  : G.^(0)_1,10     == +1/20[D20xD20^1]
20  : G.^(1)_1,10     == +1/20[D20xD20^7]
20  : G.^(2)_1,10     == +1/4[D4xD20^1]
20  : G.^(3)_1,10     == +1/20[D20xD20^3]
20  : G.^(4)_1,10     == +1/20[D20xD20^9]
22  : G.^(0)_1,11     == +1/22[D22xD22^1]
22  : G.^(1)_1,11     == +1/22[D22xD22^7]
22  : G.^(2)_1,11     == +1/22[D22xD22^9]
22  : G.^(3)_1,11     == +1/22[D22xD22^3]
22  : G.^(4)_1,11     == +1/22[D22xD22^5]
22  : G.^(5)_1,11     == +1/2[D2xD22^1]
24  : G.^(0)_1,12     == +1/24[D24xD24^1]
24  : G.^(1)_1,12     == +1/8[D8xD24^1]
24  : G.^(2)_1,12     == +1/24[D24xD24^5]
24  : G.^(3)_1,12     == +1/24[D24xD24^7]
24  : G.^(4)_1,12     == +1/8[D8xD24^3]
24  : G.^(5)_1,12     == +1/24[D24xD24^11]
26  : G.^(0)_1,13     == +1/26[D26xD26^1]
26  : G.^(1)_1,13     == +1/26[D26xD26^9]
26  : G.^(2)_1,13     == +1/26[D26xD26^5]
26  : G.^(3)_1,13     == +1/26[D26xD26^11]
26  : G.^(4)_1,13     == +1/26[D26xD26^3]
26  : G.^(5)_1,13     == +1/26[D26xD26^7]
26  : G.^(6)_1,13     == +1/2[D2xD26^1]
28  : G.^(0)_1,14     == +1/28[D28xD28^1]
28  : G.^(1)_1,14     == +1/28[D28xD28^9]
28  : G.^(2)_1,14     == +1/28[D28xD28^11]
28  : G.^(3)_1,14     == +1/4[D4xD28^1]
28  : G.^(4)_1,14     == +1/28[D28xD28^3]
28  : G.^(5)_1,14     == +1/28[D28xD28^5]
28  : G.^(6)_1,14     == +1/28[D28xD28^13]
30  : G.^(0)_1,15     == +1/30[D30xD30^1]
30  : G.^(1)_1,15     == +1/10[D10xD30^1]
30  : G.^(2)_1,15     == +1/6[D6xD30^1]
30  : G.^(3)_1,15     == +1/30[D30xD30^13]
30  : G.^(4)_1,15     == +1/10[D10xD30^3]
30  : G.^(5)_1,15     == +1/30[D30xD30^11]
30  : G.^(6)_1,15     == +1/30[D30xD30^7]
30  : G.^(7)_1,15     == +1/2[D2xD30^1]
32  : G.^(0)_1,16     == +1/32[D32xD32^1]
32  : G.^(1)_1,16     == +1/32[D32xD32^11]
32  : G.^(2)_1,16     == +1/32[D32xD32^13]
32  : G.^(3)_1,16     == +1/32[D32xD32^9]
32  : G.^(4)_1,16     == +1/32[D32xD32^7]
32  : G.^(5)_1,16     == +1/32[D32xD32^3]
32  : G.^(6)_1,16     == +1/32[D32xD32^5]
32  : G.^(7)_1,16     == +1/32[D32xD32^15]
34  : G.^(0)_1,17     == +1/34[D34xD34^1]
34  : G.^(1)_1,17     == +1/34[D34xD34^11]
34  : G.^(2)_1,17     == +1/34[D34xD34^7]
34  : G.^(3)_1,17     == +1/34[D34xD34^5]
34  : G.^(4)_1,17     == +1/34[D34xD34^15]
34  : G.^(5)_1,17     == +1/34[D34xD34^3]
34  : G.^(6)_1,17     == +1/34[D34xD34^13]
34  : G.^(7)_1,17     == +1/34[D34xD34^9]
34  : G.^(8)_1,17     == +1/2[D2xD34^1]
36  : G.^(0)_1,18     == +1/36[D36xD36^1]
36  : G.^(1)_1,18     == +1/12[D12xD36^1]
36  : G.^(2)_1,18     == +1/36[D36xD36^7]
36  : G.^(3)_1,18     == +1/36[D36xD36^5]
36  : G.^(4)_1,18     == +1/4[D4xD36^1]
36  : G.^(5)_1,18     == +1/36[D36xD36^13]
36  : G.^(6)_1,18     == +1/36[D36xD36^11]
36  : G.^(7)_1,18     == +1/12[D12xD36^5]
36  : G.^(8)_1,18     == +1/36[D36xD36^17]
38  : G.^(0)_1,19     == +1/38[D38xD38^1]
38  : G.^(1)_1,19     == +1/38[D38xD38^13]
38  : G.^(2)_1,19     == +1/38[D38xD38^15]
38  : G.^(3)_1,19     == +1/38[D38xD38^11]
38  : G.^(4)_1,19     == +1/38[D38xD38^17]
38  : G.^(5)_1,19     == +1/38[D38xD38^7]
38  : G.^(6)_1,19     == +1/38[D38xD38^3]
38  : G.^(7)_1,19     == +1/38[D38xD38^5]
38  : G.^(8)_1,19     == +1/38[D38xD38^9]
38  : G.^(9)_1,19     == +1/2[D2xD38^1]
40  : G.^(0)_1,20     == +1/40[D40xD40^1]
40  : G.^(1)_1,20     == +1/40[D40xD40^13]
40  : G.^(2)_1,20     == +1/8[D8xD40^1]
40  : G.^(3)_1,20     == +1/40[D40xD40^17]
40  : G.^(4)_1,20     == +1/40[D40xD40^9]
40  : G.^(5)_1,20     == +1/40[D40xD40^11]
40  : G.^(6)_1,20     == +1/40[D40xD40^3]
40  : G.^(7)_1,20     == +1/8[D8xD40^3]
40  : G.^(8)_1,20     == +1/40[D40xD40^7]
40  : G.^(9)_1,20     == +1/40[D40xD40^19]
42  : G.^(0)_1,21     == +1/42[D42xD42^1]
42  : G.^(1)_1,21     == +1/14[D14xD42^1]
42  : G.^(2)_1,21     == +1/42[D42xD42^17]
42  : G.^(3)_1,21     == +1/6[D6xD42^1]
42  : G.^(4)_1,21     == +1/14[D14xD42^5]
42  : G.^(5)_1,21     == +1/42[D42xD42^19]
42  : G.^(6)_1,21     == +1/42[D42xD42^13]
42  : G.^(7)_1,21     == +1/14[D14xD42^3]
42  : G.^(8)_1,21     == +1/42[D42xD42^5]
42  : G.^(9)_1,21     == +1/42[D42xD42^11]
42  : G.^(10)_1,21    == +1/2[D2xD42^1]
44  : G.^(0)_1,22     == +1/44[D44xD44^1]
44  : G.^(1)_1,22     == +1/44[D44xD44^15]
44  : G.^(2)_1,22     == +1/44[D44xD44^9]
44  : G.^(3)_1,22     == +1/44[D44xD44^19]
44  : G.^(4)_1,22     == +1/44[D44xD44^5]
44  : G.^(5)_1,22     == +1/4[D4xD44^1]
44  : G.^(6)_1,22     == +1/44[D44xD44^17]
44  : G.^(7)_1,22     == +1/44[D44xD44^3]
44  : G.^(8)_1,22     == +1/44[D44xD44^13]
44  : G.^(9)_1,22     == +1/44[D44xD44^7]
44  : G.^(10)_1,22    == +1/44[D44xD44^21]
46  : G.^(0)_1,23     == +1/46[D46xD46^1]
46  : G.^(1)_1,23     == +1/46[D46xD46^15]
46  : G.^(2)_1,23     == +1/46[D46xD46^9]
46  : G.^(3)_1,23     == +1/46[D46xD46^13]
46  : G.^(4)_1,23     == +1/46[D46xD46^5]
46  : G.^(5)_1,23     == +1/46[D46xD46^21]
46  : G.^(6)_1,23     == +1/46[D46xD46^7]
46  : G.^(7)_1,23     == +1/46[D46xD46^3]
46  : G.^(8)_1,23     == +1/46[D46xD46^19]
46  : G.^(9)_1,23     == +1/46[D46xD46^17]
46  : G.^(10)_1,23    == +1/46[D46xD46^11]
46  : G.^(11)_1,23    == +1/2[D2xD46^1]
48  : G.^(0)_1,24     == +1/48[D48xD48^1]
48  : G.^(1)_1,24     == +1/16[D16xD48^1]
48  : G.^(2)_1,24     == +1/48[D48xD48^19]
48  : G.^(3)_1,24     == +1/48[D48xD48^7]
48  : G.^(4)_1,24     == +1/16[D16xD48^5]
48  : G.^(5)_1,24     == +1/48[D48xD48^13]
48  : G.^(6)_1,24     == +1/48[D48xD48^11]
48  : G.^(7)_1,24     == +1/16[D16xD48^3]
48  : G.^(8)_1,24     == +1/48[D48xD48^17]
48  : G.^(9)_1,24     == +1/48[D48xD48^5]
48  : G.^(10)_1,24    == +1/16[D16xD48^7]
48  : G.^(11)_1,24    == +1/48[D48xD48^23]
50  : G.^(0)_1,25     == +1/50[D50xD50^1]
50  : G.^(1)_1,25     == +1/50[D50xD50^17]
50  : G.^(2)_1,25     == +1/10[D10xD50^1]
50  : G.^(3)_1,25     == +1/50[D50xD50^7]
50  : G.^(4)_1,25     == +1/50[D50xD50^11]
50  : G.^(5)_1,25     == +1/50[D50xD50^9]
50  : G.^(6)_1,25     == +1/50[D50xD50^23]
50  : G.^(7)_1,25     == +1/10[D10xD50^3]
50  : G.^(8)_1,25     == +1/50[D50xD50^3]
50  : G.^(9)_1,25     == +1/50[D50xD50^21]
50  : G.^(10)_1,25    == +1/50[D50xD50^19]
50  : G.^(11)_1,25    == +1/50[D50xD50^13]
50  : G.^(12)_1,25    == +1/2[D2xD50^1]
8   : G.^(-1)_2,2     == +-1/2[D2xD4^0]
8   : G.^(0)_2,2      == +-1/4[D4xD4^1]
12  : G.^(-1)_2,3     == +-1/2[D2xD6^0]
12  : G.^(0)_2,3      == +-1/6[D6xD6^1]
16  : G.^(-1)_2,4     == +-1/2[D2xD8^0]
16  : G.^(0)_2,4      == +-1/8[D8xD8^1]
16  : G.^(1)_2,4      == +-1/4[D4xD8^1]
20  : G.^(-1)_2,5     == +-1/2[D2xD10^0]
20  : G.^(0)_2,5      == +-1/10[D10xD10^1]
20  : G.^(1)_2,5      == +-1/10[D10xD10^2]
24  : G.^(-1)_2,6     == +-1/2[D2xD12^0]
24  : G.^(0)_2,6      == +-1/12[D12xD12^1]
24  : G.^(1)_2,6      == +-1/6[D6xD12^1]
24  : G.^(2)_2,6      == +-1/4[D4xD12^1]
28  : G.^(-1)_2,7     == +-1/2[D2xD14^0]
28  : G.^(0)_2,7      == +-1/14[D14xD14^1]
28  : G.^(1)_2,7      == +-1/14[D14xD14^3]
28  : G.^(2)_2,7      == +-1/14[D14xD14^2]
32  : G.^(-1)_2,8     == +-1/2[D2xD16^0]
32  : G.^(0)_2,8      == +-1/16[D16xD16^1]
32  : G.^(1)_2,8      == +-1/8[D8xD16^1]
32  : G.^(2)_2,8      == +-1/16[D16xD16^3]
32  : G.^(3)_2,8      == +-1/4[D4xD16^1]
36  : G.^(-1)_2,9     == +-1/2[D2xD18^0]
36  : G.^(0)_2,9      == +-1/18[D18xD18^1]
36  : G.^(1)_2,9      == +-1/18[D18xD18^4]
36  : G.^(2)_2,9      == +-1/6[D6xD18^1]
36  : G.^(3)_2,9      == +-1/18[D18xD18^2]
40  : G.^(-1)_2,10    == +-1/2[D2xD20^0]
40  : G.^(0)_2,10     == +-1/20[D20xD20^1]
40  : G.^(1)_2,10     == +-1/10[D10xD20^1]
40  : G.^(2)_2,10     == +-1/20[D20xD20^3]
40  : G.^(3)_2,10     == +-1/10[D10xD20^2]
40  : G.^(4)_2,10     == +-1/4[D4xD20^1]
44  : G.^(-1)_2,11    == +-1/2[D2xD22^0]
44  : G.^(0)_2,11     == +-1/22[D22xD22^1]
44  : G.^(1)_2,11     == +-1/22[D22xD22^5]
44  : G.^(2)_2,11     == +-1/22[D22xD22^4]
44  : G.^(3)_2,11     == +-1/22[D22xD22^3]
44  : G.^(4)_2,11     == +-1/22[D22xD22^2]
48  : G.^(-1)_2,12    == +-1/2[D2xD24^0]
48  : G.^(0)_2,12     == +-1/24[D24xD24^1]
48  : G.^(1)_2,12     == +-1/12[D12xD24^1]
48  : G.^(2)_2,12     == +-1/8[D8xD24^1]
48  : G.^(3)_2,12     == +-1/6[D6xD24^1]
48  : G.^(4)_2,12     == +-1/24[D24xD24^5]
48  : G.^(5)_2,12     == +-1/4[D4xD24^1]
6   : G.^(-1)_3,1     == +1/2[D6xD2^1]
12  : G.^(-1)_3,2     == +1/4[D12xD4^1]
18  : G.^(-1)_3,3     == +1/6[D18xD6^1]
18  : G.^(0)_3,3      == +1/2[D6xD6^1]
24  : G.^(-1)_3,4     == +1/8[D24xD8^1]
24  : G.^(0)_3,4      == +1/8[D24xD8^3]
30  : G.^(-1)_3,5     == +1/10[D30xD10^1]
30  : G.^(0)_3,5      == +1/10[D30xD10^3]
30  : G.^(1)_3,5      == +1/2[D6xD10^1]
36  : G.^(-1)_3,6     == +1/12[D36xD12^1]
36  : G.^(0)_3,6      == +1/4[D12xD12^1]
36  : G.^(1)_3,6      == +1/12[D36xD12^5]
42  : G.^(-1)_3,7     == +1/14[D42xD14^1]
42  : G.^(0)_3,7      == +1/14[D42xD14^5]
42  : G.^(1)_3,7      == +1/14[D42xD14^3]
42  : G.^(2)_3,7      == +1/2[D6xD14^1]
48  : G.^(-1)_3,8     == +1/16[D48xD16^1]
48  : G.^(0)_3,8      == +1/16[D48xD16^5]
48  : G.^(1)_3,8      == +1/16[D48xD16^3]
48  : G.^(2)_3,8      == +1/16[D48xD16^7]
8   : G.^(-2)_4,1     == +-1/2[D4xD2^0]
16  : G.^(-2)_4,2     == +-1/2[D4xD4^0]
16  : G.^(-1)_4,2     == +-1/4[D8xD4^1]
24  : G.^(-2)_4,3     == +-1/2[D4xD6^0]
24  : G.^(-1)_4,3     == +-1/6[D12xD6^1]
32  : G.^(-2)_4,4     == +-1/2[D4xD8^0]
32  : G.^(-1)_4,4     == +-1/8[D16xD8^1]
32  : G.^(0)_4,4      == +-1/4[D8xD8^1]
40  : G.^(-2)_4,5     == +-1/2[D4xD10^0]
40  : G.^(-1)_4,5     == +-1/10[D20xD10^1]
40  : G.^(0)_4,5      == +-1/10[D20xD10^2]
48  : G.^(-2)_4,6     == +-1/2[D4xD12^0]
48  : G.^(-1)_4,6     == +-1/12[D24xD12^1]
48  : G.^(0)_4,6      == +-1/6[D12xD12^1]
48  : G.^(1)_4,6      == +-1/4[D8xD12^1]
10  : G.^(-2)_5,1     == +1/2[D10xD2^1]
20  : G.^(-2)_5,2     == +1/4[D20xD4^1]
30  : G.^(-2)_5,3     == +1/6[D30xD6^1]
30  : G.^(-1)_5,3     == +1/2[D10xD6^1]
40  : G.^(-2)_5,4     == +1/8[D40xD8^1]
40  : G.^(-1)_5,4     == +1/8[D40xD8^3]
50  : G.^(-2)_5,5     == +1/10[D50xD10^1]
50  : G.^(-1)_5,5     == +1/10[D50xD10^3]
50  : G.^(0)_5,5      == +1/2[D10xD10^1]
12  : G.^(-3)_6,1     == +-1/2[D6xD2^0]
24  : G.^(-3)_6,2     == +-1/2[D6xD4^0]
24  : G.^(-2)_6,2     == +-1/4[D12xD4^1]
36  : G.^(-3)_6,3     == +-1/2[D6xD6^0]
36  : G.^(-2)_6,3     == +-1/6[D18xD6^1]
48  : G.^(-3)_6,4     == +-1/2[D6xD8^0]
48  : G.^(-2)_6,4     == +-1/8[D24xD8^1]
48  : G.^(-1)_6,4     == +-1/4[D12xD8^1]
14  : G.^(-3)_7,1     == +1/2[D14xD2^1]
28  : G.^(-3)_7,2     == +1/4[D28xD4^1]
42  : G.^(-3)_7,3     == +1/6[D42xD6^1]
42  : G.^(-2)_7,3     == +1/2[D14xD6^1]
16  : G.^(-4)_8,1     == +-1/2[D8xD2^0]
32  : G.^(-4)_8,2     == +-1/2[D8xD4^0]
32  : G.^(-3)_8,2     == +-1/4[D16xD4^1]
48  : G.^(-4)_8,3     == +-1/2[D8xD6^0]
48  : G.^(-3)_8,3     == +-1/6[D24xD6^1]
18  : G.^(-4)_9,1     == +1/2[D18xD2^1]
36  : G.^(-4)_9,2     == +1/4[D36xD4^1]
20  : G.^(-5)_10,1    == +-1/2[D10xD2^0]
40  : G.^(-5)_10,2    == +-1/2[D10xD4^0]
40  : G.^(-4)_10,2    == +-1/4[D20xD4^1]
22  : G.^(-5)_11,1    == +1/2[D22xD2^1]
44  : G.^(-5)_11,2    == +1/4[D44xD4^1]
24  : G.^(-6)_12,1    == +-1/2[D12xD2^0]
48  : G.^(-6)_12,2    == +-1/2[D12xD4^0]
48  : G.^(-5)_12,2    == +-1/4[D24xD4^1]
26  : G.^(-6)_13,1    == +1/2[D26xD2^1]
28  : G.^(-7)_14,1    == +-1/2[D14xD2^0]
30  : G.^(-7)_15,1    == +1/2[D30xD2^1]
32  : G.^(-8)_16,1    == +-1/2[D16xD2^0]
34  : G.^(-8)_17,1    == +1/2[D34xD2^1]
36  : G.^(-9)_18,1    == +-1/2[D18xD2^0]
38  : G.^(-9)_19,1    == +1/2[D38xD2^1]
40  : G.^(-10)_20,1   == +-1/2[D20xD2^0]
42  : G.^(-10)_21,1   == +1/2[D42xD2^1]
44  : G.^(-11)_22,1   == +-1/2[D22xD2^0]
46  : G.^(-11)_23,1   == +1/2[D46xD2^1]
48  : G.^(-12)_24,1   == +-1/2[D24xD2^0]
50  : G.^(-12)_25,1   == +1/2[D50xD2^1]
8   : G/^pg_2,4       == +-[C1xD4]
12  : G/^pg_2,6       == +-[C1xD6]
16  : G/^pg_2,8       == +-[C1xD8]
20  : G/^pg_2,10      == +-[C1xD10]
24  : G/^pg_2,12      == +-[C1xD12]
28  : G/^pg_2,14      == +-[C1xD14]
32  : G/^pg_2,16      == +-[C1xD16]
36  : G/^pg_2,18      == +-[C1xD18]
40  : G/^pg_2,20      == +-[C1xD20]
44  : G/^pg_2,22      == +-[C1xD22]
48  : G/^pg_2,24      == +-[C1xD24]
8   : G\^pg_4,2       == +-[D4xC1]
16  : G\^pm_4,4       == +-[D4xC2]
16  : G\^pg_4,4       == +-1/2[D4xC4]
16  : G/^pm_4,4       == +-[C2xD4]
16  : G/^pg_4,4       == +-1/2[C4xD4]
24  : G\^pm_4,6       == +-1/2[D4xC6]
24  : G\^pg_4,6       == +-[D4xC3]
24  : G/^pm_4,6       == +-[C2xD6]
24  : G/^pg_4,6       == +-1/2[C4xD6]
32  : G\^pm_4,8       == +-[D4xC4]
32  : G\^pg_4,8       == +-1/2[D4xC8]
32  : G/^pm_4,8       == +-[C2xD8]
32  : G/^pg_4,8       == +-1/2[C4xD8]
16  : G/^cm_2,4       == +-1/2[C2xD'8]
40  : G\^pm_4,10      == +-1/2[D4xC10]
40  : G\^pg_4,10      == +-[D4xC5]
40  : G/^pm_4,10      == +-[C2xD10]
40  : G/^pg_4,10      == +-1/2[C4xD10]
48  : G\^pm_4,12      == +-[D4xC6]
48  : G\^pg_4,12      == +-1/2[D4xC12]
48  : G/^pm_4,12      == +-[C2xD12]
48  : G/^pg_4,12      == +-1/2[C4xD12]
24  : G/^cm_2,6       == +-1/2[C2xD'12]
32  : G/^cm_2,8       == +-1/2[C2xD'16]
40  : G/^cm_2,10      == +-1/2[C2xD'20]
48  : G/^cm_2,12      == +-1/2[C2xD'24]
12  : G\^pg_6,2       == +-[D6xC1]
24  : G\^pm_6,4       == +-[D6xC2]
24  : G\^pg_6,4       == +-1/2[D6xC4]
24  : G/^pm_6,4       == +-1/2[C6xD4]
24  : G/^pg_6,4       == +-[C3xD4]
36  : G\^pm_6,6       == +-1/2[D6xC6]
36  : G\^pg_6,6       == +-[D6xC3]
18  : G\^cm_3,3       == +1/2[D6xC6]
36  : G/^pm_6,6       == +-1/2[C6xD6]
36  : G/^pg_6,6       == +-[C3xD6]
18  : G/^cm_3,3       == +1/2[C6xD6]
48  : G\^pm_6,8       == +-[D6xC4]
48  : G\^pg_6,8       == +-1/2[D6xC8]
48  : G/^pm_6,8       == +-1/2[C6xD8]
48  : G/^pg_6,8       == +-[C3xD8]
30  : G\^cm_3,5       == +1/2[D6xC10]
30  : G/^cm_3,5       == +1/2[C6xD10]
42  : G\^cm_3,7       == +1/2[D6xC14]
42  : G/^cm_3,7       == +1/2[C6xD14]
16  : G\^pg_8,2       == +-[D8xC1]
32  : G\^pm_8,4       == +-[D8xC2]
32  : G\^pg_8,4       == +-1/2[D8xC4]
16  : G\^cm_4,2       == +-1/2[D'8xC2]
32  : G/^pm_8,4       == +-[C4xD4]
32  : G/^pg_8,4       == +-1/2[C8xD4]
48  : G\^pm_8,6       == +-1/2[D8xC6]
48  : G\^pg_8,6       == +-[D8xC3]
48  : G/^pm_8,6       == +-[C4xD6]
48  : G/^pg_8,6       == +-1/2[C8xD6]
32  : G\^cm_4,4       == +-1/2[D'8xC4]
32  : G/^cm_4,4       == +-1/2[C4xD'8]
48  : G\^cm_4,6       == +-1/2[D'8xC6]
48  : G/^cm_4,6       == +-1/2[C4xD'12]
20  : G\^pg_10,2      == +-[D10xC1]
40  : G\^pm_10,4      == +-[D10xC2]
40  : G\^pg_10,4      == +-1/2[D10xC4]
40  : G/^pm_10,4      == +-1/2[C10xD4]
40  : G/^pg_10,4      == +-[C5xD4]
30  : G\^cm_5,3       == +1/2[D10xC6]
30  : G/^cm_5,3       == +1/2[C10xD6]
50  : G\^cm_5,5       == +1/2[D10xC10]
50  : G/^cm_5,5       == +1/2[C10xD10]
24  : G\^pg_12,2      == +-[D12xC1]
48  : G\^pm_12,4      == +-[D12xC2]
48  : G\^pg_12,4      == +-1/2[D12xC4]
24  : G\^cm_6,2       == +-1/2[D'12xC2]
48  : G/^pm_12,4      == +-[C6xD4]
48  : G/^pg_12,4      == +-1/2[C12xD4]
48  : G\^cm_6,4       == +-1/2[D'12xC4]
48  : G/^cm_6,4       == +-1/2[C6xD'8]
28  : G\^pg_14,2      == +-[D14xC1]
42  : G\^cm_7,3       == +1/2[D14xC6]
42  : G/^cm_7,3       == +1/2[C14xD6]
32  : G\^pg_16,2      == +-[D16xC1]
32  : G\^cm_8,2       == +-1/2[D'16xC2]
36  : G\^pg_18,2      == +-[D18xC1]
40  : G\^pg_20,2      == +-[D20xC1]
40  : G\^cm_10,2      == +-1/2[D'20xC2]
44  : G\^pg_22,2      == +-[D22xC1]
48  : G\^pg_24,2      == +-[D24xC1]
48  : G\^cm_12,2      == +-1/2[D'24xC2]
32  : GX^pmm_4,4      == +-[D4xD4]
32  : GX^pgg_4,4      == +-1/4[D8xD'8]
32  : GX^pmg_4,4      == +-1/2[D4xD'8]
32  : GX^pgm_4,4      == +-1/2[D'8xD4]
48  : GX^pmm_4,6      == +-1/2[D4xD'12]
48  : GX^pgg_4,6      == +-1/2[D'8xD6]
48  : GX^pmg_4,6      == +-[D4xD6]
48  : GX^pgm_4,6      == +-1/4[D8xD'12]
48  : GX^pmm_6,4      == +-1/2[D'12xD4]
48  : GX^pgg_6,4      == +-1/2[D6xD'8]
48  : GX^pmg_6,4      == +-1/4[D12xD'8]
48  : GX^pgm_6,4      == +-[D6xD4]
36  : GX^cmm_3,3      == +1/4[D12xD'12]
