# groups up to order: 50
ord : our group       == CS group(s)
2   : G|^pm_1,1       == +1/1[C1xC1^1].2^(2)
4   : G|^pm_1,2       == +1/2[D2xD2^1].2^(1,0) == +1/2[C2xC2^3].2^(2)
6   : G|^pm_1,3       == +1/3[C3xC3^5].2^(2)
8   : G|^pm_1,4       == +1/4[C4xC4^7].2^(2)
10  : G|^pm_1,5       == +1/5[C5xC5^9].2^(2)
12  : G|^pm_1,6       == +1/6[C6xC6^11].2^(2)
14  : G|^pm_1,7       == +1/7[C7xC7^13].2^(2)
16  : G|^pm_1,8       == +1/8[C8xC8^15].2^(2)
18  : G|^pm_1,9       == +1/9[C9xC9^17].2^(2)
20  : G|^pm_1,10      == +1/10[C10xC10^19].2^(2)
22  : G|^pm_1,11      == +1/11[C11xC11^21].2^(2)
24  : G|^pm_1,12      == +1/12[C12xC12^23].2^(2)
26  : G|^pm_1,13      == +1/13[C13xC13^25].2^(2)
28  : G|^pm_1,14      == +1/14[C14xC14^27].2^(2)
30  : G|^pm_1,15      == +1/15[C15xC15^29].2^(2)
32  : G|^pm_1,16      == +1/16[C16xC16^31].2^(2)
34  : G|^pm_1,17      == +1/17[C17xC17^33].2^(2)
36  : G|^pm_1,18      == +1/18[C18xC18^35].2^(2)
38  : G|^pm_1,19      == +1/19[C19xC19^37].2^(2)
40  : G|^pm_1,20      == +1/20[C20xC20^39].2^(2)
42  : G|^pm_1,21      == +1/21[C21xC21^41].2^(2)
44  : G|^pm_1,22      == +1/22[C22xC22^43].2^(2)
46  : G|^pm_1,23      == +1/23[C23xC23^45].2^(2)
48  : G|^pm_1,24      == +1/24[C24xC24^47].2^(2)
50  : G|^pm_1,25      == +1/25[C25xC25^49].2^(2)
4   : G|^pm_2,1       == +1/2[D2xD2^1].2^(0,0) == +1/2[D2xD2^1].2^(0,2) == +1/2[C2xC2^1].2^(0)
8   : G|^pm_2,2       == +-1/2[D2xD2^0].2^(0,0) == +-1/2[D2xD2^0].2^(1,1) == +-1/2[C2xC2^1].2^(0)
12  : G|^pm_2,3       == +1/6[C6xC6^5].2^(0)
16  : G|^pm_2,4       == +-1/4[C4xC4^3].2^(0)
20  : G|^pm_2,5       == +1/10[C10xC10^9].2^(0)
24  : G|^pm_2,6       == +-1/6[C6xC6^5].2^(0)
28  : G|^pm_2,7       == +1/14[C14xC14^13].2^(0)
32  : G|^pm_2,8       == +-1/8[C8xC8^7].2^(0)
36  : G|^pm_2,9       == +1/18[C18xC18^17].2^(0)
40  : G|^pm_2,10      == +-1/10[C10xC10^9].2^(0)
44  : G|^pm_2,11      == +1/22[C22xC22^21].2^(0)
48  : G|^pm_2,12      == +-1/12[C12xC12^11].2^(0)
6   : G|^pm_3,1       == +1/3[C3xC3^1].2^(2)
12  : G|^pm_3,2       == +1/6[C6xC6^7].2^(2)
18  : G|^pm_3,3       == +1/1[C3xC3^1].2^(2)
24  : G|^pm_3,4       == +1/12[C12xC12^7].2^(2)
30  : G|^pm_3,5       == +1/15[C15xC15^19].2^(2)
36  : G|^pm_3,6       == +1/2[C6xC6^3].2^(2)
42  : G|^pm_3,7       == +1/21[C21xC21^13].2^(2)
48  : G|^pm_3,8       == +1/24[C24xC24^31].2^(2)
8   : G|^pm_4,1       == +1/4[C4xC4^1].2^(0)
16  : G|^pm_4,2       == +-1/4[C4xC4^1].2^(0)
24  : G|^pm_4,3       == +1/12[C12xC12^17].2^(0)
32  : G|^pm_4,4       == +-1/2[C4xC4^1].2^(0)
40  : G|^pm_4,5       == +1/20[C20xC20^9].2^(0)
48  : G|^pm_4,6       == +-1/12[C12xC12^5].2^(0)
10  : G|^pm_5,1       == +1/5[C5xC5^1].2^(2)
20  : G|^pm_5,2       == +1/10[C10xC10^11].2^(2)
30  : G|^pm_5,3       == +1/15[C15xC15^11].2^(2)
40  : G|^pm_5,4       == +1/20[C20xC20^31].2^(2)
50  : G|^pm_5,5       == +1/1[C5xC5^1].2^(2)
12  : G|^pm_6,1       == +1/6[C6xC6^1].2^(0)
24  : G|^pm_6,2       == +-1/6[C6xC6^1].2^(0)
36  : G|^pm_6,3       == +1/2[C6xC6^1].2^(0)
48  : G|^pm_6,4       == +-1/12[C12xC12^7].2^(0)
14  : G|^pm_7,1       == +1/7[C7xC7^1].2^(2)
28  : G|^pm_7,2       == +1/14[C14xC14^15].2^(2)
42  : G|^pm_7,3       == +1/21[C21xC21^29].2^(2)
16  : G|^pm_8,1       == +1/8[C8xC8^1].2^(0)
32  : G|^pm_8,2       == +-1/8[C8xC8^1].2^(0)
48  : G|^pm_8,3       == +1/24[C24xC24^17].2^(0)
18  : G|^pm_9,1       == +1/9[C9xC9^1].2^(2)
36  : G|^pm_9,2       == +1/18[C18xC18^19].2^(2)
20  : G|^pm_10,1      == +1/10[C10xC10^1].2^(0)
40  : G|^pm_10,2      == +-1/10[C10xC10^1].2^(0)
22  : G|^pm_11,1      == +1/11[C11xC11^1].2^(2)
44  : G|^pm_11,2      == +1/22[C22xC22^23].2^(2)
24  : G|^pm_12,1      == +1/12[C12xC12^1].2^(0)
48  : G|^pm_12,2      == +-1/12[C12xC12^1].2^(0)
26  : G|^pm_13,1      == +1/13[C13xC13^1].2^(2)
28  : G|^pm_14,1      == +1/14[C14xC14^1].2^(0)
30  : G|^pm_15,1      == +1/15[C15xC15^1].2^(2)
32  : G|^pm_16,1      == +1/16[C16xC16^1].2^(0)
34  : G|^pm_17,1      == +1/17[C17xC17^1].2^(2)
36  : G|^pm_18,1      == +1/18[C18xC18^1].2^(0)
38  : G|^pm_19,1      == +1/19[C19xC19^1].2^(2)
40  : G|^pm_20,1      == +1/20[C20xC20^1].2^(0)
42  : G|^pm_21,1      == +1/21[C21xC21^1].2^(2)
44  : G|^pm_22,1      == +1/22[C22xC22^1].2^(0)
46  : G|^pm_23,1      == +1/23[C23xC23^1].2^(2)
48  : G|^pm_24,1      == +1/24[C24xC24^1].2^(0)
50  : G|^pm_25,1      == +1/25[C25xC25^1].2^(2)
4   : G|^cm_1,1       == +-1/1[C1xC1^0].2^(0)
8   : G|^cm_1,2       == +1/4[C4xC4^3].2^(0)
12  : G|^cm_1,3       == +-1/3[C3xC3^2].2^(0)
16  : G|^cm_1,4       == +1/8[C8xC8^7].2^(0)
20  : G|^cm_1,5       == +-1/5[C5xC5^4].2^(0)
24  : G|^cm_1,6       == +1/12[C12xC12^11].2^(0)
28  : G|^cm_1,7       == +-1/7[C7xC7^6].2^(0)
32  : G|^cm_1,8       == +1/16[C16xC16^15].2^(0)
36  : G|^cm_1,9       == +-1/9[C9xC9^8].2^(0)
40  : G|^cm_1,10      == +1/20[C20xC20^19].2^(0)
44  : G|^cm_1,11      == +-1/11[C11xC11^10].2^(0)
48  : G|^cm_1,12      == +1/24[C24xC24^23].2^(0)
8   : G|^cm_2,1       == +1/4[C4xC4^5].2^(0)
16  : G|^cm_2,2       == +-[D2xD2].2 == +-1/1[C2xC2^0].2^(0)
24  : G|^cm_2,3       == +1/12[C12xC12^5].2^(0)
32  : G|^cm_2,4       == +-1/8[C8xC8^3].2^(0)
40  : G|^cm_2,5       == +1/20[C20xC20^29].2^(0)
48  : G|^cm_2,6       == +-1/3[C6xC6^2].2^(0)
12  : G|^cm_3,1       == +-1/3[C3xC3^1].2^(0)
24  : G|^cm_3,2       == +1/12[C12xC12^19].2^(0)
36  : G|^cm_3,3       == +-1/1[C3xC3^0].2^(0)
48  : G|^cm_3,4       == +1/24[C24xC24^7].2^(0)
16  : G|^cm_4,1       == +1/8[C8xC8^9].2^(0)
32  : G|^cm_4,2       == +-1/8[C8xC8^5].2^(0)
48  : G|^cm_4,3       == +1/24[C24xC24^41].2^(0)
20  : G|^cm_5,1       == +-1/5[C5xC5^1].2^(0)
40  : G|^cm_5,2       == +1/20[C20xC20^11].2^(0)
24  : G|^cm_6,1       == +1/12[C12xC12^13].2^(0)
48  : G|^cm_6,2       == +-1/3[C6xC6^1].2^(0)
28  : G|^cm_7,1       == +-1/7[C7xC7^1].2^(0)
32  : G|^cm_8,1       == +1/16[C16xC16^17].2^(0)
36  : G|^cm_9,1       == +-1/9[C9xC9^1].2^(0)
40  : G|^cm_10,1      == +1/20[C20xC20^21].2^(0)
44  : G|^cm_11,1      == +-1/11[C11xC11^1].2^(0)
48  : G|^cm_12,1      == +1/24[C24xC24^25].2^(0)
2   : G|^pg_1,1       == +1/1[C1xC1^1].2^(0)
4   : G|^pg_1,2       == +1/2[D2xD2^1].2^(1,2) == +1/2[C2xC2^3].2^(0)
6   : G|^pg_1,3       == +1/3[C3xC3^5].2^(0)
8   : G|^pg_1,4       == +1/4[C4xC4^7].2^(0)
10  : G|^pg_1,5       == +1/5[C5xC5^9].2^(0)
12  : G|^pg_1,6       == +1/6[C6xC6^11].2^(0)
14  : G|^pg_1,7       == +1/7[C7xC7^13].2^(0)
16  : G|^pg_1,8       == +1/8[C8xC8^15].2^(0)
18  : G|^pg_1,9       == +1/9[C9xC9^17].2^(0)
20  : G|^pg_1,10      == +1/10[C10xC10^19].2^(0)
22  : G|^pg_1,11      == +1/11[C11xC11^21].2^(0)
24  : G|^pg_1,12      == +1/12[C12xC12^23].2^(0)
26  : G|^pg_1,13      == +1/13[C13xC13^25].2^(0)
28  : G|^pg_1,14      == +1/14[C14xC14^27].2^(0)
30  : G|^pg_1,15      == +1/15[C15xC15^29].2^(0)
32  : G|^pg_1,16      == +1/16[C16xC16^31].2^(0)
34  : G|^pg_1,17      == +1/17[C17xC17^33].2^(0)
36  : G|^pg_1,18      == +1/18[C18xC18^35].2^(0)
38  : G|^pg_1,19      == +1/19[C19xC19^37].2^(0)
40  : G|^pg_1,20      == +1/20[C20xC20^39].2^(0)
42  : G|^pg_1,21      == +1/21[C21xC21^41].2^(0)
44  : G|^pg_1,22      == +1/22[C22xC22^43].2^(0)
46  : G|^pg_1,23      == +1/23[C23xC23^45].2^(0)
48  : G|^pg_1,24      == +1/24[C24xC24^47].2^(0)
50  : G|^pg_1,25      == +1/25[C25xC25^49].2^(0)
4   : G|^pg_2,1       == +1/2[D2xD2^1].-2 == +1/2[C2xC2^1].2^(1)
8   : G|^pg_2,2       == +-1/2[D2xD2^0].-2 == +-1/2[C2xC2^1].2^(1)
12  : G|^pg_2,3       == +1/6[C6xC6^5].2^(1)
16  : G|^pg_2,4       == +-1/4[C4xC4^3].2^(1)
20  : G|^pg_2,5       == +1/10[C10xC10^9].2^(1)
24  : G|^pg_2,6       == +-1/6[C6xC6^5].2^(1)
28  : G|^pg_2,7       == +1/14[C14xC14^13].2^(1)
32  : G|^pg_2,8       == +-1/8[C8xC8^7].2^(1)
36  : G|^pg_2,9       == +1/18[C18xC18^17].2^(1)
40  : G|^pg_2,10      == +-1/10[C10xC10^9].2^(1)
44  : G|^pg_2,11      == +1/22[C22xC22^21].2^(1)
48  : G|^pg_2,12      == +-1/12[C12xC12^11].2^(1)
6   : G|^pg_3,1       == +1/3[C3xC3^1].2^(0)
12  : G|^pg_3,2       == +1/6[C6xC6^7].2^(0)
18  : G|^pg_3,3       == +1/1[C3xC3^1].2^(0)
24  : G|^pg_3,4       == +1/12[C12xC12^7].2^(0)
30  : G|^pg_3,5       == +1/15[C15xC15^19].2^(0)
36  : G|^pg_3,6       == +1/2[C6xC6^3].2^(0)
42  : G|^pg_3,7       == +1/21[C21xC21^13].2^(0)
48  : G|^pg_3,8       == +1/24[C24xC24^31].2^(0)
8   : G|^pg_4,1       == +1/4[C4xC4^1].2^(1)
16  : G|^pg_4,2       == +-1/4[C4xC4^1].2^(1)
24  : G|^pg_4,3       == +1/12[C12xC12^17].2^(1)
32  : G|^pg_4,4       == +-1/2[C4xC4^1].2^(1)
40  : G|^pg_4,5       == +1/20[C20xC20^9].2^(1)
48  : G|^pg_4,6       == +-1/12[C12xC12^5].2^(1)
10  : G|^pg_5,1       == +1/5[C5xC5^1].2^(0)
20  : G|^pg_5,2       == +1/10[C10xC10^11].2^(0)
30  : G|^pg_5,3       == +1/15[C15xC15^11].2^(0)
40  : G|^pg_5,4       == +1/20[C20xC20^31].2^(0)
50  : G|^pg_5,5       == +1/1[C5xC5^1].2^(0)
12  : G|^pg_6,1       == +1/6[C6xC6^1].2^(1)
24  : G|^pg_6,2       == +-1/6[C6xC6^1].2^(1)
36  : G|^pg_6,3       == +1/2[C6xC6^1].2^(1)
48  : G|^pg_6,4       == +-1/12[C12xC12^7].2^(1)
14  : G|^pg_7,1       == +1/7[C7xC7^1].2^(0)
28  : G|^pg_7,2       == +1/14[C14xC14^15].2^(0)
42  : G|^pg_7,3       == +1/21[C21xC21^29].2^(0)
16  : G|^pg_8,1       == +1/8[C8xC8^1].2^(1)
32  : G|^pg_8,2       == +-1/8[C8xC8^1].2^(1)
48  : G|^pg_8,3       == +1/24[C24xC24^17].2^(1)
18  : G|^pg_9,1       == +1/9[C9xC9^1].2^(0)
36  : G|^pg_9,2       == +1/18[C18xC18^19].2^(0)
20  : G|^pg_10,1      == +1/10[C10xC10^1].2^(1)
40  : G|^pg_10,2      == +-1/10[C10xC10^1].2^(1)
22  : G|^pg_11,1      == +1/11[C11xC11^1].2^(0)
44  : G|^pg_11,2      == +1/22[C22xC22^23].2^(0)
24  : G|^pg_12,1      == +1/12[C12xC12^1].2^(1)
48  : G|^pg_12,2      == +-1/12[C12xC12^1].2^(1)
26  : G|^pg_13,1      == +1/13[C13xC13^1].2^(0)
28  : G|^pg_14,1      == +1/14[C14xC14^1].2^(1)
30  : G|^pg_15,1      == +1/15[C15xC15^1].2^(0)
32  : G|^pg_16,1      == +1/16[C16xC16^1].2^(1)
34  : G|^pg_17,1      == +1/17[C17xC17^1].2^(0)
36  : G|^pg_18,1      == +1/18[C18xC18^1].2^(1)
38  : G|^pg_19,1      == +1/19[C19xC19^1].2^(0)
40  : G|^pg_20,1      == +1/20[C20xC20^1].2^(1)
42  : G|^pg_21,1      == +1/21[C21xC21^1].2^(0)
44  : G|^pg_22,1      == +1/22[C22xC22^1].2^(1)
46  : G|^pg_23,1      == +1/23[C23xC23^1].2^(0)
48  : G|^pg_24,1      == +1/24[C24xC24^1].2^(1)
50  : G|^pg_25,1      == +1/25[C25xC25^1].2^(0)
8   : G+^pmm_2,1      == +1/4[D4xD4^1].2^(0,0)
16  : G+^pmm_2,2      == +-1/4[D4xD4^1].2^(0,0)
12  : G+^pmm_3,1      == +1/6[D6xD6^1].2^(1,0)
24  : G+^pmm_3,2      == +1/12[D12xD12^5].2^(0,0)
36  : G+^pmm_3,3      == +1/2[D6xD6^1].2^(1,0)
16  : G+^pmm_4,1      == +1/8[D8xD8^1].2^(0,0)
32  : G+^pmm_4,2      == +-1/8[D8xD8^1].2^(0,0)
48  : G+^pmm_4,3      == +1/24[D24xD24^7].2^(0,2)
20  : G+^pmm_5,1      == +1/10[D10xD10^1].2^(1,0)
40  : G+^pmm_5,2      == +1/20[D20xD20^9].2^(0,0)
24  : G+^pmm_6,1      == +1/12[D12xD12^1].2^(0,0)
48  : G+^pmm_6,2      == +-1/12[D12xD12^1].2^(0,0)
28  : G+^pmm_7,1      == +1/14[D14xD14^1].2^(1,0)
32  : G+^pmm_8,1      == +1/16[D16xD16^1].2^(0,0)
36  : G+^pmm_9,1      == +1/18[D18xD18^1].2^(1,0)
40  : G+^pmm_10,1     == +1/20[D20xD20^1].2^(0,0)
44  : G+^pmm_11,1     == +1/22[D22xD22^1].2^(1,0)
48  : G+^pmm_12,1     == +1/24[D24xD24^1].2^(0,0)
8   : G+^pmg_1,2      == +1/4[D4xD'4].2_1 == +1/4[D4xD4^1].2^(1,0)
12  : G+^pmg_1,3      == +1/6[D6xD6^1].2^(0,0)
16  : G+^pmg_1,4      == +1/8[D8xD8^1].2^(1,0)
20  : G+^pmg_1,5      == +1/10[D10xD10^1].2^(0,0)
24  : G+^pmg_1,6      == +1/12[D12xD12^1].2^(1,0)
28  : G+^pmg_1,7      == +1/14[D14xD14^1].2^(0,0)
32  : G+^pmg_1,8      == +1/16[D16xD16^1].2^(1,0)
36  : G+^pmg_1,9      == +1/18[D18xD18^1].2^(0,0)
40  : G+^pmg_1,10     == +1/20[D20xD20^1].2^(1,0)
44  : G+^pmg_1,11     == +1/22[D22xD22^1].2^(0,0)
48  : G+^pmg_1,12     == +1/24[D24xD24^1].2^(1,0)
8   : G+^pmg_2,1      == +1/4[D4xD4^1].2^(0,2)
16  : G+^pmg_2,2      == +-1/4[D4xD'4].2 == +-1/4[D4xD4^1].2^(1,0) == +-1/4[D4xD4^1].2^(1,1)
24  : G+^pmg_2,3      == +1/12[D12xD12^5].2^(0,2)
32  : G+^pmg_2,4      == +-1/8[D8xD8^1].2^(1,0)
40  : G+^pmg_2,5      == +1/20[D20xD20^9].2^(0,2)
48  : G+^pmg_2,6      == +-1/12[D12xD12^1].2^(1,0)
12  : G+^pmg_3,1      == +1/6[D6xD6^1].2^(0,2)
24  : G+^pmg_3,2      == +1/12[D12xD12^5].2^(1,2)
36  : G+^pmg_3,3      == +1/2[D6xD6^1].2^(0,0) == +1/2[D6xD6^1].2^(0,2)
48  : G+^pmg_3,4      == +1/24[D24xD24^7].2^(1,0)
16  : G+^pmg_4,1      == +1/8[D8xD8^1].2^(0,2)
32  : G+^pmg_4,2      == +-1/8[D8xD8^1].2^(0,1)
48  : G+^pmg_4,3      == +1/24[D24xD24^7].2^(0,0)
20  : G+^pmg_5,1      == +1/10[D10xD10^1].2^(0,2)
40  : G+^pmg_5,2      == +1/20[D20xD20^9].2^(1,0)
24  : G+^pmg_6,1      == +1/12[D12xD12^1].2^(0,2)
48  : G+^pmg_6,2      == +-1/12[D12xD12^1].2^(1,1)
28  : G+^pmg_7,1      == +1/14[D14xD14^1].2^(0,2)
32  : G+^pmg_8,1      == +1/16[D16xD16^1].2^(0,2)
36  : G+^pmg_9,1      == +1/18[D18xD18^1].2^(0,2)
40  : G+^pmg_10,1     == +1/20[D20xD20^1].2^(0,2)
44  : G+^pmg_11,1     == +1/22[D22xD22^1].2^(0,2)
48  : G+^pmg_12,1     == +1/24[D24xD24^1].2^(0,2)
8   : G+^pgg_2,1      == +1/4[D4xD'4].2_3 == +1/4[D4xD4^1].2^(1,2)
16  : G+^pgg_2,2      == +-1/4[D4xD4^1].2^(0,1) == +-1/4[D4xD4^1].-2
12  : G+^pgg_3,1      == +1/6[D6xD6^1].2^(1,2)
24  : G+^pgg_3,2      == +1/12[D12xD12^5].2^(1,0)
36  : G+^pgg_3,3      == +1/2[D6xD6^1].2^(1,2)
16  : G+^pgg_4,1      == +1/8[D8xD8^1].2^(1,2)
32  : G+^pgg_4,2      == +-1/8[D8xD8^1].2^(1,1)
48  : G+^pgg_4,3      == +1/24[D24xD24^7].2^(1,2)
20  : G+^pgg_5,1      == +1/10[D10xD10^1].2^(1,2)
40  : G+^pgg_5,2      == +1/20[D20xD20^9].2^(1,2)
24  : G+^pgg_6,1      == +1/12[D12xD12^1].2^(1,2)
48  : G+^pgg_6,2      == +-1/12[D12xD12^1].2^(0,1)
28  : G+^pgg_7,1      == +1/14[D14xD14^1].2^(1,2)
32  : G+^pgg_8,1      == +1/16[D16xD16^1].2^(1,2)
36  : G+^pgg_9,1      == +1/18[D18xD18^1].2^(1,2)
40  : G+^pgg_10,1     == +1/20[D20xD20^1].2^(1,2)
44  : G+^pgg_11,1     == +1/22[D22xD22^1].2^(1,2)
48  : G+^pgg_12,1     == +1/24[D24xD24^1].2^(1,2)
16  : G+^cmm_2,1      == +1/8[D8xD8^3].2^(0,0) == +1/8[D8xD8^3].2^(0,2)
32  : G+^cmm_2,2      == +-1/2[D'4xD'4].2 == +-1/2[D4xD4^0].2^(0,0) == +-1/2[D4xD4^0].2^(1,1)
24  : G+^cmm_3,1      == +-1/6[D6xD6^1].2^(0,0) == +-1/6[D6xD6^1].2^(1,0)
48  : G+^cmm_3,2      == +1/24[D24xD24^5].2^(0,0) == +1/24[D24xD24^5].2^(0,2)
32  : G+^cmm_4,1      == +1/16[D16xD16^7].2^(0,0) == +1/16[D16xD16^7].2^(0,2)
40  : G+^cmm_5,1      == +-1/10[D10xD10^1].2^(0,0) == +-1/10[D10xD10^1].2^(1,0)
48  : G+^cmm_6,1      == +1/24[D24xD24^11].2^(0,0) == +1/24[D24xD24^11].2^(0,2)
20  : GL_2,1          == +1/10[D10xD10^3].-2
32  : GL_2,2          == +-1/2[D'4xD'4].-2 == +-1/2[D4xD4^0].-2
36  : GL_3,0          == +1/2[D6xD6^1].-2
40  : GL_3,1          == +-1/10[D10xD10^2].-2
